[0.457s] Invoking command in '/home/shlok/motio_planning_ws/neo_nav2_py_costmap2D': PYTHONPATH=/home/shlok/motio_planning_ws/build/neo_nav2_py_costmap2D/prefix_override:/home/shlok/motio_planning_ws/install/neo_nav2_py_costmap2D/lib/python3.10/site-packages:${PYTHONPATH} /usr/bin/python3 -W ignore:setup.py install is deprecated setup.py egg_info --egg-base ../build/neo_nav2_py_costmap2D build --build-base /home/shlok/motio_planning_ws/build/neo_nav2_py_costmap2D/build install --record /home/shlok/motio_planning_ws/build/neo_nav2_py_costmap2D/install.log --single-version-externally-managed install_data
[0.587s] running egg_info
[0.588s] creating ../build/neo_nav2_py_costmap2D/neo_nav2_py_costmap2D.egg-info
[0.588s] writing ../build/neo_nav2_py_costmap2D/neo_nav2_py_costmap2D.egg-info/PKG-INFO
[0.588s] writing dependency_links to ../build/neo_nav2_py_costmap2D/neo_nav2_py_costmap2D.egg-info/dependency_links.txt
[0.588s] writing requirements to ../build/neo_nav2_py_costmap2D/neo_nav2_py_costmap2D.egg-info/requires.txt
[0.588s] writing top-level names to ../build/neo_nav2_py_costmap2D/neo_nav2_py_costmap2D.egg-info/top_level.txt
[0.588s] writing manifest file '../build/neo_nav2_py_costmap2D/neo_nav2_py_costmap2D.egg-info/SOURCES.txt'
[0.590s] reading manifest file '../build/neo_nav2_py_costmap2D/neo_nav2_py_costmap2D.egg-info/SOURCES.txt'
[0.590s] adding license file 'LICENSE'
[0.591s] writing manifest file '../build/neo_nav2_py_costmap2D/neo_nav2_py_costmap2D.egg-info/SOURCES.txt'
[0.591s] running build
[0.591s] running build_py
[0.591s] creating /home/shlok/motio_planning_ws/build/neo_nav2_py_costmap2D/build
[0.591s] creating /home/shlok/motio_planning_ws/build/neo_nav2_py_costmap2D/build/lib
[0.591s] creating /home/shlok/motio_planning_ws/build/neo_nav2_py_costmap2D/build/lib/neo_nav2_py_costmap2D
[0.591s] copying neo_nav2_py_costmap2D/costmap.py -> /home/shlok/motio_planning_ws/build/neo_nav2_py_costmap2D/build/lib/neo_nav2_py_costmap2D
[0.591s] copying neo_nav2_py_costmap2D/__init__.py -> /home/shlok/motio_planning_ws/build/neo_nav2_py_costmap2D/build/lib/neo_nav2_py_costmap2D
[0.591s] copying neo_nav2_py_costmap2D/line_iterator.py -> /home/shlok/motio_planning_ws/build/neo_nav2_py_costmap2D/build/lib/neo_nav2_py_costmap2D
[0.592s] copying neo_nav2_py_costmap2D/footprint_checker.py -> /home/shlok/motio_planning_ws/build/neo_nav2_py_costmap2D/build/lib/neo_nav2_py_costmap2D
[0.592s] running install
[0.592s] running install_lib
[0.592s] creating /home/shlok/motio_planning_ws/install/neo_nav2_py_costmap2D/lib/python3.10/site-packages/neo_nav2_py_costmap2D
[0.592s] copying /home/shlok/motio_planning_ws/build/neo_nav2_py_costmap2D/build/lib/neo_nav2_py_costmap2D/costmap.py -> /home/shlok/motio_planning_ws/install/neo_nav2_py_costmap2D/lib/python3.10/site-packages/neo_nav2_py_costmap2D
[0.592s] copying /home/shlok/motio_planning_ws/build/neo_nav2_py_costmap2D/build/lib/neo_nav2_py_costmap2D/__init__.py -> /home/shlok/motio_planning_ws/install/neo_nav2_py_costmap2D/lib/python3.10/site-packages/neo_nav2_py_costmap2D
[0.592s] copying /home/shlok/motio_planning_ws/build/neo_nav2_py_costmap2D/build/lib/neo_nav2_py_costmap2D/line_iterator.py -> /home/shlok/motio_planning_ws/install/neo_nav2_py_costmap2D/lib/python3.10/site-packages/neo_nav2_py_costmap2D
[0.592s] copying /home/shlok/motio_planning_ws/build/neo_nav2_py_costmap2D/build/lib/neo_nav2_py_costmap2D/footprint_checker.py -> /home/shlok/motio_planning_ws/install/neo_nav2_py_costmap2D/lib/python3.10/site-packages/neo_nav2_py_costmap2D
[0.592s] byte-compiling /home/shlok/motio_planning_ws/install/neo_nav2_py_costmap2D/lib/python3.10/site-packages/neo_nav2_py_costmap2D/costmap.py to costmap.cpython-310.pyc
[0.593s] byte-compiling /home/shlok/motio_planning_ws/install/neo_nav2_py_costmap2D/lib/python3.10/site-packages/neo_nav2_py_costmap2D/__init__.py to __init__.cpython-310.pyc
[0.593s] byte-compiling /home/shlok/motio_planning_ws/install/neo_nav2_py_costmap2D/lib/python3.10/site-packages/neo_nav2_py_costmap2D/line_iterator.py to line_iterator.cpython-310.pyc
[0.593s] byte-compiling /home/shlok/motio_planning_ws/install/neo_nav2_py_costmap2D/lib/python3.10/site-packages/neo_nav2_py_costmap2D/footprint_checker.py to footprint_checker.cpython-310.pyc
[0.593s] running install_data
[0.593s] creating /home/shlok/motio_planning_ws/install/neo_nav2_py_costmap2D/share/ament_index
[0.593s] creating /home/shlok/motio_planning_ws/install/neo_nav2_py_costmap2D/share/ament_index/resource_index
[0.593s] creating /home/shlok/motio_planning_ws/install/neo_nav2_py_costmap2D/share/ament_index/resource_index/packages
[0.593s] copying resource/neo_nav2_py_costmap2D -> /home/shlok/motio_planning_ws/install/neo_nav2_py_costmap2D/share/ament_index/resource_index/packages
[0.593s] copying package.xml -> /home/shlok/motio_planning_ws/install/neo_nav2_py_costmap2D/share/neo_nav2_py_costmap2D
[0.593s] running install_egg_info
[0.595s] Copying ../build/neo_nav2_py_costmap2D/neo_nav2_py_costmap2D.egg-info to /home/shlok/motio_planning_ws/install/neo_nav2_py_costmap2D/lib/python3.10/site-packages/neo_nav2_py_costmap2D-0.0.0-py3.10.egg-info
[0.595s] running install_scripts
[0.609s] writing list of installed files to '/home/shlok/motio_planning_ws/build/neo_nav2_py_costmap2D/install.log'
[0.624s] Invoked command in '/home/shlok/motio_planning_ws/neo_nav2_py_costmap2D' returned '0': PYTHONPATH=/home/shlok/motio_planning_ws/build/neo_nav2_py_costmap2D/prefix_override:/home/shlok/motio_planning_ws/install/neo_nav2_py_costmap2D/lib/python3.10/site-packages:${PYTHONPATH} /usr/bin/python3 -W ignore:setup.py install is deprecated setup.py egg_info --egg-base ../build/neo_nav2_py_costmap2D build --build-base /home/shlok/motio_planning_ws/build/neo_nav2_py_costmap2D/build install --record /home/shlok/motio_planning_ws/build/neo_nav2_py_costmap2D/install.log --single-version-externally-managed install_data
