[0.008s] Invoking command in '/home/shlok/motion_planning_mpc/build/neo_mpc_planner2': CMAKE_PREFIX_PATH=/opt/ros/humble /usr/bin/cmake /home/shlok/motion_planning_mpc -DCMAKE_INSTALL_PREFIX=/home/shlok/motion_planning_mpc/install/neo_mpc_planner2
[0.118s] -- The C compiler identification is GNU 11.4.0
[0.205s] -- The CXX compiler identification is GNU 11.4.0
[0.212s] -- Detecting C compiler ABI info
[0.259s] -- Detecting C compiler ABI info - done
[0.263s] -- Check for working C compiler: /usr/bin/cc - skipped
[0.264s] -- Detecting C compile features
[0.264s] -- Detecting C compile features - done
[0.267s] -- Detecting CXX compiler ABI info
[0.314s] -- Detecting CXX compiler ABI info - done
[0.319s] -- Check for working CXX compiler: /usr/bin/c++ - skipped
[0.319s] -- Detecting CXX compile features
[0.319s] -- Detecting CXX compile features - done
[0.324s] -- Found ament_cmake: 1.3.9 (/opt/ros/humble/share/ament_cmake/cmake)
[0.416s] -- Found Python3: /usr/bin/python3 (found version "3.10.12") found components: Interpreter 
[0.482s] -- Found nav2_common: 1.1.15 (/opt/ros/humble/share/nav2_common/cmake)
[0.484s] -- Found nav2_core: 1.1.15 (/opt/ros/humble/share/nav2_core/cmake)
[0.523s] -- Found rosidl_generator_c: 3.1.5 (/opt/ros/humble/share/rosidl_generator_c/cmake)
[0.526s] -- Found rosidl_adapter: 3.1.5 (/opt/ros/humble/share/rosidl_adapter/cmake)
[0.535s] -- Found rosidl_generator_cpp: 3.1.5 (/opt/ros/humble/share/rosidl_generator_cpp/cmake)
[0.546s] -- Using all available rosidl_typesupport_c: rosidl_typesupport_fastrtps_c;rosidl_typesupport_introspection_c
[0.561s] -- Using all available rosidl_typesupport_cpp: rosidl_typesupport_fastrtps_cpp;rosidl_typesupport_introspection_cpp
[0.615s] -- Found rmw_implementation_cmake: 6.1.2 (/opt/ros/humble/share/rmw_implementation_cmake/cmake)
[0.618s] -- Found rmw_fastrtps_cpp: 6.2.6 (/opt/ros/humble/share/rmw_fastrtps_cpp/cmake)
[0.683s] -- Found OpenSSL: /usr/lib/x86_64-linux-gnu/libcrypto.so (found version "3.0.2")  
[0.699s] -- Found FastRTPS: /opt/ros/humble/include  
[0.726s] -- Using RMW implementation 'rmw_fastrtps_cpp' as default
[0.734s] -- Looking for pthread.h
[0.785s] -- Looking for pthread.h - found
[0.785s] -- Performing Test CMAKE_HAVE_LIBC_PTHREAD
[0.828s] -- Performing Test CMAKE_HAVE_LIBC_PTHREAD - Success
[0.828s] -- Found Threads: TRUE  
[1.577s] -- Found Eigen3: TRUE (found version "3.4.0") 
[1.577s] -- Ensuring Eigen3 include directory is part of orocos-kdl CMake target
[2.507s] -- Found tf2_eigen: 0.25.7 (/opt/ros/humble/share/tf2_eigen/cmake)
[2.516s] [31mCMake Error at CMakeLists.txt:18 (find_package):
[2.516s]   By not providing "Findneo_srvs2.cmake" in CMAKE_MODULE_PATH this project
[2.516s]   has asked CMake to find a package configuration file provided by
[2.516s]   "neo_srvs2", but CMake did not find one.
[2.517s] 
[2.517s]   Could not find a package configuration file provided by "neo_srvs2" with
[2.517s]   any of the following names:
[2.517s] 
[2.517s]     neo_srvs2Config.cmake
[2.517s]     neo_srvs2-config.cmake
[2.517s] 
[2.517s]   Add the installation prefix of "neo_srvs2" to CMAKE_PREFIX_PATH or set
[2.517s]   "neo_srvs2_DIR" to a directory containing one of the above files.  If
[2.517s]   "neo_srvs2" provides a separate development package or SDK, be sure it has
[2.517s]   been installed.
[2.517s] 
[2.517s] [0m
[2.517s] -- Configuring incomplete, errors occurred!
[2.517s] See also "/home/shlok/motion_planning_mpc/build/neo_mpc_planner2/CMakeFiles/CMakeOutput.log".
[2.523s] Invoked command in '/home/shlok/motion_planning_mpc/build/neo_mpc_planner2' returned '1': CMAKE_PREFIX_PATH=/opt/ros/humble /usr/bin/cmake /home/shlok/motion_planning_mpc -DCMAKE_INSTALL_PREFIX=/home/shlok/motion_planning_mpc/install/neo_mpc_planner2
