[0.009s] Invoking command in '/home/shlok/motio_planning_ws/build/neo_srvs2': CMAKE_PREFIX_PATH=/opt/ros/humble /usr/bin/cmake --build /home/shlok/motio_planning_ws/build/neo_srvs2 -- -j16 -l16
[0.037s] [35m[1mConsolidate compiler generated dependencies of target neo_srvs2__rosidl_generator_c[0m
[0.042s] [  0%] Built target neo_srvs2__cpp
[0.045s] [ 12%] Built target neo_srvs2__rosidl_generator_c
[0.048s] [ 12%] Built target ament_cmake_python_copy_neo_srvs2
[0.050s] [35m[1mConsolidate compiler generated dependencies of target neo_srvs2__rosidl_typesupport_cpp[0m
[0.052s] [35m[1mConsolidate compiler generated dependencies of target neo_srvs2__rosidl_typesupport_fastrtps_cpp[0m
[0.054s] [35m[1mConsolidate compiler generated dependencies of target neo_srvs2__rosidl_typesupport_introspection_cpp[0m
[0.055s] [35m[1mConsolidate compiler generated dependencies of target neo_srvs2__rosidl_typesupport_c[0m
[0.055s] [35m[1mConsolidate compiler generated dependencies of target neo_srvs2__rosidl_typesupport_introspection_c[0m
[0.057s] [35m[1mConsolidate compiler generated dependencies of target neo_srvs2__rosidl_typesupport_fastrtps_c[0m
[0.062s] [ 24%] Built target neo_srvs2__rosidl_typesupport_cpp
[0.066s] [ 36%] Built target neo_srvs2__rosidl_typesupport_fastrtps_cpp
[0.066s] [ 49%] Built target neo_srvs2__rosidl_typesupport_introspection_c
[0.067s] [ 60%] Built target neo_srvs2__rosidl_typesupport_c
[0.072s] [ 72%] Built target neo_srvs2__rosidl_typesupport_introspection_cpp
[0.076s] [ 84%] Built target neo_srvs2__rosidl_typesupport_fastrtps_c
[0.088s] [ 84%] Built target neo_srvs2
[0.101s] [ 85%] Built target neo_srvs2__py
[0.109s] [35m[1mConsolidate compiler generated dependencies of target neo_srvs2__rosidl_generator_py[0m
[0.122s] [ 96%] Built target neo_srvs2__rosidl_generator_py
[0.128s] [35m[1mConsolidate compiler generated dependencies of target neo_srvs2__rosidl_typesupport_fastrtps_c__pyext[0m
[0.128s] [35m[1mConsolidate compiler generated dependencies of target neo_srvs2__rosidl_typesupport_introspection_c__pyext[0m
[0.131s] [35m[1mConsolidate compiler generated dependencies of target neo_srvs2__rosidl_typesupport_c__pyext[0m
[0.137s] [ 98%] Built target neo_srvs2__rosidl_typesupport_fastrtps_c__pyext
[0.137s] [ 99%] Built target neo_srvs2__rosidl_typesupport_introspection_c__pyext
[0.142s] [100%] Built target neo_srvs2__rosidl_typesupport_c__pyext
[0.185s] running egg_info
[0.185s] writing neo_srvs2.egg-info/PKG-INFO
[0.185s] writing dependency_links to neo_srvs2.egg-info/dependency_links.txt
[0.185s] writing top-level names to neo_srvs2.egg-info/top_level.txt
[0.186s] reading manifest file 'neo_srvs2.egg-info/SOURCES.txt'
[0.187s] writing manifest file 'neo_srvs2.egg-info/SOURCES.txt'
[0.203s] [100%] Built target ament_cmake_python_build_neo_srvs2_egg
[0.211s] Invoked command in '/home/shlok/motio_planning_ws/build/neo_srvs2' returned '0': CMAKE_PREFIX_PATH=/opt/ros/humble /usr/bin/cmake --build /home/shlok/motio_planning_ws/build/neo_srvs2 -- -j16 -l16
[0.350s] Invoking command in '/home/shlok/motio_planning_ws/build/neo_srvs2': CMAKE_PREFIX_PATH=/opt/ros/humble /usr/bin/cmake --install /home/shlok/motio_planning_ws/build/neo_srvs2
[0.355s] -- Install configuration: ""
[0.356s] -- Up-to-date: /home/shlok/motio_planning_ws/install/neo_srvs2/share/ament_index/resource_index/rosidl_interfaces/neo_srvs2
[0.356s] -- Up-to-date: /home/shlok/motio_planning_ws/install/neo_srvs2/include/neo_srvs2/neo_srvs2
[0.356s] -- Up-to-date: /home/shlok/motio_planning_ws/install/neo_srvs2/include/neo_srvs2/neo_srvs2/srv
[0.357s] -- Up-to-date: /home/shlok/motio_planning_ws/install/neo_srvs2/include/neo_srvs2/neo_srvs2/srv/io_board_set_dig_out.h
[0.357s] -- Up-to-date: /home/shlok/motio_planning_ws/install/neo_srvs2/include/neo_srvs2/neo_srvs2/srv/reset_omni_wheels.h
[0.357s] -- Up-to-date: /home/shlok/motio_planning_ws/install/neo_srvs2/include/neo_srvs2/neo_srvs2/srv/relay_board_un_set_em_stop.h
[0.357s] -- Up-to-date: /home/shlok/motio_planning_ws/install/neo_srvs2/include/neo_srvs2/neo_srvs2/srv/relay_board_set_led.h
[0.357s] -- Up-to-date: /home/shlok/motio_planning_ws/install/neo_srvs2/include/neo_srvs2/neo_srvs2/srv/optimizer.h
[0.357s] -- Up-to-date: /home/shlok/motio_planning_ws/install/neo_srvs2/include/neo_srvs2/neo_srvs2/srv/relay_board_set_lcd_msg.h
[0.357s] -- Up-to-date: /home/shlok/motio_planning_ws/install/neo_srvs2/include/neo_srvs2/neo_srvs2/srv/relay_board_set_relay.h
[0.357s] -- Up-to-date: /home/shlok/motio_planning_ws/install/neo_srvs2/include/neo_srvs2/neo_srvs2/srv/us_board_toggle_sensor.h
[0.357s] -- Up-to-date: /home/shlok/motio_planning_ws/install/neo_srvs2/include/neo_srvs2/neo_srvs2/srv/detail
[0.357s] -- Up-to-date: /home/shlok/motio_planning_ws/install/neo_srvs2/include/neo_srvs2/neo_srvs2/srv/detail/optimizer__struct.h
[0.357s] -- Up-to-date: /home/shlok/motio_planning_ws/install/neo_srvs2/include/neo_srvs2/neo_srvs2/srv/detail/lock_platform__functions.c
[0.358s] -- Up-to-date: /home/shlok/motio_planning_ws/install/neo_srvs2/include/neo_srvs2/neo_srvs2/srv/detail/unlock_platform__functions.h
[0.358s] -- Up-to-date: /home/shlok/motio_planning_ws/install/neo_srvs2/include/neo_srvs2/neo_srvs2/srv/detail/us_board_toggle_sensor__type_support.h
[0.358s] -- Up-to-date: /home/shlok/motio_planning_ws/install/neo_srvs2/include/neo_srvs2/neo_srvs2/srv/detail/relay_board_set_relay__type_support.h
[0.358s] -- Up-to-date: /home/shlok/motio_planning_ws/install/neo_srvs2/include/neo_srvs2/neo_srvs2/srv/detail/relay_board_set_relay__functions.h
[0.358s] -- Up-to-date: /home/shlok/motio_planning_ws/install/neo_srvs2/include/neo_srvs2/neo_srvs2/srv/detail/lock_platform__type_support.h
[0.358s] -- Up-to-date: /home/shlok/motio_planning_ws/install/neo_srvs2/include/neo_srvs2/neo_srvs2/srv/detail/optimizer__functions.h
[0.358s] -- Up-to-date: /home/shlok/motio_planning_ws/install/neo_srvs2/include/neo_srvs2/neo_srvs2/srv/detail/lock_platform__struct.h
[0.358s] -- Up-to-date: /home/shlok/motio_planning_ws/install/neo_srvs2/include/neo_srvs2/neo_srvs2/srv/detail/relay_board_un_set_em_stop__functions.h
[0.358s] -- Up-to-date: /home/shlok/motio_planning_ws/install/neo_srvs2/include/neo_srvs2/neo_srvs2/srv/detail/set_safety_field__struct.h
[0.358s] -- Up-to-date: /home/shlok/motio_planning_ws/install/neo_srvs2/include/neo_srvs2/neo_srvs2/srv/detail/relay_board_set_lcd_msg__type_support.h
[0.358s] -- Up-to-date: /home/shlok/motio_planning_ws/install/neo_srvs2/include/neo_srvs2/neo_srvs2/srv/detail/relay_board_un_set_em_stop__functions.c
[0.358s] -- Up-to-date: /home/shlok/motio_planning_ws/install/neo_srvs2/include/neo_srvs2/neo_srvs2/srv/detail/relay_board_set_led__functions.h
[0.358s] -- Up-to-date: /home/shlok/motio_planning_ws/install/neo_srvs2/include/neo_srvs2/neo_srvs2/srv/detail/relay_board_set_lcd_msg__functions.c
[0.358s] -- Up-to-date: /home/shlok/motio_planning_ws/install/neo_srvs2/include/neo_srvs2/neo_srvs2/srv/detail/relay_board_set_em_stop__struct.h
[0.358s] -- Up-to-date: /home/shlok/motio_planning_ws/install/neo_srvs2/include/neo_srvs2/neo_srvs2/srv/detail/optimizer__functions.c
[0.358s] -- Up-to-date: /home/shlok/motio_planning_ws/install/neo_srvs2/include/neo_srvs2/neo_srvs2/srv/detail/us_board_toggle_sensor__struct.h
[0.358s] -- Up-to-date: /home/shlok/motio_planning_ws/install/neo_srvs2/include/neo_srvs2/neo_srvs2/srv/detail/io_board_set_dig_out__struct.h
[0.359s] -- Up-to-date: /home/shlok/motio_planning_ws/install/neo_srvs2/include/neo_srvs2/neo_srvs2/srv/detail/relay_board_set_em_stop__functions.h
[0.359s] -- Up-to-date: /home/shlok/motio_planning_ws/install/neo_srvs2/include/neo_srvs2/neo_srvs2/srv/detail/io_board_set_dig_out__functions.c
[0.359s] -- Up-to-date: /home/shlok/motio_planning_ws/install/neo_srvs2/include/neo_srvs2/neo_srvs2/srv/detail/set_safety_field__functions.c
[0.359s] -- Up-to-date: /home/shlok/motio_planning_ws/install/neo_srvs2/include/neo_srvs2/neo_srvs2/srv/detail/relay_board_set_relay__struct.h
[0.359s] -- Up-to-date: /home/shlok/motio_planning_ws/install/neo_srvs2/include/neo_srvs2/neo_srvs2/srv/detail/lock_platform__functions.h
[0.359s] -- Up-to-date: /home/shlok/motio_planning_ws/install/neo_srvs2/include/neo_srvs2/neo_srvs2/srv/detail/relay_board_set_lcd_msg__struct.h
[0.359s] -- Up-to-date: /home/shlok/motio_planning_ws/install/neo_srvs2/include/neo_srvs2/neo_srvs2/srv/detail/reset_omni_wheels__functions.h
[0.359s] -- Up-to-date: /home/shlok/motio_planning_ws/install/neo_srvs2/include/neo_srvs2/neo_srvs2/srv/detail/relay_board_set_relay__functions.c
[0.359s] -- Up-to-date: /home/shlok/motio_planning_ws/install/neo_srvs2/include/neo_srvs2/neo_srvs2/srv/detail/optimizer__type_support.h
[0.359s] -- Up-to-date: /home/shlok/motio_planning_ws/install/neo_srvs2/include/neo_srvs2/neo_srvs2/srv/detail/set_safety_field__type_support.h
[0.359s] -- Up-to-date: /home/shlok/motio_planning_ws/install/neo_srvs2/include/neo_srvs2/neo_srvs2/srv/detail/relay_board_set_led__struct.h
[0.359s] -- Up-to-date: /home/shlok/motio_planning_ws/install/neo_srvs2/include/neo_srvs2/neo_srvs2/srv/detail/set_safety_field__functions.h
[0.359s] -- Up-to-date: /home/shlok/motio_planning_ws/install/neo_srvs2/include/neo_srvs2/neo_srvs2/srv/detail/io_board_set_dig_out__functions.h
[0.359s] -- Up-to-date: /home/shlok/motio_planning_ws/install/neo_srvs2/include/neo_srvs2/neo_srvs2/srv/detail/initialize_contour_matching__type_support.h
[0.359s] -- Up-to-date: /home/shlok/motio_planning_ws/install/neo_srvs2/include/neo_srvs2/neo_srvs2/srv/detail/us_board_toggle_sensor__functions.h
[0.359s] -- Up-to-date: /home/shlok/motio_planning_ws/install/neo_srvs2/include/neo_srvs2/neo_srvs2/srv/detail/reset_omni_wheels__struct.h
[0.359s] -- Up-to-date: /home/shlok/motio_planning_ws/install/neo_srvs2/include/neo_srvs2/neo_srvs2/srv/detail/io_board_set_dig_out__type_support.h
[0.359s] -- Up-to-date: /home/shlok/motio_planning_ws/install/neo_srvs2/include/neo_srvs2/neo_srvs2/srv/detail/relay_board_set_led__type_support.h
[0.359s] -- Up-to-date: /home/shlok/motio_planning_ws/install/neo_srvs2/include/neo_srvs2/neo_srvs2/srv/detail/unlock_platform__struct.h
[0.359s] -- Up-to-date: /home/shlok/motio_planning_ws/install/neo_srvs2/include/neo_srvs2/neo_srvs2/srv/detail/relay_board_set_lcd_msg__functions.h
[0.359s] -- Up-to-date: /home/shlok/motio_planning_ws/install/neo_srvs2/include/neo_srvs2/neo_srvs2/srv/detail/initialize_contour_matching__functions.c
[0.359s] -- Up-to-date: /home/shlok/motio_planning_ws/install/neo_srvs2/include/neo_srvs2/neo_srvs2/srv/detail/relay_board_set_em_stop__type_support.h
[0.359s] -- Up-to-date: /home/shlok/motio_planning_ws/install/neo_srvs2/include/neo_srvs2/neo_srvs2/srv/detail/relay_board_un_set_em_stop__struct.h
[0.359s] -- Up-to-date: /home/shlok/motio_planning_ws/install/neo_srvs2/include/neo_srvs2/neo_srvs2/srv/detail/unlock_platform__functions.c
[0.359s] -- Up-to-date: /home/shlok/motio_planning_ws/install/neo_srvs2/include/neo_srvs2/neo_srvs2/srv/detail/us_board_toggle_sensor__functions.c
[0.359s] -- Up-to-date: /home/shlok/motio_planning_ws/install/neo_srvs2/include/neo_srvs2/neo_srvs2/srv/detail/reset_omni_wheels__functions.c
[0.359s] -- Up-to-date: /home/shlok/motio_planning_ws/install/neo_srvs2/include/neo_srvs2/neo_srvs2/srv/detail/reset_omni_wheels__type_support.h
[0.359s] -- Up-to-date: /home/shlok/motio_planning_ws/install/neo_srvs2/include/neo_srvs2/neo_srvs2/srv/detail/relay_board_un_set_em_stop__type_support.h
[0.359s] -- Up-to-date: /home/shlok/motio_planning_ws/install/neo_srvs2/include/neo_srvs2/neo_srvs2/srv/detail/relay_board_set_led__functions.c
[0.359s] -- Up-to-date: /home/shlok/motio_planning_ws/install/neo_srvs2/include/neo_srvs2/neo_srvs2/srv/detail/initialize_contour_matching__struct.h
[0.359s] -- Up-to-date: /home/shlok/motio_planning_ws/install/neo_srvs2/include/neo_srvs2/neo_srvs2/srv/detail/initialize_contour_matching__functions.h
[0.359s] -- Up-to-date: /home/shlok/motio_planning_ws/install/neo_srvs2/include/neo_srvs2/neo_srvs2/srv/detail/unlock_platform__type_support.h
[0.359s] -- Up-to-date: /home/shlok/motio_planning_ws/install/neo_srvs2/include/neo_srvs2/neo_srvs2/srv/detail/relay_board_set_em_stop__functions.c
[0.359s] -- Up-to-date: /home/shlok/motio_planning_ws/install/neo_srvs2/include/neo_srvs2/neo_srvs2/srv/relay_board_set_em_stop.h
[0.359s] -- Up-to-date: /home/shlok/motio_planning_ws/install/neo_srvs2/include/neo_srvs2/neo_srvs2/srv/initialize_contour_matching.h
[0.359s] -- Up-to-date: /home/shlok/motio_planning_ws/install/neo_srvs2/include/neo_srvs2/neo_srvs2/srv/set_safety_field.h
[0.359s] -- Up-to-date: /home/shlok/motio_planning_ws/install/neo_srvs2/include/neo_srvs2/neo_srvs2/srv/lock_platform.h
[0.359s] -- Up-to-date: /home/shlok/motio_planning_ws/install/neo_srvs2/include/neo_srvs2/neo_srvs2/srv/unlock_platform.h
[0.359s] -- Up-to-date: /home/shlok/motio_planning_ws/install/neo_srvs2/include/neo_srvs2/neo_srvs2/msg
[0.359s] -- Up-to-date: /home/shlok/motio_planning_ws/install/neo_srvs2/include/neo_srvs2/neo_srvs2/msg/rosidl_generator_c__visibility_control.h
[0.360s] -- Up-to-date: /home/shlok/motio_planning_ws/install/neo_srvs2/share/neo_srvs2/environment/library_path.sh
[0.360s] -- Up-to-date: /home/shlok/motio_planning_ws/install/neo_srvs2/share/neo_srvs2/environment/library_path.dsv
[0.360s] -- Up-to-date: /home/shlok/motio_planning_ws/install/neo_srvs2/lib/libneo_srvs2__rosidl_generator_c.so
[0.360s] -- Up-to-date: /home/shlok/motio_planning_ws/install/neo_srvs2/include/neo_srvs2/neo_srvs2
[0.360s] -- Up-to-date: /home/shlok/motio_planning_ws/install/neo_srvs2/include/neo_srvs2/neo_srvs2/srv
[0.360s] -- Up-to-date: /home/shlok/motio_planning_ws/install/neo_srvs2/include/neo_srvs2/neo_srvs2/srv/detail
[0.360s] -- Up-to-date: /home/shlok/motio_planning_ws/install/neo_srvs2/include/neo_srvs2/neo_srvs2/srv/detail/unlock_platform__rosidl_typesupport_fastrtps_c.h
[0.360s] -- Up-to-date: /home/shlok/motio_planning_ws/install/neo_srvs2/include/neo_srvs2/neo_srvs2/srv/detail/relay_board_un_set_em_stop__rosidl_typesupport_fastrtps_c.h
[0.360s] -- Up-to-date: /home/shlok/motio_planning_ws/install/neo_srvs2/include/neo_srvs2/neo_srvs2/srv/detail/relay_board_set_em_stop__rosidl_typesupport_fastrtps_c.h
[0.360s] -- Up-to-date: /home/shlok/motio_planning_ws/install/neo_srvs2/include/neo_srvs2/neo_srvs2/srv/detail/relay_board_set_led__rosidl_typesupport_fastrtps_c.h
[0.360s] -- Up-to-date: /home/shlok/motio_planning_ws/install/neo_srvs2/include/neo_srvs2/neo_srvs2/srv/detail/relay_board_set_relay__rosidl_typesupport_fastrtps_c.h
[0.360s] -- Up-to-date: /home/shlok/motio_planning_ws/install/neo_srvs2/include/neo_srvs2/neo_srvs2/srv/detail/initialize_contour_matching__rosidl_typesupport_fastrtps_c.h
[0.360s] -- Up-to-date: /home/shlok/motio_planning_ws/install/neo_srvs2/include/neo_srvs2/neo_srvs2/srv/detail/optimizer__rosidl_typesupport_fastrtps_c.h
[0.360s] -- Up-to-date: /home/shlok/motio_planning_ws/install/neo_srvs2/include/neo_srvs2/neo_srvs2/srv/detail/set_safety_field__rosidl_typesupport_fastrtps_c.h
[0.360s] -- Up-to-date: /home/shlok/motio_planning_ws/install/neo_srvs2/include/neo_srvs2/neo_srvs2/srv/detail/reset_omni_wheels__rosidl_typesupport_fastrtps_c.h
[0.360s] -- Up-to-date: /home/shlok/motio_planning_ws/install/neo_srvs2/include/neo_srvs2/neo_srvs2/srv/detail/us_board_toggle_sensor__rosidl_typesupport_fastrtps_c.h
[0.360s] -- Up-to-date: /home/shlok/motio_planning_ws/install/neo_srvs2/include/neo_srvs2/neo_srvs2/srv/detail/lock_platform__rosidl_typesupport_fastrtps_c.h
[0.360s] -- Up-to-date: /home/shlok/motio_planning_ws/install/neo_srvs2/include/neo_srvs2/neo_srvs2/srv/detail/io_board_set_dig_out__rosidl_typesupport_fastrtps_c.h
[0.360s] -- Up-to-date: /home/shlok/motio_planning_ws/install/neo_srvs2/include/neo_srvs2/neo_srvs2/srv/detail/relay_board_set_lcd_msg__rosidl_typesupport_fastrtps_c.h
[0.360s] -- Up-to-date: /home/shlok/motio_planning_ws/install/neo_srvs2/include/neo_srvs2/neo_srvs2/msg
[0.360s] -- Up-to-date: /home/shlok/motio_planning_ws/install/neo_srvs2/include/neo_srvs2/neo_srvs2/msg/rosidl_typesupport_fastrtps_c__visibility_control.h
[0.360s] -- Up-to-date: /home/shlok/motio_planning_ws/install/neo_srvs2/lib/libneo_srvs2__rosidl_typesupport_fastrtps_c.so
[0.360s] -- Up-to-date: /home/shlok/motio_planning_ws/install/neo_srvs2/include/neo_srvs2/neo_srvs2
[0.360s] -- Up-to-date: /home/shlok/motio_planning_ws/install/neo_srvs2/include/neo_srvs2/neo_srvs2/srv
[0.360s] -- Up-to-date: /home/shlok/motio_planning_ws/install/neo_srvs2/include/neo_srvs2/neo_srvs2/srv/detail
[0.360s] -- Up-to-date: /home/shlok/motio_planning_ws/install/neo_srvs2/include/neo_srvs2/neo_srvs2/srv/detail/io_board_set_dig_out__type_support.c
[0.360s] -- Up-to-date: /home/shlok/motio_planning_ws/install/neo_srvs2/include/neo_srvs2/neo_srvs2/srv/detail/relay_board_set_lcd_msg__type_support.c
[0.360s] -- Up-to-date: /home/shlok/motio_planning_ws/install/neo_srvs2/include/neo_srvs2/neo_srvs2/srv/detail/initialize_contour_matching__type_support.c
[0.361s] -- Up-to-date: /home/shlok/motio_planning_ws/install/neo_srvs2/include/neo_srvs2/neo_srvs2/srv/detail/relay_board_set_relay__type_support.c
[0.361s] -- Up-to-date: /home/shlok/motio_planning_ws/install/neo_srvs2/include/neo_srvs2/neo_srvs2/srv/detail/set_safety_field__type_support.c
[0.361s] -- Up-to-date: /home/shlok/motio_planning_ws/install/neo_srvs2/include/neo_srvs2/neo_srvs2/srv/detail/unlock_platform__rosidl_typesupport_introspection_c.h
[0.361s] -- Up-to-date: /home/shlok/motio_planning_ws/install/neo_srvs2/include/neo_srvs2/neo_srvs2/srv/detail/relay_board_set_led__type_support.c
[0.361s] -- Up-to-date: /home/shlok/motio_planning_ws/install/neo_srvs2/include/neo_srvs2/neo_srvs2/srv/detail/relay_board_un_set_em_stop__type_support.c
[0.361s] -- Up-to-date: /home/shlok/motio_planning_ws/install/neo_srvs2/include/neo_srvs2/neo_srvs2/srv/detail/us_board_toggle_sensor__type_support.c
[0.361s] -- Up-to-date: /home/shlok/motio_planning_ws/install/neo_srvs2/include/neo_srvs2/neo_srvs2/srv/detail/lock_platform__rosidl_typesupport_introspection_c.h
[0.361s] -- Up-to-date: /home/shlok/motio_planning_ws/install/neo_srvs2/include/neo_srvs2/neo_srvs2/srv/detail/relay_board_un_set_em_stop__rosidl_typesupport_introspection_c.h
[0.361s] -- Up-to-date: /home/shlok/motio_planning_ws/install/neo_srvs2/include/neo_srvs2/neo_srvs2/srv/detail/unlock_platform__type_support.c
[0.361s] -- Up-to-date: /home/shlok/motio_planning_ws/install/neo_srvs2/include/neo_srvs2/neo_srvs2/srv/detail/relay_board_set_led__rosidl_typesupport_introspection_c.h
[0.361s] -- Up-to-date: /home/shlok/motio_planning_ws/install/neo_srvs2/include/neo_srvs2/neo_srvs2/srv/detail/reset_omni_wheels__rosidl_typesupport_introspection_c.h
[0.361s] -- Up-to-date: /home/shlok/motio_planning_ws/install/neo_srvs2/include/neo_srvs2/neo_srvs2/srv/detail/optimizer__rosidl_typesupport_introspection_c.h
[0.361s] -- Up-to-date: /home/shlok/motio_planning_ws/install/neo_srvs2/include/neo_srvs2/neo_srvs2/srv/detail/relay_board_set_lcd_msg__rosidl_typesupport_introspection_c.h
[0.361s] -- Up-to-date: /home/shlok/motio_planning_ws/install/neo_srvs2/include/neo_srvs2/neo_srvs2/srv/detail/lock_platform__type_support.c
[0.361s] -- Up-to-date: /home/shlok/motio_planning_ws/install/neo_srvs2/include/neo_srvs2/neo_srvs2/srv/detail/relay_board_set_relay__rosidl_typesupport_introspection_c.h
[0.361s] -- Up-to-date: /home/shlok/motio_planning_ws/install/neo_srvs2/include/neo_srvs2/neo_srvs2/srv/detail/relay_board_set_em_stop__type_support.c
[0.361s] -- Up-to-date: /home/shlok/motio_planning_ws/install/neo_srvs2/include/neo_srvs2/neo_srvs2/srv/detail/us_board_toggle_sensor__rosidl_typesupport_introspection_c.h
[0.361s] -- Up-to-date: /home/shlok/motio_planning_ws/install/neo_srvs2/include/neo_srvs2/neo_srvs2/srv/detail/relay_board_set_em_stop__rosidl_typesupport_introspection_c.h
[0.361s] -- Up-to-date: /home/shlok/motio_planning_ws/install/neo_srvs2/include/neo_srvs2/neo_srvs2/srv/detail/set_safety_field__rosidl_typesupport_introspection_c.h
[0.361s] -- Up-to-date: /home/shlok/motio_planning_ws/install/neo_srvs2/include/neo_srvs2/neo_srvs2/srv/detail/io_board_set_dig_out__rosidl_typesupport_introspection_c.h
[0.361s] -- Up-to-date: /home/shlok/motio_planning_ws/install/neo_srvs2/include/neo_srvs2/neo_srvs2/srv/detail/initialize_contour_matching__rosidl_typesupport_introspection_c.h
[0.361s] -- Up-to-date: /home/shlok/motio_planning_ws/install/neo_srvs2/include/neo_srvs2/neo_srvs2/srv/detail/reset_omni_wheels__type_support.c
[0.361s] -- Up-to-date: /home/shlok/motio_planning_ws/install/neo_srvs2/include/neo_srvs2/neo_srvs2/srv/detail/optimizer__type_support.c
[0.361s] -- Up-to-date: /home/shlok/motio_planning_ws/install/neo_srvs2/include/neo_srvs2/neo_srvs2/msg
[0.361s] -- Up-to-date: /home/shlok/motio_planning_ws/install/neo_srvs2/include/neo_srvs2/neo_srvs2/msg/rosidl_typesupport_introspection_c__visibility_control.h
[0.361s] -- Up-to-date: /home/shlok/motio_planning_ws/install/neo_srvs2/lib/libneo_srvs2__rosidl_typesupport_introspection_c.so
[0.361s] -- Up-to-date: /home/shlok/motio_planning_ws/install/neo_srvs2/lib/libneo_srvs2__rosidl_typesupport_c.so
[0.361s] -- Up-to-date: /home/shlok/motio_planning_ws/install/neo_srvs2/include/neo_srvs2/neo_srvs2
[0.361s] -- Up-to-date: /home/shlok/motio_planning_ws/install/neo_srvs2/include/neo_srvs2/neo_srvs2/srv
[0.361s] -- Up-to-date: /home/shlok/motio_planning_ws/install/neo_srvs2/include/neo_srvs2/neo_srvs2/srv/unlock_platform.hpp
[0.361s] -- Up-to-date: /home/shlok/motio_planning_ws/install/neo_srvs2/include/neo_srvs2/neo_srvs2/srv/relay_board_set_em_stop.hpp
[0.361s] -- Up-to-date: /home/shlok/motio_planning_ws/install/neo_srvs2/include/neo_srvs2/neo_srvs2/srv/relay_board_set_relay.hpp
[0.361s] -- Up-to-date: /home/shlok/motio_planning_ws/install/neo_srvs2/include/neo_srvs2/neo_srvs2/srv/reset_omni_wheels.hpp
[0.361s] -- Up-to-date: /home/shlok/motio_planning_ws/install/neo_srvs2/include/neo_srvs2/neo_srvs2/srv/initialize_contour_matching.hpp
[0.361s] -- Up-to-date: /home/shlok/motio_planning_ws/install/neo_srvs2/include/neo_srvs2/neo_srvs2/srv/set_safety_field.hpp
[0.361s] -- Up-to-date: /home/shlok/motio_planning_ws/install/neo_srvs2/include/neo_srvs2/neo_srvs2/srv/io_board_set_dig_out.hpp
[0.361s] -- Up-to-date: /home/shlok/motio_planning_ws/install/neo_srvs2/include/neo_srvs2/neo_srvs2/srv/relay_board_un_set_em_stop.hpp
[0.361s] -- Up-to-date: /home/shlok/motio_planning_ws/install/neo_srvs2/include/neo_srvs2/neo_srvs2/srv/lock_platform.hpp
[0.361s] -- Up-to-date: /home/shlok/motio_planning_ws/install/neo_srvs2/include/neo_srvs2/neo_srvs2/srv/detail
[0.361s] -- Up-to-date: /home/shlok/motio_planning_ws/install/neo_srvs2/include/neo_srvs2/neo_srvs2/srv/detail/relay_board_set_em_stop__builder.hpp
[0.362s] -- Up-to-date: /home/shlok/motio_planning_ws/install/neo_srvs2/include/neo_srvs2/neo_srvs2/srv/detail/us_board_toggle_sensor__struct.hpp
[0.362s] -- Up-to-date: /home/shlok/motio_planning_ws/install/neo_srvs2/include/neo_srvs2/neo_srvs2/srv/detail/initialize_contour_matching__struct.hpp
[0.362s] -- Up-to-date: /home/shlok/motio_planning_ws/install/neo_srvs2/include/neo_srvs2/neo_srvs2/srv/detail/initialize_contour_matching__traits.hpp
[0.362s] -- Up-to-date: /home/shlok/motio_planning_ws/install/neo_srvs2/include/neo_srvs2/neo_srvs2/srv/detail/optimizer__struct.hpp
[0.362s] -- Up-to-date: /home/shlok/motio_planning_ws/install/neo_srvs2/include/neo_srvs2/neo_srvs2/srv/detail/relay_board_un_set_em_stop__struct.hpp
[0.362s] -- Up-to-date: /home/shlok/motio_planning_ws/install/neo_srvs2/include/neo_srvs2/neo_srvs2/srv/detail/relay_board_set_relay__builder.hpp
[0.362s] -- Up-to-date: /home/shlok/motio_planning_ws/install/neo_srvs2/include/neo_srvs2/neo_srvs2/srv/detail/relay_board_set_em_stop__traits.hpp
[0.362s] -- Up-to-date: /home/shlok/motio_planning_ws/install/neo_srvs2/include/neo_srvs2/neo_srvs2/srv/detail/relay_board_un_set_em_stop__builder.hpp
[0.362s] -- Up-to-date: /home/shlok/motio_planning_ws/install/neo_srvs2/include/neo_srvs2/neo_srvs2/srv/detail/set_safety_field__traits.hpp
[0.362s] -- Up-to-date: /home/shlok/motio_planning_ws/install/neo_srvs2/include/neo_srvs2/neo_srvs2/srv/detail/relay_board_un_set_em_stop__traits.hpp
[0.362s] -- Up-to-date: /home/shlok/motio_planning_ws/install/neo_srvs2/include/neo_srvs2/neo_srvs2/srv/detail/io_board_set_dig_out__struct.hpp
[0.362s] -- Up-to-date: /home/shlok/motio_planning_ws/install/neo_srvs2/include/neo_srvs2/neo_srvs2/srv/detail/optimizer__traits.hpp
[0.362s] -- Up-to-date: /home/shlok/motio_planning_ws/install/neo_srvs2/include/neo_srvs2/neo_srvs2/srv/detail/relay_board_set_lcd_msg__traits.hpp
[0.362s] -- Up-to-date: /home/shlok/motio_planning_ws/install/neo_srvs2/include/neo_srvs2/neo_srvs2/srv/detail/set_safety_field__builder.hpp
[0.362s] -- Up-to-date: /home/shlok/motio_planning_ws/install/neo_srvs2/include/neo_srvs2/neo_srvs2/srv/detail/optimizer__builder.hpp
[0.362s] -- Up-to-date: /home/shlok/motio_planning_ws/install/neo_srvs2/include/neo_srvs2/neo_srvs2/srv/detail/relay_board_set_led__struct.hpp
[0.362s] -- Up-to-date: /home/shlok/motio_planning_ws/install/neo_srvs2/include/neo_srvs2/neo_srvs2/srv/detail/reset_omni_wheels__traits.hpp
[0.362s] -- Up-to-date: /home/shlok/motio_planning_ws/install/neo_srvs2/include/neo_srvs2/neo_srvs2/srv/detail/relay_board_set_led__traits.hpp
[0.362s] -- Up-to-date: /home/shlok/motio_planning_ws/install/neo_srvs2/include/neo_srvs2/neo_srvs2/srv/detail/relay_board_set_relay__struct.hpp
[0.362s] -- Up-to-date: /home/shlok/motio_planning_ws/install/neo_srvs2/include/neo_srvs2/neo_srvs2/srv/detail/io_board_set_dig_out__builder.hpp
[0.362s] -- Up-to-date: /home/shlok/motio_planning_ws/install/neo_srvs2/include/neo_srvs2/neo_srvs2/srv/detail/relay_board_set_led__builder.hpp
[0.362s] -- Up-to-date: /home/shlok/motio_planning_ws/install/neo_srvs2/include/neo_srvs2/neo_srvs2/srv/detail/set_safety_field__struct.hpp
[0.362s] -- Up-to-date: /home/shlok/motio_planning_ws/install/neo_srvs2/include/neo_srvs2/neo_srvs2/srv/detail/relay_board_set_relay__traits.hpp
[0.362s] -- Up-to-date: /home/shlok/motio_planning_ws/install/neo_srvs2/include/neo_srvs2/neo_srvs2/srv/detail/lock_platform__struct.hpp
[0.362s] -- Up-to-date: /home/shlok/motio_planning_ws/install/neo_srvs2/include/neo_srvs2/neo_srvs2/srv/detail/relay_board_set_em_stop__struct.hpp
[0.362s] -- Up-to-date: /home/shlok/motio_planning_ws/install/neo_srvs2/include/neo_srvs2/neo_srvs2/srv/detail/us_board_toggle_sensor__builder.hpp
[0.362s] -- Up-to-date: /home/shlok/motio_planning_ws/install/neo_srvs2/include/neo_srvs2/neo_srvs2/srv/detail/us_board_toggle_sensor__traits.hpp
[0.362s] -- Up-to-date: /home/shlok/motio_planning_ws/install/neo_srvs2/include/neo_srvs2/neo_srvs2/srv/detail/unlock_platform__builder.hpp
[0.362s] -- Up-to-date: /home/shlok/motio_planning_ws/install/neo_srvs2/include/neo_srvs2/neo_srvs2/srv/detail/io_board_set_dig_out__traits.hpp
[0.362s] -- Up-to-date: /home/shlok/motio_planning_ws/install/neo_srvs2/include/neo_srvs2/neo_srvs2/srv/detail/initialize_contour_matching__builder.hpp
[0.362s] -- Up-to-date: /home/shlok/motio_planning_ws/install/neo_srvs2/include/neo_srvs2/neo_srvs2/srv/detail/unlock_platform__struct.hpp
[0.362s] -- Up-to-date: /home/shlok/motio_planning_ws/install/neo_srvs2/include/neo_srvs2/neo_srvs2/srv/detail/reset_omni_wheels__builder.hpp
[0.362s] -- Up-to-date: /home/shlok/motio_planning_ws/install/neo_srvs2/include/neo_srvs2/neo_srvs2/srv/detail/relay_board_set_lcd_msg__struct.hpp
[0.362s] -- Up-to-date: /home/shlok/motio_planning_ws/install/neo_srvs2/include/neo_srvs2/neo_srvs2/srv/detail/unlock_platform__traits.hpp
[0.362s] -- Up-to-date: /home/shlok/motio_planning_ws/install/neo_srvs2/include/neo_srvs2/neo_srvs2/srv/detail/reset_omni_wheels__struct.hpp
[0.362s] -- Up-to-date: /home/shlok/motio_planning_ws/install/neo_srvs2/include/neo_srvs2/neo_srvs2/srv/detail/lock_platform__traits.hpp
[0.363s] -- Up-to-date: /home/shlok/motio_planning_ws/install/neo_srvs2/include/neo_srvs2/neo_srvs2/srv/detail/relay_board_set_lcd_msg__builder.hpp
[0.363s] -- Up-to-date: /home/shlok/motio_planning_ws/install/neo_srvs2/include/neo_srvs2/neo_srvs2/srv/detail/lock_platform__builder.hpp
[0.363s] -- Up-to-date: /home/shlok/motio_planning_ws/install/neo_srvs2/include/neo_srvs2/neo_srvs2/srv/us_board_toggle_sensor.hpp
[0.363s] -- Up-to-date: /home/shlok/motio_planning_ws/install/neo_srvs2/include/neo_srvs2/neo_srvs2/srv/optimizer.hpp
[0.363s] -- Up-to-date: /home/shlok/motio_planning_ws/install/neo_srvs2/include/neo_srvs2/neo_srvs2/srv/relay_board_set_led.hpp
[0.363s] -- Up-to-date: /home/shlok/motio_planning_ws/install/neo_srvs2/include/neo_srvs2/neo_srvs2/srv/relay_board_set_lcd_msg.hpp
[0.363s] -- Up-to-date: /home/shlok/motio_planning_ws/install/neo_srvs2/include/neo_srvs2/neo_srvs2
[0.363s] -- Up-to-date: /home/shlok/motio_planning_ws/install/neo_srvs2/include/neo_srvs2/neo_srvs2/srv
[0.363s] -- Up-to-date: /home/shlok/motio_planning_ws/install/neo_srvs2/include/neo_srvs2/neo_srvs2/srv/detail
[0.363s] -- Up-to-date: /home/shlok/motio_planning_ws/install/neo_srvs2/include/neo_srvs2/neo_srvs2/srv/detail/io_board_set_dig_out__rosidl_typesupport_fastrtps_cpp.hpp
[0.363s] -- Up-to-date: /home/shlok/motio_planning_ws/install/neo_srvs2/include/neo_srvs2/neo_srvs2/srv/detail/relay_board_set_led__rosidl_typesupport_fastrtps_cpp.hpp
[0.363s] -- Up-to-date: /home/shlok/motio_planning_ws/install/neo_srvs2/include/neo_srvs2/neo_srvs2/srv/detail/relay_board_set_relay__rosidl_typesupport_fastrtps_cpp.hpp
[0.363s] -- Up-to-date: /home/shlok/motio_planning_ws/install/neo_srvs2/include/neo_srvs2/neo_srvs2/srv/detail/relay_board_set_lcd_msg__rosidl_typesupport_fastrtps_cpp.hpp
[0.363s] -- Up-to-date: /home/shlok/motio_planning_ws/install/neo_srvs2/include/neo_srvs2/neo_srvs2/srv/detail/optimizer__rosidl_typesupport_fastrtps_cpp.hpp
[0.363s] -- Up-to-date: /home/shlok/motio_planning_ws/install/neo_srvs2/include/neo_srvs2/neo_srvs2/srv/detail/dds_fastrtps
[0.363s] -- Up-to-date: /home/shlok/motio_planning_ws/install/neo_srvs2/include/neo_srvs2/neo_srvs2/srv/detail/relay_board_un_set_em_stop__rosidl_typesupport_fastrtps_cpp.hpp
[0.363s] -- Up-to-date: /home/shlok/motio_planning_ws/install/neo_srvs2/include/neo_srvs2/neo_srvs2/srv/detail/us_board_toggle_sensor__rosidl_typesupport_fastrtps_cpp.hpp
[0.363s] -- Up-to-date: /home/shlok/motio_planning_ws/install/neo_srvs2/include/neo_srvs2/neo_srvs2/srv/detail/initialize_contour_matching__rosidl_typesupport_fastrtps_cpp.hpp
[0.363s] -- Up-to-date: /home/shlok/motio_planning_ws/install/neo_srvs2/include/neo_srvs2/neo_srvs2/srv/detail/reset_omni_wheels__rosidl_typesupport_fastrtps_cpp.hpp
[0.363s] -- Up-to-date: /home/shlok/motio_planning_ws/install/neo_srvs2/include/neo_srvs2/neo_srvs2/srv/detail/unlock_platform__rosidl_typesupport_fastrtps_cpp.hpp
[0.363s] -- Up-to-date: /home/shlok/motio_planning_ws/install/neo_srvs2/include/neo_srvs2/neo_srvs2/srv/detail/relay_board_set_em_stop__rosidl_typesupport_fastrtps_cpp.hpp
[0.363s] -- Up-to-date: /home/shlok/motio_planning_ws/install/neo_srvs2/include/neo_srvs2/neo_srvs2/srv/detail/set_safety_field__rosidl_typesupport_fastrtps_cpp.hpp
[0.363s] -- Up-to-date: /home/shlok/motio_planning_ws/install/neo_srvs2/include/neo_srvs2/neo_srvs2/srv/detail/lock_platform__rosidl_typesupport_fastrtps_cpp.hpp
[0.363s] -- Up-to-date: /home/shlok/motio_planning_ws/install/neo_srvs2/include/neo_srvs2/neo_srvs2/msg
[0.363s] -- Up-to-date: /home/shlok/motio_planning_ws/install/neo_srvs2/include/neo_srvs2/neo_srvs2/msg/rosidl_typesupport_fastrtps_cpp__visibility_control.h
[0.363s] -- Up-to-date: /home/shlok/motio_planning_ws/install/neo_srvs2/lib/libneo_srvs2__rosidl_typesupport_fastrtps_cpp.so
[0.363s] -- Up-to-date: /home/shlok/motio_planning_ws/install/neo_srvs2/include/neo_srvs2/neo_srvs2
[0.363s] -- Up-to-date: /home/shlok/motio_planning_ws/install/neo_srvs2/include/neo_srvs2/neo_srvs2/srv
[0.363s] -- Up-to-date: /home/shlok/motio_planning_ws/install/neo_srvs2/include/neo_srvs2/neo_srvs2/srv/detail
[0.363s] -- Up-to-date: /home/shlok/motio_planning_ws/install/neo_srvs2/include/neo_srvs2/neo_srvs2/srv/detail/relay_board_set_led__rosidl_typesupport_introspection_cpp.hpp
[0.363s] -- Up-to-date: /home/shlok/motio_planning_ws/install/neo_srvs2/include/neo_srvs2/neo_srvs2/srv/detail/optimizer__rosidl_typesupport_introspection_cpp.hpp
[0.363s] -- Up-to-date: /home/shlok/motio_planning_ws/install/neo_srvs2/include/neo_srvs2/neo_srvs2/srv/detail/lock_platform__type_support.cpp
[0.363s] -- Up-to-date: /home/shlok/motio_planning_ws/install/neo_srvs2/include/neo_srvs2/neo_srvs2/srv/detail/set_safety_field__type_support.cpp
[0.363s] -- Up-to-date: /home/shlok/motio_planning_ws/install/neo_srvs2/include/neo_srvs2/neo_srvs2/srv/detail/relay_board_set_em_stop__type_support.cpp
[0.363s] -- Up-to-date: /home/shlok/motio_planning_ws/install/neo_srvs2/include/neo_srvs2/neo_srvs2/srv/detail/relay_board_set_lcd_msg__rosidl_typesupport_introspection_cpp.hpp
[0.363s] -- Up-to-date: /home/shlok/motio_planning_ws/install/neo_srvs2/include/neo_srvs2/neo_srvs2/srv/detail/initialize_contour_matching__type_support.cpp
[0.363s] -- Up-to-date: /home/shlok/motio_planning_ws/install/neo_srvs2/include/neo_srvs2/neo_srvs2/srv/detail/io_board_set_dig_out__rosidl_typesupport_introspection_cpp.hpp
[0.363s] -- Up-to-date: /home/shlok/motio_planning_ws/install/neo_srvs2/include/neo_srvs2/neo_srvs2/srv/detail/optimizer__type_support.cpp
[0.363s] -- Up-to-date: /home/shlok/motio_planning_ws/install/neo_srvs2/include/neo_srvs2/neo_srvs2/srv/detail/io_board_set_dig_out__type_support.cpp
[0.363s] -- Up-to-date: /home/shlok/motio_planning_ws/install/neo_srvs2/include/neo_srvs2/neo_srvs2/srv/detail/relay_board_un_set_em_stop__type_support.cpp
[0.363s] -- Up-to-date: /home/shlok/motio_planning_ws/install/neo_srvs2/include/neo_srvs2/neo_srvs2/srv/detail/us_board_toggle_sensor__type_support.cpp
[0.364s] -- Up-to-date: /home/shlok/motio_planning_ws/install/neo_srvs2/include/neo_srvs2/neo_srvs2/srv/detail/us_board_toggle_sensor__rosidl_typesupport_introspection_cpp.hpp
[0.364s] -- Up-to-date: /home/shlok/motio_planning_ws/install/neo_srvs2/include/neo_srvs2/neo_srvs2/srv/detail/relay_board_set_relay__rosidl_typesupport_introspection_cpp.hpp
[0.364s] -- Up-to-date: /home/shlok/motio_planning_ws/install/neo_srvs2/include/neo_srvs2/neo_srvs2/srv/detail/lock_platform__rosidl_typesupport_introspection_cpp.hpp
[0.364s] -- Up-to-date: /home/shlok/motio_planning_ws/install/neo_srvs2/include/neo_srvs2/neo_srvs2/srv/detail/relay_board_un_set_em_stop__rosidl_typesupport_introspection_cpp.hpp
[0.364s] -- Up-to-date: /home/shlok/motio_planning_ws/install/neo_srvs2/include/neo_srvs2/neo_srvs2/srv/detail/reset_omni_wheels__rosidl_typesupport_introspection_cpp.hpp
[0.364s] -- Up-to-date: /home/shlok/motio_planning_ws/install/neo_srvs2/include/neo_srvs2/neo_srvs2/srv/detail/initialize_contour_matching__rosidl_typesupport_introspection_cpp.hpp
[0.364s] -- Up-to-date: /home/shlok/motio_planning_ws/install/neo_srvs2/include/neo_srvs2/neo_srvs2/srv/detail/relay_board_set_lcd_msg__type_support.cpp
[0.364s] -- Up-to-date: /home/shlok/motio_planning_ws/install/neo_srvs2/include/neo_srvs2/neo_srvs2/srv/detail/unlock_platform__type_support.cpp
[0.364s] -- Up-to-date: /home/shlok/motio_planning_ws/install/neo_srvs2/include/neo_srvs2/neo_srvs2/srv/detail/relay_board_set_led__type_support.cpp
[0.364s] -- Up-to-date: /home/shlok/motio_planning_ws/install/neo_srvs2/include/neo_srvs2/neo_srvs2/srv/detail/relay_board_set_em_stop__rosidl_typesupport_introspection_cpp.hpp
[0.364s] -- Up-to-date: /home/shlok/motio_planning_ws/install/neo_srvs2/include/neo_srvs2/neo_srvs2/srv/detail/relay_board_set_relay__type_support.cpp
[0.364s] -- Up-to-date: /home/shlok/motio_planning_ws/install/neo_srvs2/include/neo_srvs2/neo_srvs2/srv/detail/unlock_platform__rosidl_typesupport_introspection_cpp.hpp
[0.364s] -- Up-to-date: /home/shlok/motio_planning_ws/install/neo_srvs2/include/neo_srvs2/neo_srvs2/srv/detail/set_safety_field__rosidl_typesupport_introspection_cpp.hpp
[0.364s] -- Up-to-date: /home/shlok/motio_planning_ws/install/neo_srvs2/include/neo_srvs2/neo_srvs2/srv/detail/reset_omni_wheels__type_support.cpp
[0.364s] -- Up-to-date: /home/shlok/motio_planning_ws/install/neo_srvs2/lib/libneo_srvs2__rosidl_typesupport_introspection_cpp.so
[0.364s] -- Up-to-date: /home/shlok/motio_planning_ws/install/neo_srvs2/lib/libneo_srvs2__rosidl_typesupport_cpp.so
[0.364s] -- Up-to-date: /home/shlok/motio_planning_ws/install/neo_srvs2/share/neo_srvs2/environment/pythonpath.sh
[0.364s] -- Up-to-date: /home/shlok/motio_planning_ws/install/neo_srvs2/share/neo_srvs2/environment/pythonpath.dsv
[0.364s] -- Up-to-date: /home/shlok/motio_planning_ws/install/neo_srvs2/local/lib/python3.10/dist-packages/neo_srvs2-0.1.0-py3.10.egg-info
[0.364s] -- Installing: /home/shlok/motio_planning_ws/install/neo_srvs2/local/lib/python3.10/dist-packages/neo_srvs2-0.1.0-py3.10.egg-info/dependency_links.txt
[0.364s] -- Installing: /home/shlok/motio_planning_ws/install/neo_srvs2/local/lib/python3.10/dist-packages/neo_srvs2-0.1.0-py3.10.egg-info/PKG-INFO
[0.364s] -- Installing: /home/shlok/motio_planning_ws/install/neo_srvs2/local/lib/python3.10/dist-packages/neo_srvs2-0.1.0-py3.10.egg-info/top_level.txt
[0.364s] -- Installing: /home/shlok/motio_planning_ws/install/neo_srvs2/local/lib/python3.10/dist-packages/neo_srvs2-0.1.0-py3.10.egg-info/SOURCES.txt
[0.364s] -- Up-to-date: /home/shlok/motio_planning_ws/install/neo_srvs2/local/lib/python3.10/dist-packages/neo_srvs2
[0.364s] -- Up-to-date: /home/shlok/motio_planning_ws/install/neo_srvs2/local/lib/python3.10/dist-packages/neo_srvs2/neo_srvs2_s__rosidl_typesupport_introspection_c.cpython-310-x86_64-linux-gnu.so
[0.364s] -- Up-to-date: /home/shlok/motio_planning_ws/install/neo_srvs2/local/lib/python3.10/dist-packages/neo_srvs2/srv
[0.364s] -- Up-to-date: /home/shlok/motio_planning_ws/install/neo_srvs2/local/lib/python3.10/dist-packages/neo_srvs2/srv/_relay_board_set_relay_s.c
[0.364s] -- Up-to-date: /home/shlok/motio_planning_ws/install/neo_srvs2/local/lib/python3.10/dist-packages/neo_srvs2/srv/_unlock_platform_s.c
[0.364s] -- Up-to-date: /home/shlok/motio_planning_ws/install/neo_srvs2/local/lib/python3.10/dist-packages/neo_srvs2/srv/_relay_board_set_em_stop_s.c
[0.364s] -- Up-to-date: /home/shlok/motio_planning_ws/install/neo_srvs2/local/lib/python3.10/dist-packages/neo_srvs2/srv/_set_safety_field.py
[0.364s] -- Up-to-date: /home/shlok/motio_planning_ws/install/neo_srvs2/local/lib/python3.10/dist-packages/neo_srvs2/srv/_optimizer_s.c
[0.364s] -- Up-to-date: /home/shlok/motio_planning_ws/install/neo_srvs2/local/lib/python3.10/dist-packages/neo_srvs2/srv/_reset_omni_wheels_s.c
[0.364s] -- Up-to-date: /home/shlok/motio_planning_ws/install/neo_srvs2/local/lib/python3.10/dist-packages/neo_srvs2/srv/_lock_platform.py
[0.364s] -- Up-to-date: /home/shlok/motio_planning_ws/install/neo_srvs2/local/lib/python3.10/dist-packages/neo_srvs2/srv/_us_board_toggle_sensor_s.c
[0.364s] -- Up-to-date: /home/shlok/motio_planning_ws/install/neo_srvs2/local/lib/python3.10/dist-packages/neo_srvs2/srv/_lock_platform_s.c
[0.364s] -- Up-to-date: /home/shlok/motio_planning_ws/install/neo_srvs2/local/lib/python3.10/dist-packages/neo_srvs2/srv/__init__.py
[0.364s] -- Up-to-date: /home/shlok/motio_planning_ws/install/neo_srvs2/local/lib/python3.10/dist-packages/neo_srvs2/srv/_relay_board_set_relay.py
[0.364s] -- Up-to-date: /home/shlok/motio_planning_ws/install/neo_srvs2/local/lib/python3.10/dist-packages/neo_srvs2/srv/_set_safety_field_s.c
[0.364s] -- Up-to-date: /home/shlok/motio_planning_ws/install/neo_srvs2/local/lib/python3.10/dist-packages/neo_srvs2/srv/_unlock_platform.py
[0.364s] -- Up-to-date: /home/shlok/motio_planning_ws/install/neo_srvs2/local/lib/python3.10/dist-packages/neo_srvs2/srv/_io_board_set_dig_out.py
[0.365s] -- Up-to-date: /home/shlok/motio_planning_ws/install/neo_srvs2/local/lib/python3.10/dist-packages/neo_srvs2/srv/_relay_board_set_lcd_msg.py
[0.365s] -- Up-to-date: /home/shlok/motio_planning_ws/install/neo_srvs2/local/lib/python3.10/dist-packages/neo_srvs2/srv/_relay_board_un_set_em_stop_s.c
[0.365s] -- Up-to-date: /home/shlok/motio_planning_ws/install/neo_srvs2/local/lib/python3.10/dist-packages/neo_srvs2/srv/_relay_board_un_set_em_stop.py
[0.365s] -- Up-to-date: /home/shlok/motio_planning_ws/install/neo_srvs2/local/lib/python3.10/dist-packages/neo_srvs2/srv/_initialize_contour_matching_s.c
[0.365s] -- Up-to-date: /home/shlok/motio_planning_ws/install/neo_srvs2/local/lib/python3.10/dist-packages/neo_srvs2/srv/_initialize_contour_matching.py
[0.365s] -- Up-to-date: /home/shlok/motio_planning_ws/install/neo_srvs2/local/lib/python3.10/dist-packages/neo_srvs2/srv/_us_board_toggle_sensor.py
[0.365s] -- Up-to-date: /home/shlok/motio_planning_ws/install/neo_srvs2/local/lib/python3.10/dist-packages/neo_srvs2/srv/_relay_board_set_led.py
[0.365s] -- Up-to-date: /home/shlok/motio_planning_ws/install/neo_srvs2/local/lib/python3.10/dist-packages/neo_srvs2/srv/_relay_board_set_led_s.c
[0.365s] -- Up-to-date: /home/shlok/motio_planning_ws/install/neo_srvs2/local/lib/python3.10/dist-packages/neo_srvs2/srv/_relay_board_set_em_stop.py
[0.365s] -- Up-to-date: /home/shlok/motio_planning_ws/install/neo_srvs2/local/lib/python3.10/dist-packages/neo_srvs2/srv/_optimizer.py
[0.365s] -- Up-to-date: /home/shlok/motio_planning_ws/install/neo_srvs2/local/lib/python3.10/dist-packages/neo_srvs2/srv/_relay_board_set_lcd_msg_s.c
[0.365s] -- Up-to-date: /home/shlok/motio_planning_ws/install/neo_srvs2/local/lib/python3.10/dist-packages/neo_srvs2/srv/_reset_omni_wheels.py
[0.365s] -- Up-to-date: /home/shlok/motio_planning_ws/install/neo_srvs2/local/lib/python3.10/dist-packages/neo_srvs2/srv/_io_board_set_dig_out_s.c
[0.365s] -- Up-to-date: /home/shlok/motio_planning_ws/install/neo_srvs2/local/lib/python3.10/dist-packages/neo_srvs2/_neo_srvs2_s.ep.rosidl_typesupport_introspection_c.c
[0.365s] -- Up-to-date: /home/shlok/motio_planning_ws/install/neo_srvs2/local/lib/python3.10/dist-packages/neo_srvs2/neo_srvs2_s__rosidl_typesupport_c.cpython-310-x86_64-linux-gnu.so
[0.365s] -- Up-to-date: /home/shlok/motio_planning_ws/install/neo_srvs2/local/lib/python3.10/dist-packages/neo_srvs2/__init__.py
[0.365s] -- Up-to-date: /home/shlok/motio_planning_ws/install/neo_srvs2/local/lib/python3.10/dist-packages/neo_srvs2/_neo_srvs2_s.ep.rosidl_typesupport_c.c
[0.365s] -- Up-to-date: /home/shlok/motio_planning_ws/install/neo_srvs2/local/lib/python3.10/dist-packages/neo_srvs2/_neo_srvs2_s.ep.rosidl_typesupport_fastrtps_c.c
[0.365s] -- Up-to-date: /home/shlok/motio_planning_ws/install/neo_srvs2/local/lib/python3.10/dist-packages/neo_srvs2/libneo_srvs2__rosidl_generator_py.so
[0.365s] -- Up-to-date: /home/shlok/motio_planning_ws/install/neo_srvs2/local/lib/python3.10/dist-packages/neo_srvs2/neo_srvs2_s__rosidl_typesupport_fastrtps_c.cpython-310-x86_64-linux-gnu.so
[0.376s] Listing '/home/shlok/motio_planning_ws/install/neo_srvs2/local/lib/python3.10/dist-packages/neo_srvs2'...
[0.376s] Listing '/home/shlok/motio_planning_ws/install/neo_srvs2/local/lib/python3.10/dist-packages/neo_srvs2/srv'...
[0.378s] -- Up-to-date: /home/shlok/motio_planning_ws/install/neo_srvs2/local/lib/python3.10/dist-packages/neo_srvs2/neo_srvs2_s__rosidl_typesupport_fastrtps_c.cpython-310-x86_64-linux-gnu.so
[0.379s] -- Up-to-date: /home/shlok/motio_planning_ws/install/neo_srvs2/local/lib/python3.10/dist-packages/neo_srvs2/neo_srvs2_s__rosidl_typesupport_introspection_c.cpython-310-x86_64-linux-gnu.so
[0.379s] -- Up-to-date: /home/shlok/motio_planning_ws/install/neo_srvs2/local/lib/python3.10/dist-packages/neo_srvs2/neo_srvs2_s__rosidl_typesupport_c.cpython-310-x86_64-linux-gnu.so
[0.379s] -- Up-to-date: /home/shlok/motio_planning_ws/install/neo_srvs2/lib/libneo_srvs2__rosidl_generator_py.so
[0.379s] -- Up-to-date: /home/shlok/motio_planning_ws/install/neo_srvs2/share/neo_srvs2/srv/RelayBoardSetRelay.idl
[0.379s] -- Up-to-date: /home/shlok/motio_planning_ws/install/neo_srvs2/share/neo_srvs2/srv/IOBoardSetDigOut.idl
[0.379s] -- Up-to-date: /home/shlok/motio_planning_ws/install/neo_srvs2/share/neo_srvs2/srv/RelayBoardSetLCDMsg.idl
[0.379s] -- Up-to-date: /home/shlok/motio_planning_ws/install/neo_srvs2/share/neo_srvs2/srv/LockPlatform.idl
[0.379s] -- Up-to-date: /home/shlok/motio_planning_ws/install/neo_srvs2/share/neo_srvs2/srv/UnlockPlatform.idl
[0.379s] -- Up-to-date: /home/shlok/motio_planning_ws/install/neo_srvs2/share/neo_srvs2/srv/ResetOmniWheels.idl
[0.379s] -- Up-to-date: /home/shlok/motio_planning_ws/install/neo_srvs2/share/neo_srvs2/srv/RelayBoardSetEMStop.idl
[0.379s] -- Up-to-date: /home/shlok/motio_planning_ws/install/neo_srvs2/share/neo_srvs2/srv/RelayBoardUnSetEMStop.idl
[0.379s] -- Up-to-date: /home/shlok/motio_planning_ws/install/neo_srvs2/share/neo_srvs2/srv/RelayBoardSetLED.idl
[0.379s] -- Up-to-date: /home/shlok/motio_planning_ws/install/neo_srvs2/share/neo_srvs2/srv/USBoardToggleSensor.idl
[0.379s] -- Up-to-date: /home/shlok/motio_planning_ws/install/neo_srvs2/share/neo_srvs2/srv/Optimizer.idl
[0.379s] -- Up-to-date: /home/shlok/motio_planning_ws/install/neo_srvs2/share/neo_srvs2/srv/InitializeContourMatching.idl
[0.379s] -- Up-to-date: /home/shlok/motio_planning_ws/install/neo_srvs2/share/neo_srvs2/srv/SetSafetyField.idl
[0.380s] -- Up-to-date: /home/shlok/motio_planning_ws/install/neo_srvs2/share/neo_srvs2/srv/RelayBoardSetRelay.srv
[0.380s] -- Up-to-date: /home/shlok/motio_planning_ws/install/neo_srvs2/share/neo_srvs2/srv/RelayBoardSetRelay_Request.msg
[0.380s] -- Up-to-date: /home/shlok/motio_planning_ws/install/neo_srvs2/share/neo_srvs2/srv/RelayBoardSetRelay_Response.msg
[0.380s] -- Up-to-date: /home/shlok/motio_planning_ws/install/neo_srvs2/share/neo_srvs2/srv/IOBoardSetDigOut.srv
[0.380s] -- Up-to-date: /home/shlok/motio_planning_ws/install/neo_srvs2/share/neo_srvs2/srv/IOBoardSetDigOut_Request.msg
[0.380s] -- Up-to-date: /home/shlok/motio_planning_ws/install/neo_srvs2/share/neo_srvs2/srv/IOBoardSetDigOut_Response.msg
[0.380s] -- Up-to-date: /home/shlok/motio_planning_ws/install/neo_srvs2/share/neo_srvs2/srv/RelayBoardSetLCDMsg.srv
[0.380s] -- Up-to-date: /home/shlok/motio_planning_ws/install/neo_srvs2/share/neo_srvs2/srv/RelayBoardSetLCDMsg_Request.msg
[0.380s] -- Up-to-date: /home/shlok/motio_planning_ws/install/neo_srvs2/share/neo_srvs2/srv/RelayBoardSetLCDMsg_Response.msg
[0.380s] -- Up-to-date: /home/shlok/motio_planning_ws/install/neo_srvs2/share/neo_srvs2/srv/LockPlatform.srv
[0.380s] -- Up-to-date: /home/shlok/motio_planning_ws/install/neo_srvs2/share/neo_srvs2/srv/LockPlatform_Request.msg
[0.380s] -- Up-to-date: /home/shlok/motio_planning_ws/install/neo_srvs2/share/neo_srvs2/srv/LockPlatform_Response.msg
[0.380s] -- Up-to-date: /home/shlok/motio_planning_ws/install/neo_srvs2/share/neo_srvs2/srv/UnlockPlatform.srv
[0.380s] -- Up-to-date: /home/shlok/motio_planning_ws/install/neo_srvs2/share/neo_srvs2/srv/UnlockPlatform_Request.msg
[0.380s] -- Up-to-date: /home/shlok/motio_planning_ws/install/neo_srvs2/share/neo_srvs2/srv/UnlockPlatform_Response.msg
[0.380s] -- Up-to-date: /home/shlok/motio_planning_ws/install/neo_srvs2/share/neo_srvs2/srv/ResetOmniWheels.srv
[0.380s] -- Up-to-date: /home/shlok/motio_planning_ws/install/neo_srvs2/share/neo_srvs2/srv/ResetOmniWheels_Request.msg
[0.380s] -- Up-to-date: /home/shlok/motio_planning_ws/install/neo_srvs2/share/neo_srvs2/srv/ResetOmniWheels_Response.msg
[0.380s] -- Up-to-date: /home/shlok/motio_planning_ws/install/neo_srvs2/share/neo_srvs2/srv/RelayBoardSetEMStop.srv
[0.380s] -- Up-to-date: /home/shlok/motio_planning_ws/install/neo_srvs2/share/neo_srvs2/srv/RelayBoardSetEMStop_Request.msg
[0.380s] -- Up-to-date: /home/shlok/motio_planning_ws/install/neo_srvs2/share/neo_srvs2/srv/RelayBoardSetEMStop_Response.msg
[0.380s] -- Up-to-date: /home/shlok/motio_planning_ws/install/neo_srvs2/share/neo_srvs2/srv/RelayBoardUnSetEMStop.srv
[0.380s] -- Up-to-date: /home/shlok/motio_planning_ws/install/neo_srvs2/share/neo_srvs2/srv/RelayBoardUnSetEMStop_Request.msg
[0.380s] -- Up-to-date: /home/shlok/motio_planning_ws/install/neo_srvs2/share/neo_srvs2/srv/RelayBoardUnSetEMStop_Response.msg
[0.380s] -- Up-to-date: /home/shlok/motio_planning_ws/install/neo_srvs2/share/neo_srvs2/srv/RelayBoardSetLED.srv
[0.380s] -- Up-to-date: /home/shlok/motio_planning_ws/install/neo_srvs2/share/neo_srvs2/srv/RelayBoardSetLED_Request.msg
[0.380s] -- Up-to-date: /home/shlok/motio_planning_ws/install/neo_srvs2/share/neo_srvs2/srv/RelayBoardSetLED_Response.msg
[0.380s] -- Up-to-date: /home/shlok/motio_planning_ws/install/neo_srvs2/share/neo_srvs2/srv/USBoardToggleSensor.srv
[0.380s] -- Up-to-date: /home/shlok/motio_planning_ws/install/neo_srvs2/share/neo_srvs2/srv/USBoardToggleSensor_Request.msg
[0.380s] -- Up-to-date: /home/shlok/motio_planning_ws/install/neo_srvs2/share/neo_srvs2/srv/USBoardToggleSensor_Response.msg
[0.380s] -- Up-to-date: /home/shlok/motio_planning_ws/install/neo_srvs2/share/neo_srvs2/srv/Optimizer.srv
[0.380s] -- Up-to-date: /home/shlok/motio_planning_ws/install/neo_srvs2/share/neo_srvs2/srv/Optimizer_Request.msg
[0.381s] -- Up-to-date: /home/shlok/motio_planning_ws/install/neo_srvs2/share/neo_srvs2/srv/Optimizer_Response.msg
[0.381s] -- Up-to-date: /home/shlok/motio_planning_ws/install/neo_srvs2/share/neo_srvs2/srv/InitializeContourMatching.srv
[0.381s] -- Up-to-date: /home/shlok/motio_planning_ws/install/neo_srvs2/share/neo_srvs2/srv/InitializeContourMatching_Request.msg
[0.381s] -- Up-to-date: /home/shlok/motio_planning_ws/install/neo_srvs2/share/neo_srvs2/srv/InitializeContourMatching_Response.msg
[0.381s] -- Up-to-date: /home/shlok/motio_planning_ws/install/neo_srvs2/share/neo_srvs2/srv/SetSafetyField.srv
[0.381s] -- Up-to-date: /home/shlok/motio_planning_ws/install/neo_srvs2/share/neo_srvs2/srv/SetSafetyField_Request.msg
[0.381s] -- Up-to-date: /home/shlok/motio_planning_ws/install/neo_srvs2/share/neo_srvs2/srv/SetSafetyField_Response.msg
[0.381s] -- Up-to-date: /home/shlok/motio_planning_ws/install/neo_srvs2/share/ament_index/resource_index/package_run_dependencies/neo_srvs2
[0.381s] -- Up-to-date: /home/shlok/motio_planning_ws/install/neo_srvs2/share/ament_index/resource_index/parent_prefix_path/neo_srvs2
[0.381s] -- Up-to-date: /home/shlok/motio_planning_ws/install/neo_srvs2/share/neo_srvs2/environment/ament_prefix_path.sh
[0.381s] -- Up-to-date: /home/shlok/motio_planning_ws/install/neo_srvs2/share/neo_srvs2/environment/ament_prefix_path.dsv
[0.381s] -- Up-to-date: /home/shlok/motio_planning_ws/install/neo_srvs2/share/neo_srvs2/environment/path.sh
[0.381s] -- Up-to-date: /home/shlok/motio_planning_ws/install/neo_srvs2/share/neo_srvs2/environment/path.dsv
[0.381s] -- Up-to-date: /home/shlok/motio_planning_ws/install/neo_srvs2/share/neo_srvs2/local_setup.bash
[0.381s] -- Up-to-date: /home/shlok/motio_planning_ws/install/neo_srvs2/share/neo_srvs2/local_setup.sh
[0.381s] -- Up-to-date: /home/shlok/motio_planning_ws/install/neo_srvs2/share/neo_srvs2/local_setup.zsh
[0.381s] -- Up-to-date: /home/shlok/motio_planning_ws/install/neo_srvs2/share/neo_srvs2/local_setup.dsv
[0.381s] -- Installing: /home/shlok/motio_planning_ws/install/neo_srvs2/share/neo_srvs2/package.dsv
[0.381s] -- Up-to-date: /home/shlok/motio_planning_ws/install/neo_srvs2/share/ament_index/resource_index/packages/neo_srvs2
[0.381s] -- Up-to-date: /home/shlok/motio_planning_ws/install/neo_srvs2/share/neo_srvs2/cmake/export_neo_srvs2__rosidl_generator_cExport.cmake
[0.381s] -- Up-to-date: /home/shlok/motio_planning_ws/install/neo_srvs2/share/neo_srvs2/cmake/export_neo_srvs2__rosidl_generator_cExport-noconfig.cmake
[0.381s] -- Up-to-date: /home/shlok/motio_planning_ws/install/neo_srvs2/share/neo_srvs2/cmake/export_neo_srvs2__rosidl_typesupport_fastrtps_cExport.cmake
[0.381s] -- Up-to-date: /home/shlok/motio_planning_ws/install/neo_srvs2/share/neo_srvs2/cmake/export_neo_srvs2__rosidl_typesupport_fastrtps_cExport-noconfig.cmake
[0.381s] -- Up-to-date: /home/shlok/motio_planning_ws/install/neo_srvs2/share/neo_srvs2/cmake/neo_srvs2__rosidl_typesupport_introspection_cExport.cmake
[0.381s] -- Up-to-date: /home/shlok/motio_planning_ws/install/neo_srvs2/share/neo_srvs2/cmake/neo_srvs2__rosidl_typesupport_introspection_cExport-noconfig.cmake
[0.381s] -- Up-to-date: /home/shlok/motio_planning_ws/install/neo_srvs2/share/neo_srvs2/cmake/neo_srvs2__rosidl_typesupport_cExport.cmake
[0.381s] -- Up-to-date: /home/shlok/motio_planning_ws/install/neo_srvs2/share/neo_srvs2/cmake/neo_srvs2__rosidl_typesupport_cExport-noconfig.cmake
[0.381s] -- Up-to-date: /home/shlok/motio_planning_ws/install/neo_srvs2/share/neo_srvs2/cmake/export_neo_srvs2__rosidl_generator_cppExport.cmake
[0.381s] -- Up-to-date: /home/shlok/motio_planning_ws/install/neo_srvs2/share/neo_srvs2/cmake/export_neo_srvs2__rosidl_typesupport_fastrtps_cppExport.cmake
[0.381s] -- Up-to-date: /home/shlok/motio_planning_ws/install/neo_srvs2/share/neo_srvs2/cmake/export_neo_srvs2__rosidl_typesupport_fastrtps_cppExport-noconfig.cmake
[0.381s] -- Up-to-date: /home/shlok/motio_planning_ws/install/neo_srvs2/share/neo_srvs2/cmake/neo_srvs2__rosidl_typesupport_introspection_cppExport.cmake
[0.381s] -- Up-to-date: /home/shlok/motio_planning_ws/install/neo_srvs2/share/neo_srvs2/cmake/neo_srvs2__rosidl_typesupport_introspection_cppExport-noconfig.cmake
[0.381s] -- Up-to-date: /home/shlok/motio_planning_ws/install/neo_srvs2/share/neo_srvs2/cmake/neo_srvs2__rosidl_typesupport_cppExport.cmake
[0.381s] -- Up-to-date: /home/shlok/motio_planning_ws/install/neo_srvs2/share/neo_srvs2/cmake/neo_srvs2__rosidl_typesupport_cppExport-noconfig.cmake
[0.381s] -- Up-to-date: /home/shlok/motio_planning_ws/install/neo_srvs2/share/neo_srvs2/cmake/export_neo_srvs2__rosidl_generator_pyExport.cmake
[0.381s] -- Up-to-date: /home/shlok/motio_planning_ws/install/neo_srvs2/share/neo_srvs2/cmake/export_neo_srvs2__rosidl_generator_pyExport-noconfig.cmake
[0.381s] -- Up-to-date: /home/shlok/motio_planning_ws/install/neo_srvs2/share/neo_srvs2/cmake/rosidl_cmake-extras.cmake
[0.382s] -- Up-to-date: /home/shlok/motio_planning_ws/install/neo_srvs2/share/neo_srvs2/cmake/ament_cmake_export_dependencies-extras.cmake
[0.382s] -- Up-to-date: /home/shlok/motio_planning_ws/install/neo_srvs2/share/neo_srvs2/cmake/ament_cmake_export_include_directories-extras.cmake
[0.382s] -- Up-to-date: /home/shlok/motio_planning_ws/install/neo_srvs2/share/neo_srvs2/cmake/ament_cmake_export_libraries-extras.cmake
[0.382s] -- Up-to-date: /home/shlok/motio_planning_ws/install/neo_srvs2/share/neo_srvs2/cmake/ament_cmake_export_targets-extras.cmake
[0.382s] -- Up-to-date: /home/shlok/motio_planning_ws/install/neo_srvs2/share/neo_srvs2/cmake/rosidl_cmake_export_typesupport_targets-extras.cmake
[0.382s] -- Up-to-date: /home/shlok/motio_planning_ws/install/neo_srvs2/share/neo_srvs2/cmake/rosidl_cmake_export_typesupport_libraries-extras.cmake
[0.382s] -- Up-to-date: /home/shlok/motio_planning_ws/install/neo_srvs2/share/neo_srvs2/cmake/neo_srvs2Config.cmake
[0.382s] -- Up-to-date: /home/shlok/motio_planning_ws/install/neo_srvs2/share/neo_srvs2/cmake/neo_srvs2Config-version.cmake
[0.382s] -- Up-to-date: /home/shlok/motio_planning_ws/install/neo_srvs2/share/neo_srvs2/package.xml
[0.382s] Invoked command in '/home/shlok/motio_planning_ws/build/neo_srvs2' returned '0': CMAKE_PREFIX_PATH=/opt/ros/humble /usr/bin/cmake --install /home/shlok/motio_planning_ws/build/neo_srvs2
