[0.005s] Invoking command in '/home/shlok/motio_planning_ws/build/neo_mpc_planner2': AMENT_PREFIX_PATH=/home/shlok/motio_planning_ws/install/neo_srvs2:${AMENT_PREFIX_PATH} CMAKE_PREFIX_PATH=/home/shlok/motio_planning_ws/install/neo_srvs2:/opt/ros/humble LD_LIBRARY_PATH=/home/shlok/motio_planning_ws/install/neo_srvs2/lib:${LD_LIBRARY_PATH} PYTHONPATH=/home/shlok/motio_planning_ws/install/neo_srvs2/local/lib/python3.10/dist-packages:${PYTHONPATH} /usr/bin/cmake /home/shlok/motio_planning_ws/motion_planning_mpc -DCMAKE_INSTALL_PREFIX=/home/shlok/motio_planning_ws/install/neo_mpc_planner2
[0.039s] -- The C compiler identification is GNU 11.4.0
[0.074s] -- The CXX compiler identification is GNU 11.4.0
[0.078s] -- Detecting C compiler ABI info
[0.118s] -- Detecting C compiler ABI info - done
[0.123s] -- Check for working C compiler: /usr/bin/cc - skipped
[0.123s] -- Detecting C compile features
[0.123s] -- Detecting C compile features - done
[0.125s] -- Detecting CXX compiler ABI info
[0.170s] -- Detecting CXX compiler ABI info - done
[0.174s] -- Check for working CXX compiler: /usr/bin/c++ - skipped
[0.174s] -- Detecting CXX compile features
[0.175s] -- Detecting CXX compile features - done
[0.176s] -- Found ament_cmake: 1.3.9 (/opt/ros/humble/share/ament_cmake/cmake)
[0.262s] -- Found Python3: /usr/bin/python3 (found version "3.10.12") found components: Interpreter 
[0.312s] -- Found nav2_common: 1.1.15 (/opt/ros/humble/share/nav2_common/cmake)
[0.313s] -- Found nav2_core: 1.1.15 (/opt/ros/humble/share/nav2_core/cmake)
[0.338s] -- Found rosidl_generator_c: 3.1.5 (/opt/ros/humble/share/rosidl_generator_c/cmake)
[0.340s] -- Found rosidl_adapter: 3.1.5 (/opt/ros/humble/share/rosidl_adapter/cmake)
[0.345s] -- Found rosidl_generator_cpp: 3.1.5 (/opt/ros/humble/share/rosidl_generator_cpp/cmake)
[0.352s] -- Using all available rosidl_typesupport_c: rosidl_typesupport_fastrtps_c;rosidl_typesupport_introspection_c
[0.363s] -- Using all available rosidl_typesupport_cpp: rosidl_typesupport_fastrtps_cpp;rosidl_typesupport_introspection_cpp
[0.403s] -- Found rmw_implementation_cmake: 6.1.2 (/opt/ros/humble/share/rmw_implementation_cmake/cmake)
[0.404s] -- Found rmw_fastrtps_cpp: 6.2.6 (/opt/ros/humble/share/rmw_fastrtps_cpp/cmake)
[0.459s] -- Found OpenSSL: /usr/lib/x86_64-linux-gnu/libcrypto.so (found version "3.0.2")  
[0.475s] -- Found FastRTPS: /opt/ros/humble/include  
[0.503s] -- Using RMW implementation 'rmw_fastrtps_cpp' as default
[0.508s] -- Looking for pthread.h
[0.548s] -- Looking for pthread.h - found
[0.549s] -- Performing Test CMAKE_HAVE_LIBC_PTHREAD
[0.592s] -- Performing Test CMAKE_HAVE_LIBC_PTHREAD - Success
[0.593s] -- Found Threads: TRUE  
[1.301s] -- Found Eigen3: TRUE (found version "3.4.0") 
[1.301s] -- Ensuring Eigen3 include directory is part of orocos-kdl CMake target
[2.237s] -- Found tf2_eigen: 0.25.7 (/opt/ros/humble/share/tf2_eigen/cmake)
[2.240s] -- Found neo_srvs2: 0.1.0 (/home/shlok/motio_planning_ws/install/neo_srvs2/share/neo_srvs2/cmake)
[2.272s] -- Found rclpy: 3.3.13 (/opt/ros/humble/share/rclpy/cmake)
[3.798s] -- Configuring done
[3.890s] -- Generating done
[3.891s] -- Build files have been written to: /home/shlok/motio_planning_ws/build/neo_mpc_planner2
[3.900s] Invoked command in '/home/shlok/motio_planning_ws/build/neo_mpc_planner2' returned '0': AMENT_PREFIX_PATH=/home/shlok/motio_planning_ws/install/neo_srvs2:${AMENT_PREFIX_PATH} CMAKE_PREFIX_PATH=/home/shlok/motio_planning_ws/install/neo_srvs2:/opt/ros/humble LD_LIBRARY_PATH=/home/shlok/motio_planning_ws/install/neo_srvs2/lib:${LD_LIBRARY_PATH} PYTHONPATH=/home/shlok/motio_planning_ws/install/neo_srvs2/local/lib/python3.10/dist-packages:${PYTHONPATH} /usr/bin/cmake /home/shlok/motio_planning_ws/motion_planning_mpc -DCMAKE_INSTALL_PREFIX=/home/shlok/motio_planning_ws/install/neo_mpc_planner2
[3.900s] Invoking command in '/home/shlok/motio_planning_ws/build/neo_mpc_planner2': AMENT_PREFIX_PATH=/home/shlok/motio_planning_ws/install/neo_srvs2:${AMENT_PREFIX_PATH} CMAKE_PREFIX_PATH=/home/shlok/motio_planning_ws/install/neo_srvs2:/opt/ros/humble LD_LIBRARY_PATH=/home/shlok/motio_planning_ws/install/neo_srvs2/lib:${LD_LIBRARY_PATH} PYTHONPATH=/home/shlok/motio_planning_ws/install/neo_srvs2/local/lib/python3.10/dist-packages:${PYTHONPATH} /usr/bin/cmake --build /home/shlok/motio_planning_ws/build/neo_mpc_planner2 -- -j16 -l16
[3.934s] [ 50%] [32mBuilding CXX object CMakeFiles/neo_mpc_planner2.dir/src/NeoMpcPlanner.cpp.o[0m
[3.938s] [ 50%] Built target ament_cmake_python_copy_neo_mpc_planner2
[3.938s] [ 50%] Built target ament_cmake_python_copy_neo_mpc_planner2_setup
[4.068s] running egg_info
[4.069s] creating neo_mpc_planner2.egg-info
[4.069s] writing neo_mpc_planner2.egg-info/PKG-INFO
[4.069s] writing dependency_links to neo_mpc_planner2.egg-info/dependency_links.txt
[4.069s] writing top-level names to neo_mpc_planner2.egg-info/top_level.txt
[4.069s] writing manifest file 'neo_mpc_planner2.egg-info/SOURCES.txt'
[4.070s] reading manifest file 'neo_mpc_planner2.egg-info/SOURCES.txt'
[4.070s] writing manifest file 'neo_mpc_planner2.egg-info/SOURCES.txt'
[4.087s] [ 50%] Built target ament_cmake_python_build_neo_mpc_planner2_egg
[4.308s] [01m[K/home/shlok/motio_planning_ws/motion_planning_mpc/src/NeoMpcPlanner.cpp:34:10:[m[K [01;31m[Kfatal error: [m[Knav2_core/controller_exceptions.hpp: No such file or directory
[4.308s]    34 | #include [01;31m[K"nav2_core/controller_exceptions.hpp"[m[K
[4.308s]       |          [01;31m[K^~~~~~~~~~~~~~~~~~~~~~~~~~~~~~~~~~~~~[m[K
[4.308s] compilation terminated.
[4.311s] gmake[2]: *** [CMakeFiles/neo_mpc_planner2.dir/build.make:76: CMakeFiles/neo_mpc_planner2.dir/src/NeoMpcPlanner.cpp.o] Error 1
[4.311s] gmake[1]: *** [CMakeFiles/Makefile2:220: CMakeFiles/neo_mpc_planner2.dir/all] Error 2
[4.311s] gmake: *** [Makefile:146: all] Error 2
[4.313s] Invoked command in '/home/shlok/motio_planning_ws/build/neo_mpc_planner2' returned '2': AMENT_PREFIX_PATH=/home/shlok/motio_planning_ws/install/neo_srvs2:${AMENT_PREFIX_PATH} CMAKE_PREFIX_PATH=/home/shlok/motio_planning_ws/install/neo_srvs2:/opt/ros/humble LD_LIBRARY_PATH=/home/shlok/motio_planning_ws/install/neo_srvs2/lib:${LD_LIBRARY_PATH} PYTHONPATH=/home/shlok/motio_planning_ws/install/neo_srvs2/local/lib/python3.10/dist-packages:${PYTHONPATH} /usr/bin/cmake --build /home/shlok/motio_planning_ws/build/neo_mpc_planner2 -- -j16 -l16
