-- Found ament_cmake: 1.3.9 (/opt/ros/humble/share/ament_cmake/cmake)
-- Found nav2_common: 1.1.15 (/opt/ros/humble/share/nav2_common/cmake)
-- Found nav2_core: 1.1.15 (/opt/ros/humble/share/nav2_core/cmake)
-- Found rosidl_generator_c: 3.1.5 (/opt/ros/humble/share/rosidl_generator_c/cmake)
-- Found rosidl_adapter: 3.1.5 (/opt/ros/humble/share/rosidl_adapter/cmake)
-- Found rosidl_generator_cpp: 3.1.5 (/opt/ros/humble/share/rosidl_generator_cpp/cmake)
-- Using all available rosidl_typesupport_c: rosidl_typesupport_fastrtps_c;rosidl_typesupport_introspection_c
-- Using all available rosidl_typesupport_cpp: rosidl_typesupport_fastrtps_cpp;rosidl_typesupport_introspection_cpp
-- Found rmw_implementation_cmake: 6.1.2 (/opt/ros/humble/share/rmw_implementation_cmake/cmake)
-- Found rmw_fastrtps_cpp: 6.2.6 (/opt/ros/humble/share/rmw_fastrtps_cpp/cmake)
-- Using RMW implementation 'rmw_fastrtps_cpp' as default
-- Ensuring Eigen3 include directory is part of orocos-kdl CMake target
-- Found tf2_eigen: 0.25.7 (/opt/ros/humble/share/tf2_eigen/cmake)
-- Configuring incomplete, errors occurred!
See also "/home/shlok/motion_planning_mpc/build/neo_mpc_planner2/CMakeFiles/CMakeOutput.log".
[31mCMake Error at CMakeLists.txt:18 (find_package):
  By not providing "Findneo_srvs2.cmake" in CMAKE_MODULE_PATH this project
  has asked CMake to find a package configuration file provided by
  "neo_srvs2", but CMake did not find one.

  Could not find a package configuration file provided by "neo_srvs2" with
  any of the following names:

    neo_srvs2Config.cmake
    neo_srvs2-config.cmake

  Add the installation prefix of "neo_srvs2" to CMAKE_PREFIX_PATH or set
  "neo_srvs2_DIR" to a directory containing one of the above files.  If
  "neo_srvs2" provides a separate development package or SDK, be sure it has
  been installed.

[0m
