[0.006s] Invoking command in '/home/shlok/motion_planning_mpc/build/neo_mpc_planner2': CMAKE_PREFIX_PATH=/opt/ros/humble /usr/bin/cmake /home/shlok/motion_planning_mpc -DCMAKE_INSTALL_PREFIX=/home/shlok/motion_planning_mpc/install/neo_mpc_planner2
[0.013s] -- Found ament_cmake: 1.3.9 (/opt/ros/humble/share/ament_cmake/cmake)
[0.088s] -- Found nav2_common: 1.1.15 (/opt/ros/humble/share/nav2_common/cmake)
[0.088s] -- Found nav2_core: 1.1.15 (/opt/ros/humble/share/nav2_core/cmake)
[0.105s] -- Found rosidl_generator_c: 3.1.5 (/opt/ros/humble/share/rosidl_generator_c/cmake)
[0.106s] -- Found rosidl_adapter: 3.1.5 (/opt/ros/humble/share/rosidl_adapter/cmake)
[0.110s] -- Found rosidl_generator_cpp: 3.1.5 (/opt/ros/humble/share/rosidl_generator_cpp/cmake)
[0.116s] -- Using all available rosidl_typesupport_c: rosidl_typesupport_fastrtps_c;rosidl_typesupport_introspection_c
[0.124s] -- Using all available rosidl_typesupport_cpp: rosidl_typesupport_fastrtps_cpp;rosidl_typesupport_introspection_cpp
[0.157s] -- Found rmw_implementation_cmake: 6.1.2 (/opt/ros/humble/share/rmw_implementation_cmake/cmake)
[0.157s] -- Found rmw_fastrtps_cpp: 6.2.6 (/opt/ros/humble/share/rmw_fastrtps_cpp/cmake)
[0.223s] -- Using RMW implementation 'rmw_fastrtps_cpp' as default
[0.892s] -- Ensuring Eigen3 include directory is part of orocos-kdl CMake target
[1.815s] -- Found tf2_eigen: 0.25.7 (/opt/ros/humble/share/tf2_eigen/cmake)
[1.823s] -- Configuring incomplete, errors occurred!
[1.823s] See also "/home/shlok/motion_planning_mpc/build/neo_mpc_planner2/CMakeFiles/CMakeOutput.log".
[1.823s] [31mCMake Error at CMakeLists.txt:18 (find_package):
[1.823s]   By not providing "Findneo_srvs2.cmake" in CMAKE_MODULE_PATH this project
[1.823s]   has asked CMake to find a package configuration file provided by
[1.823s]   "neo_srvs2", but CMake did not find one.
[1.823s] 
[1.823s]   Could not find a package configuration file provided by "neo_srvs2" with
[1.823s]   any of the following names:
[1.823s] 
[1.823s]     neo_srvs2Config.cmake
[1.823s]     neo_srvs2-config.cmake
[1.823s] 
[1.823s]   Add the installation prefix of "neo_srvs2" to CMAKE_PREFIX_PATH or set
[1.823s]   "neo_srvs2_DIR" to a directory containing one of the above files.  If
[1.824s]   "neo_srvs2" provides a separate development package or SDK, be sure it has
[1.824s]   been installed.
[1.824s] 
[1.824s] [0m
[1.830s] Invoked command in '/home/shlok/motion_planning_mpc/build/neo_mpc_planner2' returned '1': CMAKE_PREFIX_PATH=/opt/ros/humble /usr/bin/cmake /home/shlok/motion_planning_mpc -DCMAKE_INSTALL_PREFIX=/home/shlok/motion_planning_mpc/install/neo_mpc_planner2
