[0.012s] Invoking command in '/home/shlok/motio_planning_ws/build/neo_srvs2': CMAKE_PREFIX_PATH=/opt/ros/humble /usr/bin/cmake /home/shlok/motio_planning_ws/neo_srvs2 -DCMAKE_INSTALL_PREFIX=/home/shlok/motio_planning_ws/install/neo_srvs2
[0.044s] -- The C compiler identification is GNU 11.4.0
[0.076s] -- The CXX compiler identification is GNU 11.4.0
[0.080s] -- Detecting C compiler ABI info
[0.120s] -- Detecting C compiler ABI info - done
[0.124s] -- Check for working C compiler: /usr/bin/cc - skipped
[0.125s] -- Detecting C compile features
[0.125s] -- Detecting C compile features - done
[0.127s] -- Detecting CXX compiler ABI info
[0.174s] -- Detecting CXX compiler ABI info - done
[0.178s] -- Check for working CXX compiler: /usr/bin/c++ - skipped
[0.178s] -- Detecting CXX compile features
[0.179s] -- Detecting CXX compile features - done
[0.181s] -- Found rosidl_default_generators: 1.2.0 (/opt/ros/humble/share/rosidl_default_generators/cmake)
[0.182s] -- Found ament_cmake_core: 1.3.9 (/opt/ros/humble/share/ament_cmake_core/cmake)
[0.273s] -- Found Python3: /usr/bin/python3 (found version "3.10.12") found components: Interpreter 
[0.310s] -- Using all available rosidl_typesupport_c: rosidl_typesupport_fastrtps_c;rosidl_typesupport_introspection_c
[0.315s] -- Found rosidl_adapter: 3.1.5 (/opt/ros/humble/share/rosidl_adapter/cmake)
[0.357s] -- Using all available rosidl_typesupport_cpp: rosidl_typesupport_fastrtps_cpp;rosidl_typesupport_introspection_cpp
[0.381s] -- Found geometry_msgs: 4.2.4 (/opt/ros/humble/share/geometry_msgs/cmake)
[0.684s] -- Found ament_cmake_ros: 0.10.0 (/opt/ros/humble/share/ament_cmake_ros/cmake)
[0.831s] -- Using all available rosidl_typesupport_c: rosidl_typesupport_fastrtps_c;rosidl_typesupport_introspection_c
[1.017s] -- Using all available rosidl_typesupport_cpp: rosidl_typesupport_fastrtps_cpp;rosidl_typesupport_introspection_cpp
[1.030s] -- Found PythonInterp: /usr/bin/python3 (found suitable version "3.10.12", minimum required is "3.6") 
[1.032s] -- Found python_cmake_module: 0.10.0 (/opt/ros/humble/share/python_cmake_module/cmake)
[1.050s] -- Found PythonLibs: /usr/lib/x86_64-linux-gnu/libpython3.10.so (found suitable version "3.10.12", minimum required is "3.5") 
[1.050s] -- Using PYTHON_EXECUTABLE: /usr/bin/python3
[1.050s] -- Using PYTHON_INCLUDE_DIRS: /usr/include/python3.10
[1.050s] -- Using PYTHON_LIBRARIES: /usr/lib/x86_64-linux-gnu/libpython3.10.so
[1.062s] -- Found PythonExtra: .so  
[1.101s] -- Configuring done
[1.128s] -- Generating done
[1.130s] -- Build files have been written to: /home/shlok/motio_planning_ws/build/neo_srvs2
[1.138s] Invoked command in '/home/shlok/motio_planning_ws/build/neo_srvs2' returned '0': CMAKE_PREFIX_PATH=/opt/ros/humble /usr/bin/cmake /home/shlok/motio_planning_ws/neo_srvs2 -DCMAKE_INSTALL_PREFIX=/home/shlok/motio_planning_ws/install/neo_srvs2
[1.138s] Invoking command in '/home/shlok/motio_planning_ws/build/neo_srvs2': CMAKE_PREFIX_PATH=/opt/ros/humble /usr/bin/cmake --build /home/shlok/motio_planning_ws/build/neo_srvs2 -- -j16 -l16
[1.164s] [  1%] [34m[1mGenerating C code for ROS interfaces[0m
[1.169s] [  1%] [34m[1mGenerating C++ code for ROS interfaces[0m
[1.173s] [  1%] Built target ament_cmake_python_copy_neo_srvs2
[1.313s] running egg_info
[1.313s] creating neo_srvs2.egg-info
[1.313s] writing neo_srvs2.egg-info/PKG-INFO
[1.313s] writing dependency_links to neo_srvs2.egg-info/dependency_links.txt
[1.313s] writing top-level names to neo_srvs2.egg-info/top_level.txt
[1.313s] writing manifest file 'neo_srvs2.egg-info/SOURCES.txt'
[1.315s] reading manifest file 'neo_srvs2.egg-info/SOURCES.txt'
[1.315s] writing manifest file 'neo_srvs2.egg-info/SOURCES.txt'
[1.332s] [  1%] Built target ament_cmake_python_build_neo_srvs2_egg
[1.866s] [  1%] Built target neo_srvs2__cpp
[1.873s] [  3%] [34m[1mGenerating C++ type support for eProsima Fast-RTPS[0m
[1.873s] [  3%] [34m[1mGenerating C++ introspection for ROS interfaces[0m
[1.873s] [  3%] [34m[1mGenerating C++ type support dispatch for ROS interfaces[0m
[2.053s] [  3%] [32mBuilding C object CMakeFiles/neo_srvs2__rosidl_generator_c.dir/rosidl_generator_c/neo_srvs2/srv/detail/io_board_set_dig_out__functions.c.o[0m
[2.053s] [  4%] [32mBuilding C object CMakeFiles/neo_srvs2__rosidl_generator_c.dir/rosidl_generator_c/neo_srvs2/srv/detail/relay_board_set_relay__functions.c.o[0m
[2.056s] [  6%] [32mBuilding C object CMakeFiles/neo_srvs2__rosidl_generator_c.dir/rosidl_generator_c/neo_srvs2/srv/detail/lock_platform__functions.c.o[0m
[2.056s] [  7%] [32mBuilding C object CMakeFiles/neo_srvs2__rosidl_generator_c.dir/rosidl_generator_c/neo_srvs2/srv/detail/relay_board_set_lcd_msg__functions.c.o[0m
[2.057s] [  7%] [32mBuilding C object CMakeFiles/neo_srvs2__rosidl_generator_c.dir/rosidl_generator_c/neo_srvs2/srv/detail/reset_omni_wheels__functions.c.o[0m
[2.058s] [  9%] [32mBuilding C object CMakeFiles/neo_srvs2__rosidl_generator_c.dir/rosidl_generator_c/neo_srvs2/srv/detail/relay_board_un_set_em_stop__functions.c.o[0m
[2.060s] [  9%] [32mBuilding C object CMakeFiles/neo_srvs2__rosidl_generator_c.dir/rosidl_generator_c/neo_srvs2/srv/detail/unlock_platform__functions.c.o[0m
[2.061s] [  9%] [32mBuilding C object CMakeFiles/neo_srvs2__rosidl_generator_c.dir/rosidl_generator_c/neo_srvs2/srv/detail/relay_board_set_em_stop__functions.c.o[0m
[2.061s] [ 10%] [32mBuilding C object CMakeFiles/neo_srvs2__rosidl_generator_c.dir/rosidl_generator_c/neo_srvs2/srv/detail/optimizer__functions.c.o[0m
[2.064s] [ 12%] [32mBuilding C object CMakeFiles/neo_srvs2__rosidl_generator_c.dir/rosidl_generator_c/neo_srvs2/srv/detail/us_board_toggle_sensor__functions.c.o[0m
[2.065s] [ 12%] [32mBuilding C object CMakeFiles/neo_srvs2__rosidl_generator_c.dir/rosidl_generator_c/neo_srvs2/srv/detail/relay_board_set_led__functions.c.o[0m
[2.071s] [ 13%] [32mBuilding C object CMakeFiles/neo_srvs2__rosidl_generator_c.dir/rosidl_generator_c/neo_srvs2/srv/detail/set_safety_field__functions.c.o[0m
[2.071s] [ 13%] [32mBuilding C object CMakeFiles/neo_srvs2__rosidl_generator_c.dir/rosidl_generator_c/neo_srvs2/srv/detail/initialize_contour_matching__functions.c.o[0m
[2.259s] [ 14%] [32m[1mLinking C shared library libneo_srvs2__rosidl_generator_c.so[0m
[2.285s] [ 14%] Built target neo_srvs2__rosidl_generator_c
[2.291s] [ 15%] [34m[1mGenerating C type support for eProsima Fast-RTPS[0m
[2.294s] [ 17%] [34m[1mGenerating C introspection for ROS interfaces[0m
[2.294s] [ 17%] [34m[1mGenerating C type support dispatch for ROS interfaces[0m
[2.579s] [ 18%] [32mBuilding CXX object CMakeFiles/neo_srvs2__rosidl_typesupport_cpp.dir/rosidl_typesupport_cpp/neo_srvs2/srv/relay_board_set_relay__type_support.cpp.o[0m
[2.584s] [ 19%] [32mBuilding CXX object CMakeFiles/neo_srvs2__rosidl_typesupport_cpp.dir/rosidl_typesupport_cpp/neo_srvs2/srv/lock_platform__type_support.cpp.o[0m
[2.596s] [ 19%] [32mBuilding CXX object CMakeFiles/neo_srvs2__rosidl_typesupport_cpp.dir/rosidl_typesupport_cpp/neo_srvs2/srv/relay_board_set_lcd_msg__type_support.cpp.o[0m
[2.596s] [ 22%] [32mBuilding CXX object CMakeFiles/neo_srvs2__rosidl_typesupport_cpp.dir/rosidl_typesupport_cpp/neo_srvs2/srv/relay_board_set_em_stop__type_support.cpp.o[0m
[2.596s] [ 23%] [32mBuilding CXX object CMakeFiles/neo_srvs2__rosidl_typesupport_cpp.dir/rosidl_typesupport_cpp/neo_srvs2/srv/relay_board_un_set_em_stop__type_support.cpp.o[0m
[2.596s] [ 24%] [32mBuilding CXX object CMakeFiles/neo_srvs2__rosidl_typesupport_cpp.dir/rosidl_typesupport_cpp/neo_srvs2/srv/relay_board_set_led__type_support.cpp.o[0m
[2.597s] [ 23%] [32mBuilding CXX object CMakeFiles/neo_srvs2__rosidl_typesupport_cpp.dir/rosidl_typesupport_cpp/neo_srvs2/srv/io_board_set_dig_out__type_support.cpp.o[0m
[2.597s] [ 25%] [32mBuilding CXX object CMakeFiles/neo_srvs2__rosidl_typesupport_cpp.dir/rosidl_typesupport_cpp/neo_srvs2/srv/reset_omni_wheels__type_support.cpp.o[0m
[2.597s] [ 25%] [32mBuilding CXX object CMakeFiles/neo_srvs2__rosidl_typesupport_cpp.dir/rosidl_typesupport_cpp/neo_srvs2/srv/unlock_platform__type_support.cpp.o[0m
[2.597s] [ 25%] [32mBuilding CXX object CMakeFiles/neo_srvs2__rosidl_typesupport_cpp.dir/rosidl_typesupport_cpp/neo_srvs2/srv/us_board_toggle_sensor__type_support.cpp.o[0m
[2.616s] [ 26%] [32mBuilding CXX object CMakeFiles/neo_srvs2__rosidl_typesupport_cpp.dir/rosidl_typesupport_cpp/neo_srvs2/srv/optimizer__type_support.cpp.o[0m
[3.827s] [ 27%] [32mBuilding CXX object CMakeFiles/neo_srvs2__rosidl_typesupport_cpp.dir/rosidl_typesupport_cpp/neo_srvs2/srv/initialize_contour_matching__type_support.cpp.o[0m
[3.855s] [ 27%] [32mBuilding CXX object CMakeFiles/neo_srvs2__rosidl_typesupport_cpp.dir/rosidl_typesupport_cpp/neo_srvs2/srv/set_safety_field__type_support.cpp.o[0m
[3.954s] [ 28%] [32mBuilding CXX object CMakeFiles/neo_srvs2__rosidl_typesupport_introspection_cpp.dir/rosidl_typesupport_introspection_cpp/neo_srvs2/srv/detail/relay_board_set_relay__type_support.cpp.o[0m
[3.961s] [ 28%] [32mBuilding CXX object CMakeFiles/neo_srvs2__rosidl_typesupport_introspection_cpp.dir/rosidl_typesupport_introspection_cpp/neo_srvs2/srv/detail/unlock_platform__type_support.cpp.o[0m
[3.962s] [ 29%] [32mBuilding CXX object CMakeFiles/neo_srvs2__rosidl_typesupport_introspection_cpp.dir/rosidl_typesupport_introspection_cpp/neo_srvs2/srv/detail/relay_board_set_lcd_msg__type_support.cpp.o[0m
[3.963s] [ 30%] [32mBuilding CXX object CMakeFiles/neo_srvs2__rosidl_typesupport_introspection_cpp.dir/rosidl_typesupport_introspection_cpp/neo_srvs2/srv/detail/lock_platform__type_support.cpp.o[0m
[3.965s] [ 31%] [32mBuilding CXX object CMakeFiles/neo_srvs2__rosidl_typesupport_introspection_cpp.dir/rosidl_typesupport_introspection_cpp/neo_srvs2/srv/detail/relay_board_un_set_em_stop__type_support.cpp.o[0m
[3.968s] [ 32%] [32mBuilding CXX object CMakeFiles/neo_srvs2__rosidl_typesupport_introspection_cpp.dir/rosidl_typesupport_introspection_cpp/neo_srvs2/srv/detail/reset_omni_wheels__type_support.cpp.o[0m
[3.973s] [ 34%] [32mBuilding CXX object CMakeFiles/neo_srvs2__rosidl_typesupport_introspection_cpp.dir/rosidl_typesupport_introspection_cpp/neo_srvs2/srv/detail/io_board_set_dig_out__type_support.cpp.o[0m
[3.975s] [ 34%] [32mBuilding CXX object CMakeFiles/neo_srvs2__rosidl_typesupport_introspection_cpp.dir/rosidl_typesupport_introspection_cpp/neo_srvs2/srv/detail/relay_board_set_led__type_support.cpp.o[0m
[3.987s] [ 35%] [32mBuilding CXX object CMakeFiles/neo_srvs2__rosidl_typesupport_introspection_cpp.dir/rosidl_typesupport_introspection_cpp/neo_srvs2/srv/detail/relay_board_set_em_stop__type_support.cpp.o[0m
[4.005s] [ 35%] [32mBuilding CXX object CMakeFiles/neo_srvs2__rosidl_typesupport_introspection_cpp.dir/rosidl_typesupport_introspection_cpp/neo_srvs2/srv/detail/us_board_toggle_sensor__type_support.cpp.o[0m
[4.732s] [ 35%] [32mBuilding CXX object CMakeFiles/neo_srvs2__rosidl_typesupport_c.dir/rosidl_typesupport_c/neo_srvs2/srv/relay_board_set_relay__type_support.cpp.o[0m
[4.897s] [ 36%] [32mBuilding CXX object CMakeFiles/neo_srvs2__rosidl_typesupport_c.dir/rosidl_typesupport_c/neo_srvs2/srv/io_board_set_dig_out__type_support.cpp.o[0m
[4.953s] [ 37%] [32mBuilding CXX object CMakeFiles/neo_srvs2__rosidl_typesupport_fastrtps_cpp.dir/rosidl_typesupport_fastrtps_cpp/neo_srvs2/srv/detail/dds_fastrtps/relay_board_set_relay__type_support.cpp.o[0m
[4.994s] [ 38%] [32mBuilding CXX object CMakeFiles/neo_srvs2__rosidl_typesupport_c.dir/rosidl_typesupport_c/neo_srvs2/srv/relay_board_set_lcd_msg__type_support.cpp.o[0m
[5.062s] [ 39%] [32mBuilding CXX object CMakeFiles/neo_srvs2__rosidl_typesupport_fastrtps_cpp.dir/rosidl_typesupport_fastrtps_cpp/neo_srvs2/srv/detail/dds_fastrtps/io_board_set_dig_out__type_support.cpp.o[0m
[5.078s] [ 40%] [32m[1mLinking CXX shared library libneo_srvs2__rosidl_typesupport_cpp.so[0m
[5.141s] [ 41%] [32mBuilding CXX object CMakeFiles/neo_srvs2__rosidl_typesupport_c.dir/rosidl_typesupport_c/neo_srvs2/srv/lock_platform__type_support.cpp.o[0m
[5.279s] [ 42%] [32mBuilding CXX object CMakeFiles/neo_srvs2__rosidl_typesupport_c.dir/rosidl_typesupport_c/neo_srvs2/srv/unlock_platform__type_support.cpp.o[0m
[5.341s] [ 42%] Built target neo_srvs2__rosidl_typesupport_cpp
[5.431s] [ 42%] [32mBuilding CXX object CMakeFiles/neo_srvs2__rosidl_typesupport_c.dir/rosidl_typesupport_c/neo_srvs2/srv/reset_omni_wheels__type_support.cpp.o[0m
[5.452s] [ 43%] [32mBuilding CXX object CMakeFiles/neo_srvs2__rosidl_typesupport_fastrtps_cpp.dir/rosidl_typesupport_fastrtps_cpp/neo_srvs2/srv/detail/dds_fastrtps/relay_board_set_lcd_msg__type_support.cpp.o[0m
[5.556s] [ 44%] [32mBuilding CXX object CMakeFiles/neo_srvs2__rosidl_typesupport_c.dir/rosidl_typesupport_c/neo_srvs2/srv/relay_board_set_em_stop__type_support.cpp.o[0m
[5.570s] [ 45%] [32mBuilding CXX object CMakeFiles/neo_srvs2__rosidl_typesupport_introspection_cpp.dir/rosidl_typesupport_introspection_cpp/neo_srvs2/srv/detail/optimizer__type_support.cpp.o[0m
[5.607s] [ 46%] [32mBuilding CXX object CMakeFiles/neo_srvs2__rosidl_typesupport_introspection_cpp.dir/rosidl_typesupport_introspection_cpp/neo_srvs2/srv/detail/initialize_contour_matching__type_support.cpp.o[0m
[5.674s] [ 47%] [32mBuilding CXX object CMakeFiles/neo_srvs2__rosidl_typesupport_c.dir/rosidl_typesupport_c/neo_srvs2/srv/relay_board_un_set_em_stop__type_support.cpp.o[0m
[5.676s] [ 48%] [32mBuilding CXX object CMakeFiles/neo_srvs2__rosidl_typesupport_introspection_cpp.dir/rosidl_typesupport_introspection_cpp/neo_srvs2/srv/detail/set_safety_field__type_support.cpp.o[0m
[5.685s] [ 49%] [32mBuilding CXX object CMakeFiles/neo_srvs2__rosidl_typesupport_c.dir/rosidl_typesupport_c/neo_srvs2/srv/relay_board_set_led__type_support.cpp.o[0m
[5.701s] [ 50%] [32mBuilding CXX object CMakeFiles/neo_srvs2__rosidl_typesupport_fastrtps_c.dir/rosidl_typesupport_fastrtps_c/neo_srvs2/srv/detail/relay_board_set_relay__type_support_c.cpp.o[0m
[5.718s] [ 51%] [32mBuilding CXX object CMakeFiles/neo_srvs2__rosidl_typesupport_fastrtps_c.dir/rosidl_typesupport_fastrtps_c/neo_srvs2/srv/detail/relay_board_set_lcd_msg__type_support_c.cpp.o[0m
[5.718s] [ 51%] [32mBuilding CXX object CMakeFiles/neo_srvs2__rosidl_typesupport_fastrtps_c.dir/rosidl_typesupport_fastrtps_c/neo_srvs2/srv/detail/io_board_set_dig_out__type_support_c.cpp.o[0m
[5.719s] [ 52%] [32mBuilding CXX object CMakeFiles/neo_srvs2__rosidl_typesupport_c.dir/rosidl_typesupport_c/neo_srvs2/srv/us_board_toggle_sensor__type_support.cpp.o[0m
[5.725s] [ 52%] [32mBuilding CXX object CMakeFiles/neo_srvs2__rosidl_typesupport_fastrtps_cpp.dir/rosidl_typesupport_fastrtps_cpp/neo_srvs2/srv/detail/dds_fastrtps/lock_platform__type_support.cpp.o[0m
[5.731s] [ 52%] [32mBuilding CXX object CMakeFiles/neo_srvs2__rosidl_typesupport_c.dir/rosidl_typesupport_c/neo_srvs2/srv/optimizer__type_support.cpp.o[0m
[5.733s] [ 53%] [32mBuilding CXX object CMakeFiles/neo_srvs2__rosidl_typesupport_c.dir/rosidl_typesupport_c/neo_srvs2/srv/initialize_contour_matching__type_support.cpp.o[0m
[5.750s] [ 54%] [32mBuilding CXX object CMakeFiles/neo_srvs2__rosidl_typesupport_c.dir/rosidl_typesupport_c/neo_srvs2/srv/set_safety_field__type_support.cpp.o[0m
[5.778s] [ 56%] [32mBuilding CXX object CMakeFiles/neo_srvs2__rosidl_typesupport_fastrtps_cpp.dir/rosidl_typesupport_fastrtps_cpp/neo_srvs2/srv/detail/dds_fastrtps/unlock_platform__type_support.cpp.o[0m
[5.778s] [ 56%] [32mBuilding CXX object CMakeFiles/neo_srvs2__rosidl_typesupport_fastrtps_c.dir/rosidl_typesupport_fastrtps_c/neo_srvs2/srv/detail/lock_platform__type_support_c.cpp.o[0m
[5.786s] [ 57%] [32mBuilding CXX object CMakeFiles/neo_srvs2__rosidl_typesupport_fastrtps_cpp.dir/rosidl_typesupport_fastrtps_cpp/neo_srvs2/srv/detail/dds_fastrtps/reset_omni_wheels__type_support.cpp.o[0m
[5.810s] [ 58%] [32m[1mLinking CXX shared library libneo_srvs2__rosidl_typesupport_c.so[0m
[5.819s] [ 59%] [32mBuilding CXX object CMakeFiles/neo_srvs2__rosidl_typesupport_fastrtps_cpp.dir/rosidl_typesupport_fastrtps_cpp/neo_srvs2/srv/detail/dds_fastrtps/relay_board_set_em_stop__type_support.cpp.o[0m
[5.834s] [ 60%] [32mBuilding C object CMakeFiles/neo_srvs2__rosidl_typesupport_introspection_c.dir/rosidl_typesupport_introspection_c/neo_srvs2/srv/detail/relay_board_set_relay__type_support.c.o[0m
[5.887s] [ 61%] [32mBuilding C object CMakeFiles/neo_srvs2__rosidl_typesupport_introspection_c.dir/rosidl_typesupport_introspection_c/neo_srvs2/srv/detail/io_board_set_dig_out__type_support.c.o[0m
[5.893s] [ 61%] Built target neo_srvs2__rosidl_typesupport_c
[5.902s] [ 61%] [32mBuilding C object CMakeFiles/neo_srvs2__rosidl_typesupport_introspection_c.dir/rosidl_typesupport_introspection_c/neo_srvs2/srv/detail/relay_board_set_lcd_msg__type_support.c.o[0m
[5.937s] [ 62%] [32mBuilding C object CMakeFiles/neo_srvs2__rosidl_typesupport_introspection_c.dir/rosidl_typesupport_introspection_c/neo_srvs2/srv/detail/lock_platform__type_support.c.o[0m
[5.941s] [ 63%] [32mBuilding C object CMakeFiles/neo_srvs2__rosidl_typesupport_introspection_c.dir/rosidl_typesupport_introspection_c/neo_srvs2/srv/detail/unlock_platform__type_support.c.o[0m
[5.981s] [ 64%] [32mBuilding C object CMakeFiles/neo_srvs2__rosidl_typesupport_introspection_c.dir/rosidl_typesupport_introspection_c/neo_srvs2/srv/detail/reset_omni_wheels__type_support.c.o[0m
[5.990s] [ 65%] [32mBuilding C object CMakeFiles/neo_srvs2__rosidl_typesupport_introspection_c.dir/rosidl_typesupport_introspection_c/neo_srvs2/srv/detail/relay_board_set_em_stop__type_support.c.o[0m
[6.028s] [ 66%] [32mBuilding CXX object CMakeFiles/neo_srvs2__rosidl_typesupport_fastrtps_cpp.dir/rosidl_typesupport_fastrtps_cpp/neo_srvs2/srv/detail/dds_fastrtps/relay_board_un_set_em_stop__type_support.cpp.o[0m
[6.037s] [ 66%] [32mBuilding C object CMakeFiles/neo_srvs2__rosidl_typesupport_introspection_c.dir/rosidl_typesupport_introspection_c/neo_srvs2/srv/detail/relay_board_un_set_em_stop__type_support.c.o[0m
[6.064s] [ 66%] [32mBuilding CXX object CMakeFiles/neo_srvs2__rosidl_typesupport_fastrtps_cpp.dir/rosidl_typesupport_fastrtps_cpp/neo_srvs2/srv/detail/dds_fastrtps/relay_board_set_led__type_support.cpp.o[0m
[6.075s] [ 67%] [32mBuilding CXX object CMakeFiles/neo_srvs2__rosidl_typesupport_fastrtps_cpp.dir/rosidl_typesupport_fastrtps_cpp/neo_srvs2/srv/detail/dds_fastrtps/us_board_toggle_sensor__type_support.cpp.o[0m
[6.084s] [ 68%] [32mBuilding C object CMakeFiles/neo_srvs2__rosidl_typesupport_introspection_c.dir/rosidl_typesupport_introspection_c/neo_srvs2/srv/detail/relay_board_set_led__type_support.c.o[0m
[6.085s] [ 69%] [32mBuilding C object CMakeFiles/neo_srvs2__rosidl_typesupport_introspection_c.dir/rosidl_typesupport_introspection_c/neo_srvs2/srv/detail/us_board_toggle_sensor__type_support.c.o[0m
[6.107s] [ 70%] [32mBuilding C object CMakeFiles/neo_srvs2__rosidl_typesupport_introspection_c.dir/rosidl_typesupport_introspection_c/neo_srvs2/srv/detail/optimizer__type_support.c.o[0m
[6.128s] [ 71%] [32m[1mLinking CXX shared library libneo_srvs2__rosidl_typesupport_introspection_cpp.so[0m
[6.134s] [ 72%] [32mBuilding C object CMakeFiles/neo_srvs2__rosidl_typesupport_introspection_c.dir/rosidl_typesupport_introspection_c/neo_srvs2/srv/detail/initialize_contour_matching__type_support.c.o[0m
[6.134s] [ 73%] [32mBuilding CXX object CMakeFiles/neo_srvs2__rosidl_typesupport_fastrtps_cpp.dir/rosidl_typesupport_fastrtps_cpp/neo_srvs2/srv/detail/dds_fastrtps/optimizer__type_support.cpp.o[0m
[6.136s] [ 74%] [32mBuilding CXX object CMakeFiles/neo_srvs2__rosidl_typesupport_fastrtps_c.dir/rosidl_typesupport_fastrtps_c/neo_srvs2/srv/detail/unlock_platform__type_support_c.cpp.o[0m
[6.149s] [ 74%] [32mBuilding C object CMakeFiles/neo_srvs2__rosidl_typesupport_introspection_c.dir/rosidl_typesupport_introspection_c/neo_srvs2/srv/detail/set_safety_field__type_support.c.o[0m
[6.161s] [ 75%] [32mBuilding CXX object CMakeFiles/neo_srvs2__rosidl_typesupport_fastrtps_c.dir/rosidl_typesupport_fastrtps_c/neo_srvs2/srv/detail/reset_omni_wheels__type_support_c.cpp.o[0m
[6.175s] [ 75%] [32mBuilding CXX object CMakeFiles/neo_srvs2__rosidl_typesupport_fastrtps_c.dir/rosidl_typesupport_fastrtps_c/neo_srvs2/srv/detail/relay_board_set_em_stop__type_support_c.cpp.o[0m
[6.179s] [ 76%] [32mBuilding CXX object CMakeFiles/neo_srvs2__rosidl_typesupport_fastrtps_cpp.dir/rosidl_typesupport_fastrtps_cpp/neo_srvs2/srv/detail/dds_fastrtps/initialize_contour_matching__type_support.cpp.o[0m
[6.205s] [ 77%] [32mBuilding CXX object CMakeFiles/neo_srvs2__rosidl_typesupport_fastrtps_c.dir/rosidl_typesupport_fastrtps_c/neo_srvs2/srv/detail/relay_board_un_set_em_stop__type_support_c.cpp.o[0m
[6.206s] [ 78%] [32m[1mLinking C shared library libneo_srvs2__rosidl_typesupport_introspection_c.so[0m
[6.240s] [ 78%] Built target neo_srvs2__rosidl_typesupport_introspection_cpp
[6.250s] [ 79%] [32mBuilding CXX object CMakeFiles/neo_srvs2__rosidl_typesupport_fastrtps_c.dir/rosidl_typesupport_fastrtps_c/neo_srvs2/srv/detail/relay_board_set_led__type_support_c.cpp.o[0m
[6.257s] [ 79%] Built target neo_srvs2__rosidl_typesupport_introspection_c
[6.280s] [ 80%] [32mBuilding CXX object CMakeFiles/neo_srvs2__rosidl_typesupport_fastrtps_c.dir/rosidl_typesupport_fastrtps_c/neo_srvs2/srv/detail/us_board_toggle_sensor__type_support_c.cpp.o[0m
[6.290s] [ 81%] [32mBuilding CXX object CMakeFiles/neo_srvs2__rosidl_typesupport_fastrtps_c.dir/rosidl_typesupport_fastrtps_c/neo_srvs2/srv/detail/optimizer__type_support_c.cpp.o[0m
[6.314s] [ 82%] [32mBuilding CXX object CMakeFiles/neo_srvs2__rosidl_typesupport_fastrtps_cpp.dir/rosidl_typesupport_fastrtps_cpp/neo_srvs2/srv/detail/dds_fastrtps/set_safety_field__type_support.cpp.o[0m
[6.319s] [ 82%] [32mBuilding CXX object CMakeFiles/neo_srvs2__rosidl_typesupport_fastrtps_c.dir/rosidl_typesupport_fastrtps_c/neo_srvs2/srv/detail/initialize_contour_matching__type_support_c.cpp.o[0m
[6.383s] [ 83%] [32mBuilding CXX object CMakeFiles/neo_srvs2__rosidl_typesupport_fastrtps_c.dir/rosidl_typesupport_fastrtps_c/neo_srvs2/srv/detail/set_safety_field__type_support_c.cpp.o[0m
[6.684s] [ 84%] [32m[1mLinking CXX shared library libneo_srvs2__rosidl_typesupport_fastrtps_c.so[0m
[6.704s] [ 84%] [32m[1mLinking CXX shared library libneo_srvs2__rosidl_typesupport_fastrtps_cpp.so[0m
[6.736s] [ 84%] Built target neo_srvs2__rosidl_typesupport_fastrtps_c
[6.756s] [ 84%] Built target neo_srvs2__rosidl_typesupport_fastrtps_cpp
[6.769s] [ 84%] Built target neo_srvs2
[6.783s] [ 85%] [34m[1mGenerating Python code for ROS interfaces[0m
[7.883s] [ 85%] Built target neo_srvs2__py
[7.898s] [ 86%] [32mBuilding C object CMakeFiles/neo_srvs2__rosidl_generator_py.dir/rosidl_generator_py/neo_srvs2/srv/_relay_board_set_lcd_msg_s.c.o[0m
[7.898s] [ 87%] [32mBuilding C object CMakeFiles/neo_srvs2__rosidl_generator_py.dir/rosidl_generator_py/neo_srvs2/srv/_io_board_set_dig_out_s.c.o[0m
[7.898s] [ 87%] [32mBuilding C object CMakeFiles/neo_srvs2__rosidl_generator_py.dir/rosidl_generator_py/neo_srvs2/srv/_relay_board_set_relay_s.c.o[0m
[7.898s] [ 88%] [32mBuilding C object CMakeFiles/neo_srvs2__rosidl_generator_py.dir/rosidl_generator_py/neo_srvs2/srv/_reset_omni_wheels_s.c.o[0m
[7.900s] [ 90%] [32mBuilding C object CMakeFiles/neo_srvs2__rosidl_generator_py.dir/rosidl_generator_py/neo_srvs2/srv/_optimizer_s.c.o[0m
[7.900s] [ 90%] [32mBuilding C object CMakeFiles/neo_srvs2__rosidl_generator_py.dir/rosidl_generator_py/neo_srvs2/srv/_lock_platform_s.c.o[0m
[7.900s] [ 91%] [32mBuilding C object CMakeFiles/neo_srvs2__rosidl_generator_py.dir/rosidl_generator_py/neo_srvs2/srv/_set_safety_field_s.c.o[0m
[7.900s] [ 92%] [32mBuilding C object CMakeFiles/neo_srvs2__rosidl_generator_py.dir/rosidl_generator_py/neo_srvs2/srv/_unlock_platform_s.c.o[0m
[7.901s] [ 92%] [32mBuilding C object CMakeFiles/neo_srvs2__rosidl_generator_py.dir/rosidl_generator_py/neo_srvs2/srv/_relay_board_set_em_stop_s.c.o[0m
[7.901s] [ 95%] [32mBuilding C object CMakeFiles/neo_srvs2__rosidl_generator_py.dir/rosidl_generator_py/neo_srvs2/srv/_relay_board_un_set_em_stop_s.c.o[0m
[7.902s] [ 95%] [32mBuilding C object CMakeFiles/neo_srvs2__rosidl_generator_py.dir/rosidl_generator_py/neo_srvs2/srv/_relay_board_set_led_s.c.o[0m
[7.902s] [ 95%] [32mBuilding C object CMakeFiles/neo_srvs2__rosidl_generator_py.dir/rosidl_generator_py/neo_srvs2/srv/_us_board_toggle_sensor_s.c.o[0m
[7.902s] [ 95%] [32mBuilding C object CMakeFiles/neo_srvs2__rosidl_generator_py.dir/rosidl_generator_py/neo_srvs2/srv/_initialize_contour_matching_s.c.o[0m
[8.173s] [ 96%] [32m[1mLinking C shared library rosidl_generator_py/neo_srvs2/libneo_srvs2__rosidl_generator_py.so[0m
[8.203s] [ 96%] Built target neo_srvs2__rosidl_generator_py
[8.216s] [ 99%] [32mBuilding C object CMakeFiles/neo_srvs2__rosidl_typesupport_introspection_c__pyext.dir/rosidl_generator_py/neo_srvs2/_neo_srvs2_s.ep.rosidl_typesupport_introspection_c.c.o[0m
[8.216s] [ 99%] [32mBuilding C object CMakeFiles/neo_srvs2__rosidl_typesupport_c__pyext.dir/rosidl_generator_py/neo_srvs2/_neo_srvs2_s.ep.rosidl_typesupport_c.c.o[0m
[8.216s] [ 99%] [32mBuilding C object CMakeFiles/neo_srvs2__rosidl_typesupport_fastrtps_c__pyext.dir/rosidl_generator_py/neo_srvs2/_neo_srvs2_s.ep.rosidl_typesupport_fastrtps_c.c.o[0m
[8.323s] [100%] [32m[1mLinking C shared library rosidl_generator_py/neo_srvs2/neo_srvs2_s__rosidl_typesupport_introspection_c.cpython-310-x86_64-linux-gnu.so[0m
[8.323s] [100%] [32m[1mLinking C shared library rosidl_generator_py/neo_srvs2/neo_srvs2_s__rosidl_typesupport_fastrtps_c.cpython-310-x86_64-linux-gnu.so[0m
[8.323s] [100%] [32m[1mLinking C shared library rosidl_generator_py/neo_srvs2/neo_srvs2_s__rosidl_typesupport_c.cpython-310-x86_64-linux-gnu.so[0m
[8.347s] [100%] Built target neo_srvs2__rosidl_typesupport_c__pyext
[8.348s] [100%] Built target neo_srvs2__rosidl_typesupport_fastrtps_c__pyext
[8.348s] [100%] Built target neo_srvs2__rosidl_typesupport_introspection_c__pyext
[8.355s] Invoked command in '/home/shlok/motio_planning_ws/build/neo_srvs2' returned '0': CMAKE_PREFIX_PATH=/opt/ros/humble /usr/bin/cmake --build /home/shlok/motio_planning_ws/build/neo_srvs2 -- -j16 -l16
[8.494s] Invoking command in '/home/shlok/motio_planning_ws/build/neo_srvs2': CMAKE_PREFIX_PATH=/opt/ros/humble /usr/bin/cmake --install /home/shlok/motio_planning_ws/build/neo_srvs2
[8.499s] -- Install configuration: ""
[8.499s] -- Installing: /home/shlok/motio_planning_ws/install/neo_srvs2/share/ament_index/resource_index/rosidl_interfaces/neo_srvs2
[8.500s] -- Installing: /home/shlok/motio_planning_ws/install/neo_srvs2/include/neo_srvs2/neo_srvs2
[8.500s] -- Installing: /home/shlok/motio_planning_ws/install/neo_srvs2/include/neo_srvs2/neo_srvs2/srv
[8.500s] -- Installing: /home/shlok/motio_planning_ws/install/neo_srvs2/include/neo_srvs2/neo_srvs2/srv/io_board_set_dig_out.h
[8.500s] -- Installing: /home/shlok/motio_planning_ws/install/neo_srvs2/include/neo_srvs2/neo_srvs2/srv/reset_omni_wheels.h
[8.500s] -- Installing: /home/shlok/motio_planning_ws/install/neo_srvs2/include/neo_srvs2/neo_srvs2/srv/relay_board_un_set_em_stop.h
[8.500s] -- Installing: /home/shlok/motio_planning_ws/install/neo_srvs2/include/neo_srvs2/neo_srvs2/srv/relay_board_set_led.h
[8.500s] -- Installing: /home/shlok/motio_planning_ws/install/neo_srvs2/include/neo_srvs2/neo_srvs2/srv/optimizer.h
[8.500s] -- Installing: /home/shlok/motio_planning_ws/install/neo_srvs2/include/neo_srvs2/neo_srvs2/srv/relay_board_set_lcd_msg.h
[8.500s] -- Installing: /home/shlok/motio_planning_ws/install/neo_srvs2/include/neo_srvs2/neo_srvs2/srv/relay_board_set_relay.h
[8.500s] -- Installing: /home/shlok/motio_planning_ws/install/neo_srvs2/include/neo_srvs2/neo_srvs2/srv/us_board_toggle_sensor.h
[8.500s] -- Installing: /home/shlok/motio_planning_ws/install/neo_srvs2/include/neo_srvs2/neo_srvs2/srv/detail
[8.501s] -- Installing: /home/shlok/motio_planning_ws/install/neo_srvs2/include/neo_srvs2/neo_srvs2/srv/detail/optimizer__struct.h
[8.501s] -- Installing: /home/shlok/motio_planning_ws/install/neo_srvs2/include/neo_srvs2/neo_srvs2/srv/detail/lock_platform__functions.c
[8.501s] -- Installing: /home/shlok/motio_planning_ws/install/neo_srvs2/include/neo_srvs2/neo_srvs2/srv/detail/unlock_platform__functions.h
[8.501s] -- Installing: /home/shlok/motio_planning_ws/install/neo_srvs2/include/neo_srvs2/neo_srvs2/srv/detail/us_board_toggle_sensor__type_support.h
[8.501s] -- Installing: /home/shlok/motio_planning_ws/install/neo_srvs2/include/neo_srvs2/neo_srvs2/srv/detail/relay_board_set_relay__type_support.h
[8.501s] -- Installing: /home/shlok/motio_planning_ws/install/neo_srvs2/include/neo_srvs2/neo_srvs2/srv/detail/relay_board_set_relay__functions.h
[8.501s] -- Installing: /home/shlok/motio_planning_ws/install/neo_srvs2/include/neo_srvs2/neo_srvs2/srv/detail/lock_platform__type_support.h
[8.501s] -- Installing: /home/shlok/motio_planning_ws/install/neo_srvs2/include/neo_srvs2/neo_srvs2/srv/detail/optimizer__functions.h
[8.501s] -- Installing: /home/shlok/motio_planning_ws/install/neo_srvs2/include/neo_srvs2/neo_srvs2/srv/detail/lock_platform__struct.h
[8.501s] -- Installing: /home/shlok/motio_planning_ws/install/neo_srvs2/include/neo_srvs2/neo_srvs2/srv/detail/relay_board_un_set_em_stop__functions.h
[8.501s] -- Installing: /home/shlok/motio_planning_ws/install/neo_srvs2/include/neo_srvs2/neo_srvs2/srv/detail/set_safety_field__struct.h
[8.501s] -- Installing: /home/shlok/motio_planning_ws/install/neo_srvs2/include/neo_srvs2/neo_srvs2/srv/detail/relay_board_set_lcd_msg__type_support.h
[8.501s] -- Installing: /home/shlok/motio_planning_ws/install/neo_srvs2/include/neo_srvs2/neo_srvs2/srv/detail/relay_board_un_set_em_stop__functions.c
[8.502s] -- Installing: /home/shlok/motio_planning_ws/install/neo_srvs2/include/neo_srvs2/neo_srvs2/srv/detail/relay_board_set_led__functions.h
[8.502s] -- Installing: /home/shlok/motio_planning_ws/install/neo_srvs2/include/neo_srvs2/neo_srvs2/srv/detail/relay_board_set_lcd_msg__functions.c
[8.502s] -- Installing: /home/shlok/motio_planning_ws/install/neo_srvs2/include/neo_srvs2/neo_srvs2/srv/detail/relay_board_set_em_stop__struct.h
[8.502s] -- Installing: /home/shlok/motio_planning_ws/install/neo_srvs2/include/neo_srvs2/neo_srvs2/srv/detail/optimizer__functions.c
[8.502s] -- Installing: /home/shlok/motio_planning_ws/install/neo_srvs2/include/neo_srvs2/neo_srvs2/srv/detail/us_board_toggle_sensor__struct.h
[8.502s] -- Installing: /home/shlok/motio_planning_ws/install/neo_srvs2/include/neo_srvs2/neo_srvs2/srv/detail/io_board_set_dig_out__struct.h
[8.502s] -- Installing: /home/shlok/motio_planning_ws/install/neo_srvs2/include/neo_srvs2/neo_srvs2/srv/detail/relay_board_set_em_stop__functions.h
[8.502s] -- Installing: /home/shlok/motio_planning_ws/install/neo_srvs2/include/neo_srvs2/neo_srvs2/srv/detail/io_board_set_dig_out__functions.c
[8.502s] -- Installing: /home/shlok/motio_planning_ws/install/neo_srvs2/include/neo_srvs2/neo_srvs2/srv/detail/set_safety_field__functions.c
[8.502s] -- Installing: /home/shlok/motio_planning_ws/install/neo_srvs2/include/neo_srvs2/neo_srvs2/srv/detail/relay_board_set_relay__struct.h
[8.502s] -- Installing: /home/shlok/motio_planning_ws/install/neo_srvs2/include/neo_srvs2/neo_srvs2/srv/detail/lock_platform__functions.h
[8.502s] -- Installing: /home/shlok/motio_planning_ws/install/neo_srvs2/include/neo_srvs2/neo_srvs2/srv/detail/relay_board_set_lcd_msg__struct.h
[8.502s] -- Installing: /home/shlok/motio_planning_ws/install/neo_srvs2/include/neo_srvs2/neo_srvs2/srv/detail/reset_omni_wheels__functions.h
[8.503s] -- Installing: /home/shlok/motio_planning_ws/install/neo_srvs2/include/neo_srvs2/neo_srvs2/srv/detail/relay_board_set_relay__functions.c
[8.503s] -- Installing: /home/shlok/motio_planning_ws/install/neo_srvs2/include/neo_srvs2/neo_srvs2/srv/detail/optimizer__type_support.h
[8.503s] -- Installing: /home/shlok/motio_planning_ws/install/neo_srvs2/include/neo_srvs2/neo_srvs2/srv/detail/set_safety_field__type_support.h
[8.503s] -- Installing: /home/shlok/motio_planning_ws/install/neo_srvs2/include/neo_srvs2/neo_srvs2/srv/detail/relay_board_set_led__struct.h
[8.503s] -- Installing: /home/shlok/motio_planning_ws/install/neo_srvs2/include/neo_srvs2/neo_srvs2/srv/detail/set_safety_field__functions.h
[8.503s] -- Installing: /home/shlok/motio_planning_ws/install/neo_srvs2/include/neo_srvs2/neo_srvs2/srv/detail/io_board_set_dig_out__functions.h
[8.503s] -- Installing: /home/shlok/motio_planning_ws/install/neo_srvs2/include/neo_srvs2/neo_srvs2/srv/detail/initialize_contour_matching__type_support.h
[8.503s] -- Installing: /home/shlok/motio_planning_ws/install/neo_srvs2/include/neo_srvs2/neo_srvs2/srv/detail/us_board_toggle_sensor__functions.h
[8.503s] -- Installing: /home/shlok/motio_planning_ws/install/neo_srvs2/include/neo_srvs2/neo_srvs2/srv/detail/reset_omni_wheels__struct.h
[8.503s] -- Installing: /home/shlok/motio_planning_ws/install/neo_srvs2/include/neo_srvs2/neo_srvs2/srv/detail/io_board_set_dig_out__type_support.h
[8.503s] -- Installing: /home/shlok/motio_planning_ws/install/neo_srvs2/include/neo_srvs2/neo_srvs2/srv/detail/relay_board_set_led__type_support.h
[8.503s] -- Installing: /home/shlok/motio_planning_ws/install/neo_srvs2/include/neo_srvs2/neo_srvs2/srv/detail/unlock_platform__struct.h
[8.503s] -- Installing: /home/shlok/motio_planning_ws/install/neo_srvs2/include/neo_srvs2/neo_srvs2/srv/detail/relay_board_set_lcd_msg__functions.h
[8.503s] -- Installing: /home/shlok/motio_planning_ws/install/neo_srvs2/include/neo_srvs2/neo_srvs2/srv/detail/initialize_contour_matching__functions.c
[8.503s] -- Installing: /home/shlok/motio_planning_ws/install/neo_srvs2/include/neo_srvs2/neo_srvs2/srv/detail/relay_board_set_em_stop__type_support.h
[8.504s] -- Installing: /home/shlok/motio_planning_ws/install/neo_srvs2/include/neo_srvs2/neo_srvs2/srv/detail/relay_board_un_set_em_stop__struct.h
[8.504s] -- Installing: /home/shlok/motio_planning_ws/install/neo_srvs2/include/neo_srvs2/neo_srvs2/srv/detail/unlock_platform__functions.c
[8.504s] -- Installing: /home/shlok/motio_planning_ws/install/neo_srvs2/include/neo_srvs2/neo_srvs2/srv/detail/us_board_toggle_sensor__functions.c
[8.504s] -- Installing: /home/shlok/motio_planning_ws/install/neo_srvs2/include/neo_srvs2/neo_srvs2/srv/detail/reset_omni_wheels__functions.c
[8.504s] -- Installing: /home/shlok/motio_planning_ws/install/neo_srvs2/include/neo_srvs2/neo_srvs2/srv/detail/reset_omni_wheels__type_support.h
[8.504s] -- Installing: /home/shlok/motio_planning_ws/install/neo_srvs2/include/neo_srvs2/neo_srvs2/srv/detail/relay_board_un_set_em_stop__type_support.h
[8.504s] -- Installing: /home/shlok/motio_planning_ws/install/neo_srvs2/include/neo_srvs2/neo_srvs2/srv/detail/relay_board_set_led__functions.c
[8.504s] -- Installing: /home/shlok/motio_planning_ws/install/neo_srvs2/include/neo_srvs2/neo_srvs2/srv/detail/initialize_contour_matching__struct.h
[8.504s] -- Installing: /home/shlok/motio_planning_ws/install/neo_srvs2/include/neo_srvs2/neo_srvs2/srv/detail/initialize_contour_matching__functions.h
[8.504s] -- Installing: /home/shlok/motio_planning_ws/install/neo_srvs2/include/neo_srvs2/neo_srvs2/srv/detail/unlock_platform__type_support.h
[8.504s] -- Installing: /home/shlok/motio_planning_ws/install/neo_srvs2/include/neo_srvs2/neo_srvs2/srv/detail/relay_board_set_em_stop__functions.c
[8.504s] -- Installing: /home/shlok/motio_planning_ws/install/neo_srvs2/include/neo_srvs2/neo_srvs2/srv/relay_board_set_em_stop.h
[8.504s] -- Installing: /home/shlok/motio_planning_ws/install/neo_srvs2/include/neo_srvs2/neo_srvs2/srv/initialize_contour_matching.h
[8.504s] -- Installing: /home/shlok/motio_planning_ws/install/neo_srvs2/include/neo_srvs2/neo_srvs2/srv/set_safety_field.h
[8.505s] -- Installing: /home/shlok/motio_planning_ws/install/neo_srvs2/include/neo_srvs2/neo_srvs2/srv/lock_platform.h
[8.505s] -- Installing: /home/shlok/motio_planning_ws/install/neo_srvs2/include/neo_srvs2/neo_srvs2/srv/unlock_platform.h
[8.505s] -- Installing: /home/shlok/motio_planning_ws/install/neo_srvs2/include/neo_srvs2/neo_srvs2/msg
[8.505s] -- Installing: /home/shlok/motio_planning_ws/install/neo_srvs2/include/neo_srvs2/neo_srvs2/msg/rosidl_generator_c__visibility_control.h
[8.505s] -- Installing: /home/shlok/motio_planning_ws/install/neo_srvs2/share/neo_srvs2/environment/library_path.sh
[8.505s] -- Installing: /home/shlok/motio_planning_ws/install/neo_srvs2/share/neo_srvs2/environment/library_path.dsv
[8.505s] -- Installing: /home/shlok/motio_planning_ws/install/neo_srvs2/lib/libneo_srvs2__rosidl_generator_c.so
[8.505s] -- Set runtime path of "/home/shlok/motio_planning_ws/install/neo_srvs2/lib/libneo_srvs2__rosidl_generator_c.so" to ""
[8.505s] -- Up-to-date: /home/shlok/motio_planning_ws/install/neo_srvs2/include/neo_srvs2/neo_srvs2
[8.505s] -- Up-to-date: /home/shlok/motio_planning_ws/install/neo_srvs2/include/neo_srvs2/neo_srvs2/srv
[8.505s] -- Up-to-date: /home/shlok/motio_planning_ws/install/neo_srvs2/include/neo_srvs2/neo_srvs2/srv/detail
[8.505s] -- Installing: /home/shlok/motio_planning_ws/install/neo_srvs2/include/neo_srvs2/neo_srvs2/srv/detail/unlock_platform__rosidl_typesupport_fastrtps_c.h
[8.505s] -- Installing: /home/shlok/motio_planning_ws/install/neo_srvs2/include/neo_srvs2/neo_srvs2/srv/detail/relay_board_un_set_em_stop__rosidl_typesupport_fastrtps_c.h
[8.505s] -- Installing: /home/shlok/motio_planning_ws/install/neo_srvs2/include/neo_srvs2/neo_srvs2/srv/detail/relay_board_set_em_stop__rosidl_typesupport_fastrtps_c.h
[8.506s] -- Installing: /home/shlok/motio_planning_ws/install/neo_srvs2/include/neo_srvs2/neo_srvs2/srv/detail/relay_board_set_led__rosidl_typesupport_fastrtps_c.h
[8.506s] -- Installing: /home/shlok/motio_planning_ws/install/neo_srvs2/include/neo_srvs2/neo_srvs2/srv/detail/relay_board_set_relay__rosidl_typesupport_fastrtps_c.h
[8.506s] -- Installing: /home/shlok/motio_planning_ws/install/neo_srvs2/include/neo_srvs2/neo_srvs2/srv/detail/initialize_contour_matching__rosidl_typesupport_fastrtps_c.h
[8.506s] -- Installing: /home/shlok/motio_planning_ws/install/neo_srvs2/include/neo_srvs2/neo_srvs2/srv/detail/optimizer__rosidl_typesupport_fastrtps_c.h
[8.506s] -- Installing: /home/shlok/motio_planning_ws/install/neo_srvs2/include/neo_srvs2/neo_srvs2/srv/detail/set_safety_field__rosidl_typesupport_fastrtps_c.h
[8.506s] -- Installing: /home/shlok/motio_planning_ws/install/neo_srvs2/include/neo_srvs2/neo_srvs2/srv/detail/reset_omni_wheels__rosidl_typesupport_fastrtps_c.h
[8.506s] -- Installing: /home/shlok/motio_planning_ws/install/neo_srvs2/include/neo_srvs2/neo_srvs2/srv/detail/us_board_toggle_sensor__rosidl_typesupport_fastrtps_c.h
[8.506s] -- Installing: /home/shlok/motio_planning_ws/install/neo_srvs2/include/neo_srvs2/neo_srvs2/srv/detail/lock_platform__rosidl_typesupport_fastrtps_c.h
[8.506s] -- Installing: /home/shlok/motio_planning_ws/install/neo_srvs2/include/neo_srvs2/neo_srvs2/srv/detail/io_board_set_dig_out__rosidl_typesupport_fastrtps_c.h
[8.506s] -- Installing: /home/shlok/motio_planning_ws/install/neo_srvs2/include/neo_srvs2/neo_srvs2/srv/detail/relay_board_set_lcd_msg__rosidl_typesupport_fastrtps_c.h
[8.506s] -- Up-to-date: /home/shlok/motio_planning_ws/install/neo_srvs2/include/neo_srvs2/neo_srvs2/msg
[8.506s] -- Installing: /home/shlok/motio_planning_ws/install/neo_srvs2/include/neo_srvs2/neo_srvs2/msg/rosidl_typesupport_fastrtps_c__visibility_control.h
[8.506s] -- Installing: /home/shlok/motio_planning_ws/install/neo_srvs2/lib/libneo_srvs2__rosidl_typesupport_fastrtps_c.so
[8.506s] -- Set runtime path of "/home/shlok/motio_planning_ws/install/neo_srvs2/lib/libneo_srvs2__rosidl_typesupport_fastrtps_c.so" to ""
[8.506s] -- Up-to-date: /home/shlok/motio_planning_ws/install/neo_srvs2/include/neo_srvs2/neo_srvs2
[8.507s] -- Up-to-date: /home/shlok/motio_planning_ws/install/neo_srvs2/include/neo_srvs2/neo_srvs2/srv
[8.507s] -- Up-to-date: /home/shlok/motio_planning_ws/install/neo_srvs2/include/neo_srvs2/neo_srvs2/srv/detail
[8.507s] -- Installing: /home/shlok/motio_planning_ws/install/neo_srvs2/include/neo_srvs2/neo_srvs2/srv/detail/io_board_set_dig_out__type_support.c
[8.507s] -- Installing: /home/shlok/motio_planning_ws/install/neo_srvs2/include/neo_srvs2/neo_srvs2/srv/detail/relay_board_set_lcd_msg__type_support.c
[8.507s] -- Installing: /home/shlok/motio_planning_ws/install/neo_srvs2/include/neo_srvs2/neo_srvs2/srv/detail/initialize_contour_matching__type_support.c
[8.507s] -- Installing: /home/shlok/motio_planning_ws/install/neo_srvs2/include/neo_srvs2/neo_srvs2/srv/detail/relay_board_set_relay__type_support.c
[8.507s] -- Installing: /home/shlok/motio_planning_ws/install/neo_srvs2/include/neo_srvs2/neo_srvs2/srv/detail/set_safety_field__type_support.c
[8.507s] -- Installing: /home/shlok/motio_planning_ws/install/neo_srvs2/include/neo_srvs2/neo_srvs2/srv/detail/unlock_platform__rosidl_typesupport_introspection_c.h
[8.507s] -- Installing: /home/shlok/motio_planning_ws/install/neo_srvs2/include/neo_srvs2/neo_srvs2/srv/detail/relay_board_set_led__type_support.c
[8.507s] -- Installing: /home/shlok/motio_planning_ws/install/neo_srvs2/include/neo_srvs2/neo_srvs2/srv/detail/relay_board_un_set_em_stop__type_support.c
[8.507s] -- Installing: /home/shlok/motio_planning_ws/install/neo_srvs2/include/neo_srvs2/neo_srvs2/srv/detail/us_board_toggle_sensor__type_support.c
[8.507s] -- Installing: /home/shlok/motio_planning_ws/install/neo_srvs2/include/neo_srvs2/neo_srvs2/srv/detail/lock_platform__rosidl_typesupport_introspection_c.h
[8.507s] -- Installing: /home/shlok/motio_planning_ws/install/neo_srvs2/include/neo_srvs2/neo_srvs2/srv/detail/relay_board_un_set_em_stop__rosidl_typesupport_introspection_c.h
[8.507s] -- Installing: /home/shlok/motio_planning_ws/install/neo_srvs2/include/neo_srvs2/neo_srvs2/srv/detail/unlock_platform__type_support.c
[8.507s] -- Installing: /home/shlok/motio_planning_ws/install/neo_srvs2/include/neo_srvs2/neo_srvs2/srv/detail/relay_board_set_led__rosidl_typesupport_introspection_c.h
[8.507s] -- Installing: /home/shlok/motio_planning_ws/install/neo_srvs2/include/neo_srvs2/neo_srvs2/srv/detail/reset_omni_wheels__rosidl_typesupport_introspection_c.h
[8.507s] -- Installing: /home/shlok/motio_planning_ws/install/neo_srvs2/include/neo_srvs2/neo_srvs2/srv/detail/optimizer__rosidl_typesupport_introspection_c.h
[8.507s] -- Installing: /home/shlok/motio_planning_ws/install/neo_srvs2/include/neo_srvs2/neo_srvs2/srv/detail/relay_board_set_lcd_msg__rosidl_typesupport_introspection_c.h
[8.507s] -- Installing: /home/shlok/motio_planning_ws/install/neo_srvs2/include/neo_srvs2/neo_srvs2/srv/detail/lock_platform__type_support.c
[8.507s] -- Installing: /home/shlok/motio_planning_ws/install/neo_srvs2/include/neo_srvs2/neo_srvs2/srv/detail/relay_board_set_relay__rosidl_typesupport_introspection_c.h
[8.507s] -- Installing: /home/shlok/motio_planning_ws/install/neo_srvs2/include/neo_srvs2/neo_srvs2/srv/detail/relay_board_set_em_stop__type_support.c
[8.507s] -- Installing: /home/shlok/motio_planning_ws/install/neo_srvs2/include/neo_srvs2/neo_srvs2/srv/detail/us_board_toggle_sensor__rosidl_typesupport_introspection_c.h
[8.507s] -- Installing: /home/shlok/motio_planning_ws/install/neo_srvs2/include/neo_srvs2/neo_srvs2/srv/detail/relay_board_set_em_stop__rosidl_typesupport_introspection_c.h
[8.507s] -- Installing: /home/shlok/motio_planning_ws/install/neo_srvs2/include/neo_srvs2/neo_srvs2/srv/detail/set_safety_field__rosidl_typesupport_introspection_c.h
[8.507s] -- Installing: /home/shlok/motio_planning_ws/install/neo_srvs2/include/neo_srvs2/neo_srvs2/srv/detail/io_board_set_dig_out__rosidl_typesupport_introspection_c.h
[8.507s] -- Installing: /home/shlok/motio_planning_ws/install/neo_srvs2/include/neo_srvs2/neo_srvs2/srv/detail/initialize_contour_matching__rosidl_typesupport_introspection_c.h
[8.507s] -- Installing: /home/shlok/motio_planning_ws/install/neo_srvs2/include/neo_srvs2/neo_srvs2/srv/detail/reset_omni_wheels__type_support.c
[8.507s] -- Installing: /home/shlok/motio_planning_ws/install/neo_srvs2/include/neo_srvs2/neo_srvs2/srv/detail/optimizer__type_support.c
[8.507s] -- Up-to-date: /home/shlok/motio_planning_ws/install/neo_srvs2/include/neo_srvs2/neo_srvs2/msg
[8.507s] -- Installing: /home/shlok/motio_planning_ws/install/neo_srvs2/include/neo_srvs2/neo_srvs2/msg/rosidl_typesupport_introspection_c__visibility_control.h
[8.507s] -- Installing: /home/shlok/motio_planning_ws/install/neo_srvs2/lib/libneo_srvs2__rosidl_typesupport_introspection_c.so
[8.508s] -- Set runtime path of "/home/shlok/motio_planning_ws/install/neo_srvs2/lib/libneo_srvs2__rosidl_typesupport_introspection_c.so" to ""
[8.508s] -- Installing: /home/shlok/motio_planning_ws/install/neo_srvs2/lib/libneo_srvs2__rosidl_typesupport_c.so
[8.508s] -- Set runtime path of "/home/shlok/motio_planning_ws/install/neo_srvs2/lib/libneo_srvs2__rosidl_typesupport_c.so" to ""
[8.508s] -- Up-to-date: /home/shlok/motio_planning_ws/install/neo_srvs2/include/neo_srvs2/neo_srvs2
[8.508s] -- Up-to-date: /home/shlok/motio_planning_ws/install/neo_srvs2/include/neo_srvs2/neo_srvs2/srv
[8.508s] -- Installing: /home/shlok/motio_planning_ws/install/neo_srvs2/include/neo_srvs2/neo_srvs2/srv/unlock_platform.hpp
[8.508s] -- Installing: /home/shlok/motio_planning_ws/install/neo_srvs2/include/neo_srvs2/neo_srvs2/srv/relay_board_set_em_stop.hpp
[8.508s] -- Installing: /home/shlok/motio_planning_ws/install/neo_srvs2/include/neo_srvs2/neo_srvs2/srv/relay_board_set_relay.hpp
[8.508s] -- Installing: /home/shlok/motio_planning_ws/install/neo_srvs2/include/neo_srvs2/neo_srvs2/srv/reset_omni_wheels.hpp
[8.508s] -- Installing: /home/shlok/motio_planning_ws/install/neo_srvs2/include/neo_srvs2/neo_srvs2/srv/initialize_contour_matching.hpp
[8.508s] -- Installing: /home/shlok/motio_planning_ws/install/neo_srvs2/include/neo_srvs2/neo_srvs2/srv/set_safety_field.hpp
[8.508s] -- Installing: /home/shlok/motio_planning_ws/install/neo_srvs2/include/neo_srvs2/neo_srvs2/srv/io_board_set_dig_out.hpp
[8.508s] -- Installing: /home/shlok/motio_planning_ws/install/neo_srvs2/include/neo_srvs2/neo_srvs2/srv/relay_board_un_set_em_stop.hpp
[8.508s] -- Installing: /home/shlok/motio_planning_ws/install/neo_srvs2/include/neo_srvs2/neo_srvs2/srv/lock_platform.hpp
[8.508s] -- Up-to-date: /home/shlok/motio_planning_ws/install/neo_srvs2/include/neo_srvs2/neo_srvs2/srv/detail
[8.508s] -- Installing: /home/shlok/motio_planning_ws/install/neo_srvs2/include/neo_srvs2/neo_srvs2/srv/detail/relay_board_set_em_stop__builder.hpp
[8.508s] -- Installing: /home/shlok/motio_planning_ws/install/neo_srvs2/include/neo_srvs2/neo_srvs2/srv/detail/us_board_toggle_sensor__struct.hpp
[8.508s] -- Installing: /home/shlok/motio_planning_ws/install/neo_srvs2/include/neo_srvs2/neo_srvs2/srv/detail/initialize_contour_matching__struct.hpp
[8.508s] -- Installing: /home/shlok/motio_planning_ws/install/neo_srvs2/include/neo_srvs2/neo_srvs2/srv/detail/initialize_contour_matching__traits.hpp
[8.508s] -- Installing: /home/shlok/motio_planning_ws/install/neo_srvs2/include/neo_srvs2/neo_srvs2/srv/detail/optimizer__struct.hpp
[8.508s] -- Installing: /home/shlok/motio_planning_ws/install/neo_srvs2/include/neo_srvs2/neo_srvs2/srv/detail/relay_board_un_set_em_stop__struct.hpp
[8.508s] -- Installing: /home/shlok/motio_planning_ws/install/neo_srvs2/include/neo_srvs2/neo_srvs2/srv/detail/relay_board_set_relay__builder.hpp
[8.508s] -- Installing: /home/shlok/motio_planning_ws/install/neo_srvs2/include/neo_srvs2/neo_srvs2/srv/detail/relay_board_set_em_stop__traits.hpp
[8.508s] -- Installing: /home/shlok/motio_planning_ws/install/neo_srvs2/include/neo_srvs2/neo_srvs2/srv/detail/relay_board_un_set_em_stop__builder.hpp
[8.508s] -- Installing: /home/shlok/motio_planning_ws/install/neo_srvs2/include/neo_srvs2/neo_srvs2/srv/detail/set_safety_field__traits.hpp
[8.508s] -- Installing: /home/shlok/motio_planning_ws/install/neo_srvs2/include/neo_srvs2/neo_srvs2/srv/detail/relay_board_un_set_em_stop__traits.hpp
[8.508s] -- Installing: /home/shlok/motio_planning_ws/install/neo_srvs2/include/neo_srvs2/neo_srvs2/srv/detail/io_board_set_dig_out__struct.hpp
[8.508s] -- Installing: /home/shlok/motio_planning_ws/install/neo_srvs2/include/neo_srvs2/neo_srvs2/srv/detail/optimizer__traits.hpp
[8.508s] -- Installing: /home/shlok/motio_planning_ws/install/neo_srvs2/include/neo_srvs2/neo_srvs2/srv/detail/relay_board_set_lcd_msg__traits.hpp
[8.508s] -- Installing: /home/shlok/motio_planning_ws/install/neo_srvs2/include/neo_srvs2/neo_srvs2/srv/detail/set_safety_field__builder.hpp
[8.508s] -- Installing: /home/shlok/motio_planning_ws/install/neo_srvs2/include/neo_srvs2/neo_srvs2/srv/detail/optimizer__builder.hpp
[8.509s] -- Installing: /home/shlok/motio_planning_ws/install/neo_srvs2/include/neo_srvs2/neo_srvs2/srv/detail/relay_board_set_led__struct.hpp
[8.509s] -- Installing: /home/shlok/motio_planning_ws/install/neo_srvs2/include/neo_srvs2/neo_srvs2/srv/detail/reset_omni_wheels__traits.hpp
[8.509s] -- Installing: /home/shlok/motio_planning_ws/install/neo_srvs2/include/neo_srvs2/neo_srvs2/srv/detail/relay_board_set_led__traits.hpp
[8.509s] -- Installing: /home/shlok/motio_planning_ws/install/neo_srvs2/include/neo_srvs2/neo_srvs2/srv/detail/relay_board_set_relay__struct.hpp
[8.509s] -- Installing: /home/shlok/motio_planning_ws/install/neo_srvs2/include/neo_srvs2/neo_srvs2/srv/detail/io_board_set_dig_out__builder.hpp
[8.509s] -- Installing: /home/shlok/motio_planning_ws/install/neo_srvs2/include/neo_srvs2/neo_srvs2/srv/detail/relay_board_set_led__builder.hpp
[8.509s] -- Installing: /home/shlok/motio_planning_ws/install/neo_srvs2/include/neo_srvs2/neo_srvs2/srv/detail/set_safety_field__struct.hpp
[8.509s] -- Installing: /home/shlok/motio_planning_ws/install/neo_srvs2/include/neo_srvs2/neo_srvs2/srv/detail/relay_board_set_relay__traits.hpp
[8.509s] -- Installing: /home/shlok/motio_planning_ws/install/neo_srvs2/include/neo_srvs2/neo_srvs2/srv/detail/lock_platform__struct.hpp
[8.509s] -- Installing: /home/shlok/motio_planning_ws/install/neo_srvs2/include/neo_srvs2/neo_srvs2/srv/detail/relay_board_set_em_stop__struct.hpp
[8.509s] -- Installing: /home/shlok/motio_planning_ws/install/neo_srvs2/include/neo_srvs2/neo_srvs2/srv/detail/us_board_toggle_sensor__builder.hpp
[8.509s] -- Installing: /home/shlok/motio_planning_ws/install/neo_srvs2/include/neo_srvs2/neo_srvs2/srv/detail/us_board_toggle_sensor__traits.hpp
[8.509s] -- Installing: /home/shlok/motio_planning_ws/install/neo_srvs2/include/neo_srvs2/neo_srvs2/srv/detail/unlock_platform__builder.hpp
[8.509s] -- Installing: /home/shlok/motio_planning_ws/install/neo_srvs2/include/neo_srvs2/neo_srvs2/srv/detail/io_board_set_dig_out__traits.hpp
[8.509s] -- Installing: /home/shlok/motio_planning_ws/install/neo_srvs2/include/neo_srvs2/neo_srvs2/srv/detail/initialize_contour_matching__builder.hpp
[8.509s] -- Installing: /home/shlok/motio_planning_ws/install/neo_srvs2/include/neo_srvs2/neo_srvs2/srv/detail/unlock_platform__struct.hpp
[8.509s] -- Installing: /home/shlok/motio_planning_ws/install/neo_srvs2/include/neo_srvs2/neo_srvs2/srv/detail/reset_omni_wheels__builder.hpp
[8.509s] -- Installing: /home/shlok/motio_planning_ws/install/neo_srvs2/include/neo_srvs2/neo_srvs2/srv/detail/relay_board_set_lcd_msg__struct.hpp
[8.509s] -- Installing: /home/shlok/motio_planning_ws/install/neo_srvs2/include/neo_srvs2/neo_srvs2/srv/detail/unlock_platform__traits.hpp
[8.509s] -- Installing: /home/shlok/motio_planning_ws/install/neo_srvs2/include/neo_srvs2/neo_srvs2/srv/detail/reset_omni_wheels__struct.hpp
[8.509s] -- Installing: /home/shlok/motio_planning_ws/install/neo_srvs2/include/neo_srvs2/neo_srvs2/srv/detail/lock_platform__traits.hpp
[8.509s] -- Installing: /home/shlok/motio_planning_ws/install/neo_srvs2/include/neo_srvs2/neo_srvs2/srv/detail/relay_board_set_lcd_msg__builder.hpp
[8.509s] -- Installing: /home/shlok/motio_planning_ws/install/neo_srvs2/include/neo_srvs2/neo_srvs2/srv/detail/lock_platform__builder.hpp
[8.509s] -- Installing: /home/shlok/motio_planning_ws/install/neo_srvs2/include/neo_srvs2/neo_srvs2/srv/us_board_toggle_sensor.hpp
[8.509s] -- Installing: /home/shlok/motio_planning_ws/install/neo_srvs2/include/neo_srvs2/neo_srvs2/srv/optimizer.hpp
[8.509s] -- Installing: /home/shlok/motio_planning_ws/install/neo_srvs2/include/neo_srvs2/neo_srvs2/srv/relay_board_set_led.hpp
[8.509s] -- Installing: /home/shlok/motio_planning_ws/install/neo_srvs2/include/neo_srvs2/neo_srvs2/srv/relay_board_set_lcd_msg.hpp
[8.509s] -- Up-to-date: /home/shlok/motio_planning_ws/install/neo_srvs2/include/neo_srvs2/neo_srvs2
[8.509s] -- Up-to-date: /home/shlok/motio_planning_ws/install/neo_srvs2/include/neo_srvs2/neo_srvs2/srv
[8.509s] -- Up-to-date: /home/shlok/motio_planning_ws/install/neo_srvs2/include/neo_srvs2/neo_srvs2/srv/detail
[8.509s] -- Installing: /home/shlok/motio_planning_ws/install/neo_srvs2/include/neo_srvs2/neo_srvs2/srv/detail/io_board_set_dig_out__rosidl_typesupport_fastrtps_cpp.hpp
[8.510s] -- Installing: /home/shlok/motio_planning_ws/install/neo_srvs2/include/neo_srvs2/neo_srvs2/srv/detail/relay_board_set_led__rosidl_typesupport_fastrtps_cpp.hpp
[8.510s] -- Installing: /home/shlok/motio_planning_ws/install/neo_srvs2/include/neo_srvs2/neo_srvs2/srv/detail/relay_board_set_relay__rosidl_typesupport_fastrtps_cpp.hpp
[8.510s] -- Installing: /home/shlok/motio_planning_ws/install/neo_srvs2/include/neo_srvs2/neo_srvs2/srv/detail/relay_board_set_lcd_msg__rosidl_typesupport_fastrtps_cpp.hpp
[8.510s] -- Installing: /home/shlok/motio_planning_ws/install/neo_srvs2/include/neo_srvs2/neo_srvs2/srv/detail/optimizer__rosidl_typesupport_fastrtps_cpp.hpp
[8.510s] -- Installing: /home/shlok/motio_planning_ws/install/neo_srvs2/include/neo_srvs2/neo_srvs2/srv/detail/dds_fastrtps
[8.510s] -- Installing: /home/shlok/motio_planning_ws/install/neo_srvs2/include/neo_srvs2/neo_srvs2/srv/detail/relay_board_un_set_em_stop__rosidl_typesupport_fastrtps_cpp.hpp
[8.510s] -- Installing: /home/shlok/motio_planning_ws/install/neo_srvs2/include/neo_srvs2/neo_srvs2/srv/detail/us_board_toggle_sensor__rosidl_typesupport_fastrtps_cpp.hpp
[8.510s] -- Installing: /home/shlok/motio_planning_ws/install/neo_srvs2/include/neo_srvs2/neo_srvs2/srv/detail/initialize_contour_matching__rosidl_typesupport_fastrtps_cpp.hpp
[8.510s] -- Installing: /home/shlok/motio_planning_ws/install/neo_srvs2/include/neo_srvs2/neo_srvs2/srv/detail/reset_omni_wheels__rosidl_typesupport_fastrtps_cpp.hpp
[8.510s] -- Installing: /home/shlok/motio_planning_ws/install/neo_srvs2/include/neo_srvs2/neo_srvs2/srv/detail/unlock_platform__rosidl_typesupport_fastrtps_cpp.hpp
[8.510s] -- Installing: /home/shlok/motio_planning_ws/install/neo_srvs2/include/neo_srvs2/neo_srvs2/srv/detail/relay_board_set_em_stop__rosidl_typesupport_fastrtps_cpp.hpp
[8.510s] -- Installing: /home/shlok/motio_planning_ws/install/neo_srvs2/include/neo_srvs2/neo_srvs2/srv/detail/set_safety_field__rosidl_typesupport_fastrtps_cpp.hpp
[8.510s] -- Installing: /home/shlok/motio_planning_ws/install/neo_srvs2/include/neo_srvs2/neo_srvs2/srv/detail/lock_platform__rosidl_typesupport_fastrtps_cpp.hpp
[8.510s] -- Up-to-date: /home/shlok/motio_planning_ws/install/neo_srvs2/include/neo_srvs2/neo_srvs2/msg
[8.510s] -- Installing: /home/shlok/motio_planning_ws/install/neo_srvs2/include/neo_srvs2/neo_srvs2/msg/rosidl_typesupport_fastrtps_cpp__visibility_control.h
[8.510s] -- Installing: /home/shlok/motio_planning_ws/install/neo_srvs2/lib/libneo_srvs2__rosidl_typesupport_fastrtps_cpp.so
[8.510s] -- Set runtime path of "/home/shlok/motio_planning_ws/install/neo_srvs2/lib/libneo_srvs2__rosidl_typesupport_fastrtps_cpp.so" to ""
[8.510s] -- Up-to-date: /home/shlok/motio_planning_ws/install/neo_srvs2/include/neo_srvs2/neo_srvs2
[8.510s] -- Up-to-date: /home/shlok/motio_planning_ws/install/neo_srvs2/include/neo_srvs2/neo_srvs2/srv
[8.510s] -- Up-to-date: /home/shlok/motio_planning_ws/install/neo_srvs2/include/neo_srvs2/neo_srvs2/srv/detail
[8.510s] -- Installing: /home/shlok/motio_planning_ws/install/neo_srvs2/include/neo_srvs2/neo_srvs2/srv/detail/relay_board_set_led__rosidl_typesupport_introspection_cpp.hpp
[8.510s] -- Installing: /home/shlok/motio_planning_ws/install/neo_srvs2/include/neo_srvs2/neo_srvs2/srv/detail/optimizer__rosidl_typesupport_introspection_cpp.hpp
[8.510s] -- Installing: /home/shlok/motio_planning_ws/install/neo_srvs2/include/neo_srvs2/neo_srvs2/srv/detail/lock_platform__type_support.cpp
[8.510s] -- Installing: /home/shlok/motio_planning_ws/install/neo_srvs2/include/neo_srvs2/neo_srvs2/srv/detail/set_safety_field__type_support.cpp
[8.510s] -- Installing: /home/shlok/motio_planning_ws/install/neo_srvs2/include/neo_srvs2/neo_srvs2/srv/detail/relay_board_set_em_stop__type_support.cpp
[8.510s] -- Installing: /home/shlok/motio_planning_ws/install/neo_srvs2/include/neo_srvs2/neo_srvs2/srv/detail/relay_board_set_lcd_msg__rosidl_typesupport_introspection_cpp.hpp
[8.510s] -- Installing: /home/shlok/motio_planning_ws/install/neo_srvs2/include/neo_srvs2/neo_srvs2/srv/detail/initialize_contour_matching__type_support.cpp
[8.510s] -- Installing: /home/shlok/motio_planning_ws/install/neo_srvs2/include/neo_srvs2/neo_srvs2/srv/detail/io_board_set_dig_out__rosidl_typesupport_introspection_cpp.hpp
[8.510s] -- Installing: /home/shlok/motio_planning_ws/install/neo_srvs2/include/neo_srvs2/neo_srvs2/srv/detail/optimizer__type_support.cpp
[8.510s] -- Installing: /home/shlok/motio_planning_ws/install/neo_srvs2/include/neo_srvs2/neo_srvs2/srv/detail/io_board_set_dig_out__type_support.cpp
[8.510s] -- Installing: /home/shlok/motio_planning_ws/install/neo_srvs2/include/neo_srvs2/neo_srvs2/srv/detail/relay_board_un_set_em_stop__type_support.cpp
[8.510s] -- Installing: /home/shlok/motio_planning_ws/install/neo_srvs2/include/neo_srvs2/neo_srvs2/srv/detail/us_board_toggle_sensor__type_support.cpp
[8.511s] -- Installing: /home/shlok/motio_planning_ws/install/neo_srvs2/include/neo_srvs2/neo_srvs2/srv/detail/us_board_toggle_sensor__rosidl_typesupport_introspection_cpp.hpp
[8.511s] -- Installing: /home/shlok/motio_planning_ws/install/neo_srvs2/include/neo_srvs2/neo_srvs2/srv/detail/relay_board_set_relay__rosidl_typesupport_introspection_cpp.hpp
[8.511s] -- Installing: /home/shlok/motio_planning_ws/install/neo_srvs2/include/neo_srvs2/neo_srvs2/srv/detail/lock_platform__rosidl_typesupport_introspection_cpp.hpp
[8.511s] -- Installing: /home/shlok/motio_planning_ws/install/neo_srvs2/include/neo_srvs2/neo_srvs2/srv/detail/relay_board_un_set_em_stop__rosidl_typesupport_introspection_cpp.hpp
[8.511s] -- Installing: /home/shlok/motio_planning_ws/install/neo_srvs2/include/neo_srvs2/neo_srvs2/srv/detail/reset_omni_wheels__rosidl_typesupport_introspection_cpp.hpp
[8.511s] -- Installing: /home/shlok/motio_planning_ws/install/neo_srvs2/include/neo_srvs2/neo_srvs2/srv/detail/initialize_contour_matching__rosidl_typesupport_introspection_cpp.hpp
[8.511s] -- Installing: /home/shlok/motio_planning_ws/install/neo_srvs2/include/neo_srvs2/neo_srvs2/srv/detail/relay_board_set_lcd_msg__type_support.cpp
[8.511s] -- Installing: /home/shlok/motio_planning_ws/install/neo_srvs2/include/neo_srvs2/neo_srvs2/srv/detail/unlock_platform__type_support.cpp
[8.511s] -- Installing: /home/shlok/motio_planning_ws/install/neo_srvs2/include/neo_srvs2/neo_srvs2/srv/detail/relay_board_set_led__type_support.cpp
[8.511s] -- Installing: /home/shlok/motio_planning_ws/install/neo_srvs2/include/neo_srvs2/neo_srvs2/srv/detail/relay_board_set_em_stop__rosidl_typesupport_introspection_cpp.hpp
[8.511s] -- Installing: /home/shlok/motio_planning_ws/install/neo_srvs2/include/neo_srvs2/neo_srvs2/srv/detail/relay_board_set_relay__type_support.cpp
[8.511s] -- Installing: /home/shlok/motio_planning_ws/install/neo_srvs2/include/neo_srvs2/neo_srvs2/srv/detail/unlock_platform__rosidl_typesupport_introspection_cpp.hpp
[8.511s] -- Installing: /home/shlok/motio_planning_ws/install/neo_srvs2/include/neo_srvs2/neo_srvs2/srv/detail/set_safety_field__rosidl_typesupport_introspection_cpp.hpp
[8.511s] -- Installing: /home/shlok/motio_planning_ws/install/neo_srvs2/include/neo_srvs2/neo_srvs2/srv/detail/reset_omni_wheels__type_support.cpp
[8.511s] -- Installing: /home/shlok/motio_planning_ws/install/neo_srvs2/lib/libneo_srvs2__rosidl_typesupport_introspection_cpp.so
[8.511s] -- Set runtime path of "/home/shlok/motio_planning_ws/install/neo_srvs2/lib/libneo_srvs2__rosidl_typesupport_introspection_cpp.so" to ""
[8.511s] -- Installing: /home/shlok/motio_planning_ws/install/neo_srvs2/lib/libneo_srvs2__rosidl_typesupport_cpp.so
[8.511s] -- Set runtime path of "/home/shlok/motio_planning_ws/install/neo_srvs2/lib/libneo_srvs2__rosidl_typesupport_cpp.so" to ""
[8.511s] -- Installing: /home/shlok/motio_planning_ws/install/neo_srvs2/share/neo_srvs2/environment/pythonpath.sh
[8.511s] -- Installing: /home/shlok/motio_planning_ws/install/neo_srvs2/share/neo_srvs2/environment/pythonpath.dsv
[8.511s] -- Installing: /home/shlok/motio_planning_ws/install/neo_srvs2/local/lib/python3.10/dist-packages/neo_srvs2-0.1.0-py3.10.egg-info
[8.511s] -- Installing: /home/shlok/motio_planning_ws/install/neo_srvs2/local/lib/python3.10/dist-packages/neo_srvs2-0.1.0-py3.10.egg-info/dependency_links.txt
[8.511s] -- Installing: /home/shlok/motio_planning_ws/install/neo_srvs2/local/lib/python3.10/dist-packages/neo_srvs2-0.1.0-py3.10.egg-info/PKG-INFO
[8.511s] -- Installing: /home/shlok/motio_planning_ws/install/neo_srvs2/local/lib/python3.10/dist-packages/neo_srvs2-0.1.0-py3.10.egg-info/top_level.txt
[8.511s] -- Installing: /home/shlok/motio_planning_ws/install/neo_srvs2/local/lib/python3.10/dist-packages/neo_srvs2-0.1.0-py3.10.egg-info/SOURCES.txt
[8.511s] -- Installing: /home/shlok/motio_planning_ws/install/neo_srvs2/local/lib/python3.10/dist-packages/neo_srvs2
[8.511s] -- Installing: /home/shlok/motio_planning_ws/install/neo_srvs2/local/lib/python3.10/dist-packages/neo_srvs2/neo_srvs2_s__rosidl_typesupport_introspection_c.cpython-310-x86_64-linux-gnu.so
[8.511s] -- Installing: /home/shlok/motio_planning_ws/install/neo_srvs2/local/lib/python3.10/dist-packages/neo_srvs2/srv
[8.511s] -- Installing: /home/shlok/motio_planning_ws/install/neo_srvs2/local/lib/python3.10/dist-packages/neo_srvs2/srv/_relay_board_set_relay_s.c
[8.511s] -- Installing: /home/shlok/motio_planning_ws/install/neo_srvs2/local/lib/python3.10/dist-packages/neo_srvs2/srv/_unlock_platform_s.c
[8.511s] -- Installing: /home/shlok/motio_planning_ws/install/neo_srvs2/local/lib/python3.10/dist-packages/neo_srvs2/srv/_relay_board_set_em_stop_s.c
[8.511s] -- Installing: /home/shlok/motio_planning_ws/install/neo_srvs2/local/lib/python3.10/dist-packages/neo_srvs2/srv/_set_safety_field.py
[8.511s] -- Installing: /home/shlok/motio_planning_ws/install/neo_srvs2/local/lib/python3.10/dist-packages/neo_srvs2/srv/_optimizer_s.c
[8.511s] -- Installing: /home/shlok/motio_planning_ws/install/neo_srvs2/local/lib/python3.10/dist-packages/neo_srvs2/srv/_reset_omni_wheels_s.c
[8.512s] -- Installing: /home/shlok/motio_planning_ws/install/neo_srvs2/local/lib/python3.10/dist-packages/neo_srvs2/srv/_lock_platform.py
[8.512s] -- Installing: /home/shlok/motio_planning_ws/install/neo_srvs2/local/lib/python3.10/dist-packages/neo_srvs2/srv/_us_board_toggle_sensor_s.c
[8.512s] -- Installing: /home/shlok/motio_planning_ws/install/neo_srvs2/local/lib/python3.10/dist-packages/neo_srvs2/srv/_lock_platform_s.c
[8.512s] -- Installing: /home/shlok/motio_planning_ws/install/neo_srvs2/local/lib/python3.10/dist-packages/neo_srvs2/srv/__init__.py
[8.512s] -- Installing: /home/shlok/motio_planning_ws/install/neo_srvs2/local/lib/python3.10/dist-packages/neo_srvs2/srv/_relay_board_set_relay.py
[8.512s] -- Installing: /home/shlok/motio_planning_ws/install/neo_srvs2/local/lib/python3.10/dist-packages/neo_srvs2/srv/_set_safety_field_s.c
[8.512s] -- Installing: /home/shlok/motio_planning_ws/install/neo_srvs2/local/lib/python3.10/dist-packages/neo_srvs2/srv/_unlock_platform.py
[8.512s] -- Installing: /home/shlok/motio_planning_ws/install/neo_srvs2/local/lib/python3.10/dist-packages/neo_srvs2/srv/_io_board_set_dig_out.py
[8.512s] -- Installing: /home/shlok/motio_planning_ws/install/neo_srvs2/local/lib/python3.10/dist-packages/neo_srvs2/srv/_relay_board_set_lcd_msg.py
[8.512s] -- Installing: /home/shlok/motio_planning_ws/install/neo_srvs2/local/lib/python3.10/dist-packages/neo_srvs2/srv/_relay_board_un_set_em_stop_s.c
[8.512s] -- Installing: /home/shlok/motio_planning_ws/install/neo_srvs2/local/lib/python3.10/dist-packages/neo_srvs2/srv/_relay_board_un_set_em_stop.py
[8.512s] -- Installing: /home/shlok/motio_planning_ws/install/neo_srvs2/local/lib/python3.10/dist-packages/neo_srvs2/srv/_initialize_contour_matching_s.c
[8.512s] -- Installing: /home/shlok/motio_planning_ws/install/neo_srvs2/local/lib/python3.10/dist-packages/neo_srvs2/srv/_initialize_contour_matching.py
[8.512s] -- Installing: /home/shlok/motio_planning_ws/install/neo_srvs2/local/lib/python3.10/dist-packages/neo_srvs2/srv/_us_board_toggle_sensor.py
[8.512s] -- Installing: /home/shlok/motio_planning_ws/install/neo_srvs2/local/lib/python3.10/dist-packages/neo_srvs2/srv/_relay_board_set_led.py
[8.512s] -- Installing: /home/shlok/motio_planning_ws/install/neo_srvs2/local/lib/python3.10/dist-packages/neo_srvs2/srv/_relay_board_set_led_s.c
[8.512s] -- Installing: /home/shlok/motio_planning_ws/install/neo_srvs2/local/lib/python3.10/dist-packages/neo_srvs2/srv/_relay_board_set_em_stop.py
[8.512s] -- Installing: /home/shlok/motio_planning_ws/install/neo_srvs2/local/lib/python3.10/dist-packages/neo_srvs2/srv/_optimizer.py
[8.512s] -- Installing: /home/shlok/motio_planning_ws/install/neo_srvs2/local/lib/python3.10/dist-packages/neo_srvs2/srv/_relay_board_set_lcd_msg_s.c
[8.512s] -- Installing: /home/shlok/motio_planning_ws/install/neo_srvs2/local/lib/python3.10/dist-packages/neo_srvs2/srv/_reset_omni_wheels.py
[8.512s] -- Installing: /home/shlok/motio_planning_ws/install/neo_srvs2/local/lib/python3.10/dist-packages/neo_srvs2/srv/_io_board_set_dig_out_s.c
[8.512s] -- Installing: /home/shlok/motio_planning_ws/install/neo_srvs2/local/lib/python3.10/dist-packages/neo_srvs2/_neo_srvs2_s.ep.rosidl_typesupport_introspection_c.c
[8.512s] -- Installing: /home/shlok/motio_planning_ws/install/neo_srvs2/local/lib/python3.10/dist-packages/neo_srvs2/neo_srvs2_s__rosidl_typesupport_c.cpython-310-x86_64-linux-gnu.so
[8.512s] -- Installing: /home/shlok/motio_planning_ws/install/neo_srvs2/local/lib/python3.10/dist-packages/neo_srvs2/__init__.py
[8.512s] -- Installing: /home/shlok/motio_planning_ws/install/neo_srvs2/local/lib/python3.10/dist-packages/neo_srvs2/_neo_srvs2_s.ep.rosidl_typesupport_c.c
[8.512s] -- Installing: /home/shlok/motio_planning_ws/install/neo_srvs2/local/lib/python3.10/dist-packages/neo_srvs2/_neo_srvs2_s.ep.rosidl_typesupport_fastrtps_c.c
[8.512s] -- Installing: /home/shlok/motio_planning_ws/install/neo_srvs2/local/lib/python3.10/dist-packages/neo_srvs2/libneo_srvs2__rosidl_generator_py.so
[8.512s] -- Installing: /home/shlok/motio_planning_ws/install/neo_srvs2/local/lib/python3.10/dist-packages/neo_srvs2/neo_srvs2_s__rosidl_typesupport_fastrtps_c.cpython-310-x86_64-linux-gnu.so
[8.545s] Listing '/home/shlok/motio_planning_ws/install/neo_srvs2/local/lib/python3.10/dist-packages/neo_srvs2'...
[8.545s] Compiling '/home/shlok/motio_planning_ws/install/neo_srvs2/local/lib/python3.10/dist-packages/neo_srvs2/__init__.py'...
[8.545s] Listing '/home/shlok/motio_planning_ws/install/neo_srvs2/local/lib/python3.10/dist-packages/neo_srvs2/srv'...
[8.545s] Compiling '/home/shlok/motio_planning_ws/install/neo_srvs2/local/lib/python3.10/dist-packages/neo_srvs2/srv/__init__.py'...
[8.545s] Compiling '/home/shlok/motio_planning_ws/install/neo_srvs2/local/lib/python3.10/dist-packages/neo_srvs2/srv/_initialize_contour_matching.py'...
[8.545s] Compiling '/home/shlok/motio_planning_ws/install/neo_srvs2/local/lib/python3.10/dist-packages/neo_srvs2/srv/_io_board_set_dig_out.py'...
[8.545s] Compiling '/home/shlok/motio_planning_ws/install/neo_srvs2/local/lib/python3.10/dist-packages/neo_srvs2/srv/_lock_platform.py'...
[8.545s] Compiling '/home/shlok/motio_planning_ws/install/neo_srvs2/local/lib/python3.10/dist-packages/neo_srvs2/srv/_optimizer.py'...
[8.545s] Compiling '/home/shlok/motio_planning_ws/install/neo_srvs2/local/lib/python3.10/dist-packages/neo_srvs2/srv/_relay_board_set_em_stop.py'...
[8.545s] Compiling '/home/shlok/motio_planning_ws/install/neo_srvs2/local/lib/python3.10/dist-packages/neo_srvs2/srv/_relay_board_set_lcd_msg.py'...
[8.545s] Compiling '/home/shlok/motio_planning_ws/install/neo_srvs2/local/lib/python3.10/dist-packages/neo_srvs2/srv/_relay_board_set_led.py'...
[8.545s] Compiling '/home/shlok/motio_planning_ws/install/neo_srvs2/local/lib/python3.10/dist-packages/neo_srvs2/srv/_relay_board_set_relay.py'...
[8.545s] Compiling '/home/shlok/motio_planning_ws/install/neo_srvs2/local/lib/python3.10/dist-packages/neo_srvs2/srv/_relay_board_un_set_em_stop.py'...
[8.545s] Compiling '/home/shlok/motio_planning_ws/install/neo_srvs2/local/lib/python3.10/dist-packages/neo_srvs2/srv/_reset_omni_wheels.py'...
[8.545s] Compiling '/home/shlok/motio_planning_ws/install/neo_srvs2/local/lib/python3.10/dist-packages/neo_srvs2/srv/_set_safety_field.py'...
[8.545s] Compiling '/home/shlok/motio_planning_ws/install/neo_srvs2/local/lib/python3.10/dist-packages/neo_srvs2/srv/_unlock_platform.py'...
[8.545s] Compiling '/home/shlok/motio_planning_ws/install/neo_srvs2/local/lib/python3.10/dist-packages/neo_srvs2/srv/_us_board_toggle_sensor.py'...
[8.548s] -- Installing: /home/shlok/motio_planning_ws/install/neo_srvs2/local/lib/python3.10/dist-packages/neo_srvs2/neo_srvs2_s__rosidl_typesupport_fastrtps_c.cpython-310-x86_64-linux-gnu.so
[8.548s] -- Set runtime path of "/home/shlok/motio_planning_ws/install/neo_srvs2/local/lib/python3.10/dist-packages/neo_srvs2/neo_srvs2_s__rosidl_typesupport_fastrtps_c.cpython-310-x86_64-linux-gnu.so" to ""
[8.548s] -- Installing: /home/shlok/motio_planning_ws/install/neo_srvs2/local/lib/python3.10/dist-packages/neo_srvs2/neo_srvs2_s__rosidl_typesupport_introspection_c.cpython-310-x86_64-linux-gnu.so
[8.548s] -- Set runtime path of "/home/shlok/motio_planning_ws/install/neo_srvs2/local/lib/python3.10/dist-packages/neo_srvs2/neo_srvs2_s__rosidl_typesupport_introspection_c.cpython-310-x86_64-linux-gnu.so" to ""
[8.548s] -- Installing: /home/shlok/motio_planning_ws/install/neo_srvs2/local/lib/python3.10/dist-packages/neo_srvs2/neo_srvs2_s__rosidl_typesupport_c.cpython-310-x86_64-linux-gnu.so
[8.548s] -- Set runtime path of "/home/shlok/motio_planning_ws/install/neo_srvs2/local/lib/python3.10/dist-packages/neo_srvs2/neo_srvs2_s__rosidl_typesupport_c.cpython-310-x86_64-linux-gnu.so" to ""
[8.548s] -- Installing: /home/shlok/motio_planning_ws/install/neo_srvs2/lib/libneo_srvs2__rosidl_generator_py.so
[8.548s] -- Set runtime path of "/home/shlok/motio_planning_ws/install/neo_srvs2/lib/libneo_srvs2__rosidl_generator_py.so" to ""
[8.548s] -- Installing: /home/shlok/motio_planning_ws/install/neo_srvs2/share/neo_srvs2/srv/RelayBoardSetRelay.idl
[8.548s] -- Installing: /home/shlok/motio_planning_ws/install/neo_srvs2/share/neo_srvs2/srv/IOBoardSetDigOut.idl
[8.548s] -- Installing: /home/shlok/motio_planning_ws/install/neo_srvs2/share/neo_srvs2/srv/RelayBoardSetLCDMsg.idl
[8.548s] -- Installing: /home/shlok/motio_planning_ws/install/neo_srvs2/share/neo_srvs2/srv/LockPlatform.idl
[8.548s] -- Installing: /home/shlok/motio_planning_ws/install/neo_srvs2/share/neo_srvs2/srv/UnlockPlatform.idl
[8.548s] -- Installing: /home/shlok/motio_planning_ws/install/neo_srvs2/share/neo_srvs2/srv/ResetOmniWheels.idl
[8.548s] -- Installing: /home/shlok/motio_planning_ws/install/neo_srvs2/share/neo_srvs2/srv/RelayBoardSetEMStop.idl
[8.548s] -- Installing: /home/shlok/motio_planning_ws/install/neo_srvs2/share/neo_srvs2/srv/RelayBoardUnSetEMStop.idl
[8.549s] -- Installing: /home/shlok/motio_planning_ws/install/neo_srvs2/share/neo_srvs2/srv/RelayBoardSetLED.idl
[8.549s] -- Installing: /home/shlok/motio_planning_ws/install/neo_srvs2/share/neo_srvs2/srv/USBoardToggleSensor.idl
[8.549s] -- Installing: /home/shlok/motio_planning_ws/install/neo_srvs2/share/neo_srvs2/srv/Optimizer.idl
[8.549s] -- Installing: /home/shlok/motio_planning_ws/install/neo_srvs2/share/neo_srvs2/srv/InitializeContourMatching.idl
[8.549s] -- Installing: /home/shlok/motio_planning_ws/install/neo_srvs2/share/neo_srvs2/srv/SetSafetyField.idl
[8.549s] -- Installing: /home/shlok/motio_planning_ws/install/neo_srvs2/share/neo_srvs2/srv/RelayBoardSetRelay.srv
[8.549s] -- Installing: /home/shlok/motio_planning_ws/install/neo_srvs2/share/neo_srvs2/srv/RelayBoardSetRelay_Request.msg
[8.549s] -- Installing: /home/shlok/motio_planning_ws/install/neo_srvs2/share/neo_srvs2/srv/RelayBoardSetRelay_Response.msg
[8.549s] -- Installing: /home/shlok/motio_planning_ws/install/neo_srvs2/share/neo_srvs2/srv/IOBoardSetDigOut.srv
[8.549s] -- Installing: /home/shlok/motio_planning_ws/install/neo_srvs2/share/neo_srvs2/srv/IOBoardSetDigOut_Request.msg
[8.549s] -- Installing: /home/shlok/motio_planning_ws/install/neo_srvs2/share/neo_srvs2/srv/IOBoardSetDigOut_Response.msg
[8.549s] -- Installing: /home/shlok/motio_planning_ws/install/neo_srvs2/share/neo_srvs2/srv/RelayBoardSetLCDMsg.srv
[8.549s] -- Installing: /home/shlok/motio_planning_ws/install/neo_srvs2/share/neo_srvs2/srv/RelayBoardSetLCDMsg_Request.msg
[8.549s] -- Installing: /home/shlok/motio_planning_ws/install/neo_srvs2/share/neo_srvs2/srv/RelayBoardSetLCDMsg_Response.msg
[8.549s] -- Installing: /home/shlok/motio_planning_ws/install/neo_srvs2/share/neo_srvs2/srv/LockPlatform.srv
[8.549s] -- Installing: /home/shlok/motio_planning_ws/install/neo_srvs2/share/neo_srvs2/srv/LockPlatform_Request.msg
[8.549s] -- Installing: /home/shlok/motio_planning_ws/install/neo_srvs2/share/neo_srvs2/srv/LockPlatform_Response.msg
[8.549s] -- Installing: /home/shlok/motio_planning_ws/install/neo_srvs2/share/neo_srvs2/srv/UnlockPlatform.srv
[8.549s] -- Installing: /home/shlok/motio_planning_ws/install/neo_srvs2/share/neo_srvs2/srv/UnlockPlatform_Request.msg
[8.549s] -- Installing: /home/shlok/motio_planning_ws/install/neo_srvs2/share/neo_srvs2/srv/UnlockPlatform_Response.msg
[8.550s] -- Installing: /home/shlok/motio_planning_ws/install/neo_srvs2/share/neo_srvs2/srv/ResetOmniWheels.srv
[8.550s] -- Installing: /home/shlok/motio_planning_ws/install/neo_srvs2/share/neo_srvs2/srv/ResetOmniWheels_Request.msg
[8.550s] -- Installing: /home/shlok/motio_planning_ws/install/neo_srvs2/share/neo_srvs2/srv/ResetOmniWheels_Response.msg
[8.550s] -- Installing: /home/shlok/motio_planning_ws/install/neo_srvs2/share/neo_srvs2/srv/RelayBoardSetEMStop.srv
[8.550s] -- Installing: /home/shlok/motio_planning_ws/install/neo_srvs2/share/neo_srvs2/srv/RelayBoardSetEMStop_Request.msg
[8.550s] -- Installing: /home/shlok/motio_planning_ws/install/neo_srvs2/share/neo_srvs2/srv/RelayBoardSetEMStop_Response.msg
[8.550s] -- Installing: /home/shlok/motio_planning_ws/install/neo_srvs2/share/neo_srvs2/srv/RelayBoardUnSetEMStop.srv
[8.550s] -- Installing: /home/shlok/motio_planning_ws/install/neo_srvs2/share/neo_srvs2/srv/RelayBoardUnSetEMStop_Request.msg
[8.550s] -- Installing: /home/shlok/motio_planning_ws/install/neo_srvs2/share/neo_srvs2/srv/RelayBoardUnSetEMStop_Response.msg
[8.550s] -- Installing: /home/shlok/motio_planning_ws/install/neo_srvs2/share/neo_srvs2/srv/RelayBoardSetLED.srv
[8.550s] -- Installing: /home/shlok/motio_planning_ws/install/neo_srvs2/share/neo_srvs2/srv/RelayBoardSetLED_Request.msg
[8.550s] -- Installing: /home/shlok/motio_planning_ws/install/neo_srvs2/share/neo_srvs2/srv/RelayBoardSetLED_Response.msg
[8.550s] -- Installing: /home/shlok/motio_planning_ws/install/neo_srvs2/share/neo_srvs2/srv/USBoardToggleSensor.srv
[8.550s] -- Installing: /home/shlok/motio_planning_ws/install/neo_srvs2/share/neo_srvs2/srv/USBoardToggleSensor_Request.msg
[8.550s] -- Installing: /home/shlok/motio_planning_ws/install/neo_srvs2/share/neo_srvs2/srv/USBoardToggleSensor_Response.msg
[8.550s] -- Installing: /home/shlok/motio_planning_ws/install/neo_srvs2/share/neo_srvs2/srv/Optimizer.srv
[8.550s] -- Installing: /home/shlok/motio_planning_ws/install/neo_srvs2/share/neo_srvs2/srv/Optimizer_Request.msg
[8.550s] -- Installing: /home/shlok/motio_planning_ws/install/neo_srvs2/share/neo_srvs2/srv/Optimizer_Response.msg
[8.550s] -- Installing: /home/shlok/motio_planning_ws/install/neo_srvs2/share/neo_srvs2/srv/InitializeContourMatching.srv
[8.550s] -- Installing: /home/shlok/motio_planning_ws/install/neo_srvs2/share/neo_srvs2/srv/InitializeContourMatching_Request.msg
[8.551s] -- Installing: /home/shlok/motio_planning_ws/install/neo_srvs2/share/neo_srvs2/srv/InitializeContourMatching_Response.msg
[8.551s] -- Installing: /home/shlok/motio_planning_ws/install/neo_srvs2/share/neo_srvs2/srv/SetSafetyField.srv
[8.551s] -- Installing: /home/shlok/motio_planning_ws/install/neo_srvs2/share/neo_srvs2/srv/SetSafetyField_Request.msg
[8.551s] -- Installing: /home/shlok/motio_planning_ws/install/neo_srvs2/share/neo_srvs2/srv/SetSafetyField_Response.msg
[8.551s] -- Installing: /home/shlok/motio_planning_ws/install/neo_srvs2/share/ament_index/resource_index/package_run_dependencies/neo_srvs2
[8.551s] -- Installing: /home/shlok/motio_planning_ws/install/neo_srvs2/share/ament_index/resource_index/parent_prefix_path/neo_srvs2
[8.551s] -- Installing: /home/shlok/motio_planning_ws/install/neo_srvs2/share/neo_srvs2/environment/ament_prefix_path.sh
[8.551s] -- Installing: /home/shlok/motio_planning_ws/install/neo_srvs2/share/neo_srvs2/environment/ament_prefix_path.dsv
[8.551s] -- Installing: /home/shlok/motio_planning_ws/install/neo_srvs2/share/neo_srvs2/environment/path.sh
[8.551s] -- Installing: /home/shlok/motio_planning_ws/install/neo_srvs2/share/neo_srvs2/environment/path.dsv
[8.551s] -- Installing: /home/shlok/motio_planning_ws/install/neo_srvs2/share/neo_srvs2/local_setup.bash
[8.551s] -- Installing: /home/shlok/motio_planning_ws/install/neo_srvs2/share/neo_srvs2/local_setup.sh
[8.551s] -- Installing: /home/shlok/motio_planning_ws/install/neo_srvs2/share/neo_srvs2/local_setup.zsh
[8.551s] -- Installing: /home/shlok/motio_planning_ws/install/neo_srvs2/share/neo_srvs2/local_setup.dsv
[8.551s] -- Installing: /home/shlok/motio_planning_ws/install/neo_srvs2/share/neo_srvs2/package.dsv
[8.551s] -- Installing: /home/shlok/motio_planning_ws/install/neo_srvs2/share/ament_index/resource_index/packages/neo_srvs2
[8.551s] -- Installing: /home/shlok/motio_planning_ws/install/neo_srvs2/share/neo_srvs2/cmake/export_neo_srvs2__rosidl_generator_cExport.cmake
[8.551s] -- Installing: /home/shlok/motio_planning_ws/install/neo_srvs2/share/neo_srvs2/cmake/export_neo_srvs2__rosidl_generator_cExport-noconfig.cmake
[8.552s] -- Installing: /home/shlok/motio_planning_ws/install/neo_srvs2/share/neo_srvs2/cmake/export_neo_srvs2__rosidl_typesupport_fastrtps_cExport.cmake
[8.552s] -- Installing: /home/shlok/motio_planning_ws/install/neo_srvs2/share/neo_srvs2/cmake/export_neo_srvs2__rosidl_typesupport_fastrtps_cExport-noconfig.cmake
[8.552s] -- Installing: /home/shlok/motio_planning_ws/install/neo_srvs2/share/neo_srvs2/cmake/neo_srvs2__rosidl_typesupport_introspection_cExport.cmake
[8.552s] -- Installing: /home/shlok/motio_planning_ws/install/neo_srvs2/share/neo_srvs2/cmake/neo_srvs2__rosidl_typesupport_introspection_cExport-noconfig.cmake
[8.552s] -- Installing: /home/shlok/motio_planning_ws/install/neo_srvs2/share/neo_srvs2/cmake/neo_srvs2__rosidl_typesupport_cExport.cmake
[8.552s] -- Installing: /home/shlok/motio_planning_ws/install/neo_srvs2/share/neo_srvs2/cmake/neo_srvs2__rosidl_typesupport_cExport-noconfig.cmake
[8.552s] -- Installing: /home/shlok/motio_planning_ws/install/neo_srvs2/share/neo_srvs2/cmake/export_neo_srvs2__rosidl_generator_cppExport.cmake
[8.552s] -- Installing: /home/shlok/motio_planning_ws/install/neo_srvs2/share/neo_srvs2/cmake/export_neo_srvs2__rosidl_typesupport_fastrtps_cppExport.cmake
[8.552s] -- Installing: /home/shlok/motio_planning_ws/install/neo_srvs2/share/neo_srvs2/cmake/export_neo_srvs2__rosidl_typesupport_fastrtps_cppExport-noconfig.cmake
[8.552s] -- Installing: /home/shlok/motio_planning_ws/install/neo_srvs2/share/neo_srvs2/cmake/neo_srvs2__rosidl_typesupport_introspection_cppExport.cmake
[8.552s] -- Installing: /home/shlok/motio_planning_ws/install/neo_srvs2/share/neo_srvs2/cmake/neo_srvs2__rosidl_typesupport_introspection_cppExport-noconfig.cmake
[8.552s] -- Installing: /home/shlok/motio_planning_ws/install/neo_srvs2/share/neo_srvs2/cmake/neo_srvs2__rosidl_typesupport_cppExport.cmake
[8.552s] -- Installing: /home/shlok/motio_planning_ws/install/neo_srvs2/share/neo_srvs2/cmake/neo_srvs2__rosidl_typesupport_cppExport-noconfig.cmake
[8.552s] -- Installing: /home/shlok/motio_planning_ws/install/neo_srvs2/share/neo_srvs2/cmake/export_neo_srvs2__rosidl_generator_pyExport.cmake
[8.552s] -- Installing: /home/shlok/motio_planning_ws/install/neo_srvs2/share/neo_srvs2/cmake/export_neo_srvs2__rosidl_generator_pyExport-noconfig.cmake
[8.553s] -- Installing: /home/shlok/motio_planning_ws/install/neo_srvs2/share/neo_srvs2/cmake/rosidl_cmake-extras.cmake
[8.553s] -- Installing: /home/shlok/motio_planning_ws/install/neo_srvs2/share/neo_srvs2/cmake/ament_cmake_export_dependencies-extras.cmake
[8.553s] -- Installing: /home/shlok/motio_planning_ws/install/neo_srvs2/share/neo_srvs2/cmake/ament_cmake_export_include_directories-extras.cmake
[8.553s] -- Installing: /home/shlok/motio_planning_ws/install/neo_srvs2/share/neo_srvs2/cmake/ament_cmake_export_libraries-extras.cmake
[8.553s] -- Installing: /home/shlok/motio_planning_ws/install/neo_srvs2/share/neo_srvs2/cmake/ament_cmake_export_targets-extras.cmake
[8.553s] -- Installing: /home/shlok/motio_planning_ws/install/neo_srvs2/share/neo_srvs2/cmake/rosidl_cmake_export_typesupport_targets-extras.cmake
[8.553s] -- Installing: /home/shlok/motio_planning_ws/install/neo_srvs2/share/neo_srvs2/cmake/rosidl_cmake_export_typesupport_libraries-extras.cmake
[8.553s] -- Installing: /home/shlok/motio_planning_ws/install/neo_srvs2/share/neo_srvs2/cmake/neo_srvs2Config.cmake
[8.553s] -- Installing: /home/shlok/motio_planning_ws/install/neo_srvs2/share/neo_srvs2/cmake/neo_srvs2Config-version.cmake
[8.553s] -- Installing: /home/shlok/motio_planning_ws/install/neo_srvs2/share/neo_srvs2/package.xml
[8.555s] Invoked command in '/home/shlok/motio_planning_ws/build/neo_srvs2' returned '0': CMAKE_PREFIX_PATH=/opt/ros/humble /usr/bin/cmake --install /home/shlok/motio_planning_ws/build/neo_srvs2
