[0.005s] Invoking command in '/home/shlok/motio_planning_ws/build/neo_mpc_planner2': AMENT_PREFIX_PATH=/home/shlok/motio_planning_ws/install/neo_srvs2:${AMENT_PREFIX_PATH} CMAKE_PREFIX_PATH=/home/shlok/motio_planning_ws/install/neo_srvs2:/opt/ros/humble LD_LIBRARY_PATH=/home/shlok/motio_planning_ws/install/neo_srvs2/lib:${LD_LIBRARY_PATH} PYTHONPATH=/home/shlok/motio_planning_ws/install/neo_srvs2/local/lib/python3.10/dist-packages:${PYTHONPATH} /usr/bin/cmake --build /home/shlok/motio_planning_ws/build/neo_mpc_planner2 -- -j16 -l16
[0.031s] [35m[1mConsolidate compiler generated dependencies of target neo_mpc_planner2[0m
[0.042s] [  0%] Built target ament_cmake_python_copy_neo_mpc_planner2
[0.042s] [  0%] Built target ament_cmake_python_copy_neo_mpc_planner2_setup
[0.045s] [ 50%] [32mBuilding CXX object CMakeFiles/neo_mpc_planner2.dir/src/NeoMpcPlanner.cpp.o[0m
[0.178s] running egg_info
[0.179s] writing neo_mpc_planner2.egg-info/PKG-INFO
[0.179s] writing dependency_links to neo_mpc_planner2.egg-info/dependency_links.txt
[0.179s] writing top-level names to neo_mpc_planner2.egg-info/top_level.txt
[0.180s] reading manifest file 'neo_mpc_planner2.egg-info/SOURCES.txt'
[0.180s] writing manifest file 'neo_mpc_planner2.egg-info/SOURCES.txt'
[0.199s] [ 50%] Built target ament_cmake_python_build_neo_mpc_planner2_egg
[5.702s] [100%] [32m[1mLinking CXX shared library libneo_mpc_planner2.so[0m
[6.082s] [100%] Built target neo_mpc_planner2
[6.090s] Invoked command in '/home/shlok/motio_planning_ws/build/neo_mpc_planner2' returned '0': AMENT_PREFIX_PATH=/home/shlok/motio_planning_ws/install/neo_srvs2:${AMENT_PREFIX_PATH} CMAKE_PREFIX_PATH=/home/shlok/motio_planning_ws/install/neo_srvs2:/opt/ros/humble LD_LIBRARY_PATH=/home/shlok/motio_planning_ws/install/neo_srvs2/lib:${LD_LIBRARY_PATH} PYTHONPATH=/home/shlok/motio_planning_ws/install/neo_srvs2/local/lib/python3.10/dist-packages:${PYTHONPATH} /usr/bin/cmake --build /home/shlok/motio_planning_ws/build/neo_mpc_planner2 -- -j16 -l16
[6.104s] Invoking command in '/home/shlok/motio_planning_ws/build/neo_mpc_planner2': AMENT_PREFIX_PATH=/home/shlok/motio_planning_ws/install/neo_srvs2:${AMENT_PREFIX_PATH} CMAKE_PREFIX_PATH=/home/shlok/motio_planning_ws/install/neo_srvs2:/opt/ros/humble LD_LIBRARY_PATH=/home/shlok/motio_planning_ws/install/neo_srvs2/lib:${LD_LIBRARY_PATH} PYTHONPATH=/home/shlok/motio_planning_ws/install/neo_srvs2/local/lib/python3.10/dist-packages:${PYTHONPATH} /usr/bin/cmake --install /home/shlok/motio_planning_ws/build/neo_mpc_planner2
[6.109s] -- Install configuration: ""
[6.109s] -- Installing: /home/shlok/motio_planning_ws/install/neo_mpc_planner2/share/neo_mpc_planner2/environment/pythonpath.sh
[6.109s] -- Installing: /home/shlok/motio_planning_ws/install/neo_mpc_planner2/share/neo_mpc_planner2/environment/pythonpath.dsv
[6.110s] -- Installing: /home/shlok/motio_planning_ws/install/neo_mpc_planner2/local/lib/python3.10/dist-packages/neo_mpc_planner2-1.0.0-py3.10.egg-info
[6.110s] -- Installing: /home/shlok/motio_planning_ws/install/neo_mpc_planner2/local/lib/python3.10/dist-packages/neo_mpc_planner2-1.0.0-py3.10.egg-info/dependency_links.txt
[6.110s] -- Installing: /home/shlok/motio_planning_ws/install/neo_mpc_planner2/local/lib/python3.10/dist-packages/neo_mpc_planner2-1.0.0-py3.10.egg-info/PKG-INFO
[6.110s] -- Installing: /home/shlok/motio_planning_ws/install/neo_mpc_planner2/local/lib/python3.10/dist-packages/neo_mpc_planner2-1.0.0-py3.10.egg-info/top_level.txt
[6.110s] -- Installing: /home/shlok/motio_planning_ws/install/neo_mpc_planner2/local/lib/python3.10/dist-packages/neo_mpc_planner2-1.0.0-py3.10.egg-info/SOURCES.txt
[6.110s] -- Installing: /home/shlok/motio_planning_ws/install/neo_mpc_planner2/local/lib/python3.10/dist-packages/neo_mpc_planner2
[6.110s] -- Installing: /home/shlok/motio_planning_ws/install/neo_mpc_planner2/local/lib/python3.10/dist-packages/neo_mpc_planner2/mpc_optimization_server.py
[6.110s] -- Installing: /home/shlok/motio_planning_ws/install/neo_mpc_planner2/local/lib/python3.10/dist-packages/neo_mpc_planner2/__init__.py
[6.130s] Listing '/home/shlok/motio_planning_ws/install/neo_mpc_planner2/local/lib/python3.10/dist-packages/neo_mpc_planner2'...
[6.130s] Compiling '/home/shlok/motio_planning_ws/install/neo_mpc_planner2/local/lib/python3.10/dist-packages/neo_mpc_planner2/__init__.py'...
[6.130s] Compiling '/home/shlok/motio_planning_ws/install/neo_mpc_planner2/local/lib/python3.10/dist-packages/neo_mpc_planner2/mpc_optimization_server.py'...
[6.133s] -- Installing: /home/shlok/motio_planning_ws/install/neo_mpc_planner2/include/
[6.133s] -- Installing: /home/shlok/motio_planning_ws/install/neo_mpc_planner2/include//controller_exceptions.hpp
[6.133s] -- Installing: /home/shlok/motio_planning_ws/install/neo_mpc_planner2/include//NeoMpcPlanner.h
[6.133s] -- Installing: /home/shlok/motio_planning_ws/install/neo_mpc_planner2/share/neo_mpc_planner_plugin.xml
[6.133s] -- Installing: /home/shlok/motio_planning_ws/install/neo_mpc_planner2/lib/libneo_mpc_planner2.so
[6.134s] -- Set runtime path of "/home/shlok/motio_planning_ws/install/neo_mpc_planner2/lib/libneo_mpc_planner2.so" to ""
[6.135s] -- Installing: /home/shlok/motio_planning_ws/install/neo_mpc_planner2/lib/neo_mpc_planner2/mpc_optimization_server.py
[6.135s] -- Installing: /home/shlok/motio_planning_ws/install/neo_mpc_planner2/share/neo_mpc_planner2/environment/library_path.sh
[6.135s] -- Installing: /home/shlok/motio_planning_ws/install/neo_mpc_planner2/share/neo_mpc_planner2/environment/library_path.dsv
[6.135s] -- Installing: /home/shlok/motio_planning_ws/install/neo_mpc_planner2/share/neo_mpc_planner2/neo_mpc_planner_plugin.xml
[6.135s] -- Installing: /home/shlok/motio_planning_ws/install/neo_mpc_planner2/share/ament_index/resource_index/package_run_dependencies/neo_mpc_planner2
[6.135s] -- Installing: /home/shlok/motio_planning_ws/install/neo_mpc_planner2/share/ament_index/resource_index/parent_prefix_path/neo_mpc_planner2
[6.135s] -- Installing: /home/shlok/motio_planning_ws/install/neo_mpc_planner2/share/neo_mpc_planner2/environment/ament_prefix_path.sh
[6.135s] -- Installing: /home/shlok/motio_planning_ws/install/neo_mpc_planner2/share/neo_mpc_planner2/environment/ament_prefix_path.dsv
[6.135s] -- Installing: /home/shlok/motio_planning_ws/install/neo_mpc_planner2/share/neo_mpc_planner2/environment/path.sh
[6.135s] -- Installing: /home/shlok/motio_planning_ws/install/neo_mpc_planner2/share/neo_mpc_planner2/environment/path.dsv
[6.135s] -- Installing: /home/shlok/motio_planning_ws/install/neo_mpc_planner2/share/neo_mpc_planner2/local_setup.bash
[6.135s] -- Installing: /home/shlok/motio_planning_ws/install/neo_mpc_planner2/share/neo_mpc_planner2/local_setup.sh
[6.135s] -- Installing: /home/shlok/motio_planning_ws/install/neo_mpc_planner2/share/neo_mpc_planner2/local_setup.zsh
[6.136s] -- Installing: /home/shlok/motio_planning_ws/install/neo_mpc_planner2/share/neo_mpc_planner2/local_setup.dsv
[6.136s] -- Installing: /home/shlok/motio_planning_ws/install/neo_mpc_planner2/share/neo_mpc_planner2/package.dsv
[6.136s] -- Installing: /home/shlok/motio_planning_ws/install/neo_mpc_planner2/share/ament_index/resource_index/packages/neo_mpc_planner2
[6.136s] -- Installing: /home/shlok/motio_planning_ws/install/neo_mpc_planner2/share/ament_index/resource_index/nav2_core__pluginlib__plugin/neo_mpc_planner2
[6.136s] -- Installing: /home/shlok/motio_planning_ws/install/neo_mpc_planner2/share/neo_mpc_planner2/cmake/ament_cmake_export_include_directories-extras.cmake
[6.136s] -- Installing: /home/shlok/motio_planning_ws/install/neo_mpc_planner2/share/neo_mpc_planner2/cmake/ament_cmake_export_libraries-extras.cmake
[6.136s] -- Installing: /home/shlok/motio_planning_ws/install/neo_mpc_planner2/share/neo_mpc_planner2/cmake/ament_cmake_export_dependencies-extras.cmake
[6.136s] -- Installing: /home/shlok/motio_planning_ws/install/neo_mpc_planner2/share/neo_mpc_planner2/cmake/neo_mpc_planner2Config.cmake
[6.136s] -- Installing: /home/shlok/motio_planning_ws/install/neo_mpc_planner2/share/neo_mpc_planner2/cmake/neo_mpc_planner2Config-version.cmake
[6.136s] -- Installing: /home/shlok/motio_planning_ws/install/neo_mpc_planner2/share/neo_mpc_planner2/package.xml
[6.137s] Invoked command in '/home/shlok/motio_planning_ws/build/neo_mpc_planner2' returned '0': AMENT_PREFIX_PATH=/home/shlok/motio_planning_ws/install/neo_srvs2:${AMENT_PREFIX_PATH} CMAKE_PREFIX_PATH=/home/shlok/motio_planning_ws/install/neo_srvs2:/opt/ros/humble LD_LIBRARY_PATH=/home/shlok/motio_planning_ws/install/neo_srvs2/lib:${LD_LIBRARY_PATH} PYTHONPATH=/home/shlok/motio_planning_ws/install/neo_srvs2/local/lib/python3.10/dist-packages:${PYTHONPATH} /usr/bin/cmake --install /home/shlok/motio_planning_ws/build/neo_mpc_planner2
