[0.057s] DEBUG:colcon:Command line arguments: ['/usr/bin/colcon', 'build']
[0.057s] DEBUG:colcon:Parsed command line arguments: Namespace(log_base=None, log_level=None, verb_name='build', build_base='build', install_base='install', merge_install=False, symlink_install=False, test_result_base=None, continue_on_error=False, executor='parallel', parallel_workers=16, event_handlers=None, ignore_user_meta=False, metas=['./colcon.meta'], base_paths=['.'], packages_ignore=None, packages_ignore_regex=None, paths=None, packages_up_to=None, packages_up_to_regex=None, packages_above=None, packages_above_and_dependencies=None, packages_above_depth=None, packages_select_by_dep=None, packages_skip_by_dep=None, packages_skip_up_to=None, packages_select_build_failed=False, packages_skip_build_finished=False, packages_select_test_failures=False, packages_skip_test_passed=False, packages_select=None, packages_skip=None, packages_select_regex=None, packages_skip_regex=None, packages_start=None, packages_end=None, allow_overriding=[], cmake_args=None, cmake_target=None, cmake_target_skip_unavailable=False, cmake_clean_cache=False, cmake_clean_first=False, cmake_force_configure=False, ament_cmake_args=None, catkin_cmake_args=None, catkin_skip_building_tests=False, mixin_files=None, mixin=None, verb_parser=<colcon_mixin.mixin.mixin_argument.MixinArgumentDecorator object at 0x788e68a46650>, verb_extension=<colcon_core.verb.build.BuildVerb object at 0x788e68a46080>, main=<bound method BuildVerb.main of <colcon_core.verb.build.BuildVerb object at 0x788e68a46080>>, mixin_verb=('build',))
[0.147s] Level 1:colcon.colcon_core.package_discovery:discover_packages(colcon_meta) check parameters
[0.147s] Level 1:colcon.colcon_core.package_discovery:discover_packages(recursive) check parameters
[0.147s] Level 1:colcon.colcon_core.package_discovery:discover_packages(ignore) check parameters
[0.147s] Level 1:colcon.colcon_core.package_discovery:discover_packages(path) check parameters
[0.147s] Level 1:colcon.colcon_core.package_discovery:discover_packages(colcon_meta) discover
[0.147s] Level 1:colcon.colcon_core.package_discovery:discover_packages(recursive) discover
[0.147s] INFO:colcon.colcon_core.package_discovery:Crawling recursively for packages in '/home/shlok/motio_planning_ws'
[0.147s] Level 1:colcon.colcon_core.package_identification:_identify(.) by extensions ['ignore', 'ignore_ament_install']
[0.147s] Level 1:colcon.colcon_core.package_identification:_identify(.) by extension 'ignore'
[0.147s] Level 1:colcon.colcon_core.package_identification:_identify(.) by extension 'ignore_ament_install'
[0.147s] Level 1:colcon.colcon_core.package_identification:_identify(.) by extensions ['colcon_pkg']
[0.147s] Level 1:colcon.colcon_core.package_identification:_identify(.) by extension 'colcon_pkg'
[0.147s] Level 1:colcon.colcon_core.package_identification:_identify(.) by extensions ['colcon_meta']
[0.147s] Level 1:colcon.colcon_core.package_identification:_identify(.) by extension 'colcon_meta'
[0.147s] Level 1:colcon.colcon_core.package_identification:_identify(.) by extensions ['ros']
[0.147s] Level 1:colcon.colcon_core.package_identification:_identify(.) by extension 'ros'
[0.154s] Level 1:colcon.colcon_core.package_identification:_identify(.) by extensions ['cmake', 'python']
[0.154s] Level 1:colcon.colcon_core.package_identification:_identify(.) by extension 'cmake'
[0.154s] Level 1:colcon.colcon_core.package_identification:_identify(.) by extension 'python'
[0.154s] Level 1:colcon.colcon_core.package_identification:_identify(.) by extensions ['python_setup_py']
[0.154s] Level 1:colcon.colcon_core.package_identification:_identify(.) by extension 'python_setup_py'
[0.154s] Level 1:colcon.colcon_core.package_identification:_identify(build) by extensions ['ignore', 'ignore_ament_install']
[0.154s] Level 1:colcon.colcon_core.package_identification:_identify(build) by extension 'ignore'
[0.154s] Level 1:colcon.colcon_core.package_identification:_identify(build) ignored
[0.154s] Level 1:colcon.colcon_core.package_identification:_identify(install) by extensions ['ignore', 'ignore_ament_install']
[0.154s] Level 1:colcon.colcon_core.package_identification:_identify(install) by extension 'ignore'
[0.154s] Level 1:colcon.colcon_core.package_identification:_identify(install) ignored
[0.154s] Level 1:colcon.colcon_core.package_identification:_identify(log) by extensions ['ignore', 'ignore_ament_install']
[0.154s] Level 1:colcon.colcon_core.package_identification:_identify(log) by extension 'ignore'
[0.154s] Level 1:colcon.colcon_core.package_identification:_identify(log) ignored
[0.154s] Level 1:colcon.colcon_core.package_identification:_identify(motion_planning_mpc) by extensions ['ignore', 'ignore_ament_install']
[0.154s] Level 1:colcon.colcon_core.package_identification:_identify(motion_planning_mpc) by extension 'ignore'
[0.154s] Level 1:colcon.colcon_core.package_identification:_identify(motion_planning_mpc) by extension 'ignore_ament_install'
[0.154s] Level 1:colcon.colcon_core.package_identification:_identify(motion_planning_mpc) by extensions ['colcon_pkg']
[0.154s] Level 1:colcon.colcon_core.package_identification:_identify(motion_planning_mpc) by extension 'colcon_pkg'
[0.154s] Level 1:colcon.colcon_core.package_identification:_identify(motion_planning_mpc) by extensions ['colcon_meta']
[0.154s] Level 1:colcon.colcon_core.package_identification:_identify(motion_planning_mpc) by extension 'colcon_meta'
[0.154s] Level 1:colcon.colcon_core.package_identification:_identify(motion_planning_mpc) by extensions ['ros']
[0.154s] Level 1:colcon.colcon_core.package_identification:_identify(motion_planning_mpc) by extension 'ros'
[0.156s] DEBUG:colcon.colcon_core.package_identification:Package 'motion_planning_mpc' with type 'ros.ament_cmake' and name 'neo_mpc_planner2'
[0.156s] Level 1:colcon.colcon_core.package_identification:_identify(neo_nav2_py_costmap2D) by extensions ['ignore', 'ignore_ament_install']
[0.156s] Level 1:colcon.colcon_core.package_identification:_identify(neo_nav2_py_costmap2D) by extension 'ignore'
[0.156s] Level 1:colcon.colcon_core.package_identification:_identify(neo_nav2_py_costmap2D) by extension 'ignore_ament_install'
[0.156s] Level 1:colcon.colcon_core.package_identification:_identify(neo_nav2_py_costmap2D) by extensions ['colcon_pkg']
[0.156s] Level 1:colcon.colcon_core.package_identification:_identify(neo_nav2_py_costmap2D) by extension 'colcon_pkg'
[0.156s] Level 1:colcon.colcon_core.package_identification:_identify(neo_nav2_py_costmap2D) by extensions ['colcon_meta']
[0.156s] Level 1:colcon.colcon_core.package_identification:_identify(neo_nav2_py_costmap2D) by extension 'colcon_meta'
[0.156s] Level 1:colcon.colcon_core.package_identification:_identify(neo_nav2_py_costmap2D) by extensions ['ros']
[0.156s] Level 1:colcon.colcon_core.package_identification:_identify(neo_nav2_py_costmap2D) by extension 'ros'
[0.156s] DEBUG:colcon.colcon_core.package_identification:Package 'neo_nav2_py_costmap2D' with type 'ros.ament_python' and name 'neo_nav2_py_costmap2D'
[0.156s] Level 1:colcon.colcon_core.package_identification:_identify(neo_srvs2) by extensions ['ignore', 'ignore_ament_install']
[0.156s] Level 1:colcon.colcon_core.package_identification:_identify(neo_srvs2) by extension 'ignore'
[0.157s] Level 1:colcon.colcon_core.package_identification:_identify(neo_srvs2) by extension 'ignore_ament_install'
[0.157s] Level 1:colcon.colcon_core.package_identification:_identify(neo_srvs2) by extensions ['colcon_pkg']
[0.157s] Level 1:colcon.colcon_core.package_identification:_identify(neo_srvs2) by extension 'colcon_pkg'
[0.157s] Level 1:colcon.colcon_core.package_identification:_identify(neo_srvs2) by extensions ['colcon_meta']
[0.157s] Level 1:colcon.colcon_core.package_identification:_identify(neo_srvs2) by extension 'colcon_meta'
[0.157s] Level 1:colcon.colcon_core.package_identification:_identify(neo_srvs2) by extensions ['ros']
[0.157s] Level 1:colcon.colcon_core.package_identification:_identify(neo_srvs2) by extension 'ros'
[0.157s] DEBUG:colcon.colcon_core.package_identification:Package 'neo_srvs2' with type 'ros.ament_cmake' and name 'neo_srvs2'
[0.157s] Level 1:colcon.colcon_core.package_discovery:discover_packages(recursive) using defaults
[0.157s] Level 1:colcon.colcon_core.package_discovery:discover_packages(ignore) discover
[0.157s] Level 1:colcon.colcon_core.package_discovery:discover_packages(ignore) using defaults
[0.157s] Level 1:colcon.colcon_core.package_discovery:discover_packages(path) discover
[0.157s] Level 1:colcon.colcon_core.package_discovery:discover_packages(path) using defaults
[0.175s] Level 1:colcon.colcon_core.package_discovery:discover_packages(prefix_path) check parameters
[0.175s] Level 1:colcon.colcon_core.package_discovery:discover_packages(prefix_path) discover
[0.176s] DEBUG:colcon.colcon_installed_package_information.package_discovery:Found 357 installed packages in /opt/ros/humble
[0.177s] Level 1:colcon.colcon_core.package_discovery:discover_packages(prefix_path) using defaults
[0.201s] Level 5:colcon.colcon_core.verb:set package 'neo_nav2_py_costmap2D' build argument 'cmake_args' from command line to 'None'
[0.201s] Level 5:colcon.colcon_core.verb:set package 'neo_nav2_py_costmap2D' build argument 'cmake_target' from command line to 'None'
[0.201s] Level 5:colcon.colcon_core.verb:set package 'neo_nav2_py_costmap2D' build argument 'cmake_target_skip_unavailable' from command line to 'False'
[0.201s] Level 5:colcon.colcon_core.verb:set package 'neo_nav2_py_costmap2D' build argument 'cmake_clean_cache' from command line to 'False'
[0.201s] Level 5:colcon.colcon_core.verb:set package 'neo_nav2_py_costmap2D' build argument 'cmake_clean_first' from command line to 'False'
[0.201s] Level 5:colcon.colcon_core.verb:set package 'neo_nav2_py_costmap2D' build argument 'cmake_force_configure' from command line to 'False'
[0.201s] Level 5:colcon.colcon_core.verb:set package 'neo_nav2_py_costmap2D' build argument 'ament_cmake_args' from command line to 'None'
[0.201s] Level 5:colcon.colcon_core.verb:set package 'neo_nav2_py_costmap2D' build argument 'catkin_cmake_args' from command line to 'None'
[0.201s] Level 5:colcon.colcon_core.verb:set package 'neo_nav2_py_costmap2D' build argument 'catkin_skip_building_tests' from command line to 'False'
[0.201s] DEBUG:colcon.colcon_core.verb:Building package 'neo_nav2_py_costmap2D' with the following arguments: {'ament_cmake_args': None, 'build_base': '/home/shlok/motio_planning_ws/build/neo_nav2_py_costmap2D', 'catkin_cmake_args': None, 'catkin_skip_building_tests': False, 'cmake_args': None, 'cmake_clean_cache': False, 'cmake_clean_first': False, 'cmake_force_configure': False, 'cmake_target': None, 'cmake_target_skip_unavailable': False, 'install_base': '/home/shlok/motio_planning_ws/install/neo_nav2_py_costmap2D', 'merge_install': False, 'path': '/home/shlok/motio_planning_ws/neo_nav2_py_costmap2D', 'symlink_install': False, 'test_result_base': None}
[0.202s] Level 5:colcon.colcon_core.verb:set package 'neo_srvs2' build argument 'cmake_args' from command line to 'None'
[0.202s] Level 5:colcon.colcon_core.verb:set package 'neo_srvs2' build argument 'cmake_target' from command line to 'None'
[0.202s] Level 5:colcon.colcon_core.verb:set package 'neo_srvs2' build argument 'cmake_target_skip_unavailable' from command line to 'False'
[0.202s] Level 5:colcon.colcon_core.verb:set package 'neo_srvs2' build argument 'cmake_clean_cache' from command line to 'False'
[0.202s] Level 5:colcon.colcon_core.verb:set package 'neo_srvs2' build argument 'cmake_clean_first' from command line to 'False'
[0.202s] Level 5:colcon.colcon_core.verb:set package 'neo_srvs2' build argument 'cmake_force_configure' from command line to 'False'
[0.202s] Level 5:colcon.colcon_core.verb:set package 'neo_srvs2' build argument 'ament_cmake_args' from command line to 'None'
[0.202s] Level 5:colcon.colcon_core.verb:set package 'neo_srvs2' build argument 'catkin_cmake_args' from command line to 'None'
[0.202s] Level 5:colcon.colcon_core.verb:set package 'neo_srvs2' build argument 'catkin_skip_building_tests' from command line to 'False'
[0.202s] DEBUG:colcon.colcon_core.verb:Building package 'neo_srvs2' with the following arguments: {'ament_cmake_args': None, 'build_base': '/home/shlok/motio_planning_ws/build/neo_srvs2', 'catkin_cmake_args': None, 'catkin_skip_building_tests': False, 'cmake_args': None, 'cmake_clean_cache': False, 'cmake_clean_first': False, 'cmake_force_configure': False, 'cmake_target': None, 'cmake_target_skip_unavailable': False, 'install_base': '/home/shlok/motio_planning_ws/install/neo_srvs2', 'merge_install': False, 'path': '/home/shlok/motio_planning_ws/neo_srvs2', 'symlink_install': False, 'test_result_base': None}
[0.202s] Level 5:colcon.colcon_core.verb:set package 'neo_mpc_planner2' build argument 'cmake_args' from command line to 'None'
[0.202s] Level 5:colcon.colcon_core.verb:set package 'neo_mpc_planner2' build argument 'cmake_target' from command line to 'None'
[0.202s] Level 5:colcon.colcon_core.verb:set package 'neo_mpc_planner2' build argument 'cmake_target_skip_unavailable' from command line to 'False'
[0.202s] Level 5:colcon.colcon_core.verb:set package 'neo_mpc_planner2' build argument 'cmake_clean_cache' from command line to 'False'
[0.202s] Level 5:colcon.colcon_core.verb:set package 'neo_mpc_planner2' build argument 'cmake_clean_first' from command line to 'False'
[0.202s] Level 5:colcon.colcon_core.verb:set package 'neo_mpc_planner2' build argument 'cmake_force_configure' from command line to 'False'
[0.202s] Level 5:colcon.colcon_core.verb:set package 'neo_mpc_planner2' build argument 'ament_cmake_args' from command line to 'None'
[0.202s] Level 5:colcon.colcon_core.verb:set package 'neo_mpc_planner2' build argument 'catkin_cmake_args' from command line to 'None'
[0.202s] Level 5:colcon.colcon_core.verb:set package 'neo_mpc_planner2' build argument 'catkin_skip_building_tests' from command line to 'False'
[0.202s] DEBUG:colcon.colcon_core.verb:Building package 'neo_mpc_planner2' with the following arguments: {'ament_cmake_args': None, 'build_base': '/home/shlok/motio_planning_ws/build/neo_mpc_planner2', 'catkin_cmake_args': None, 'catkin_skip_building_tests': False, 'cmake_args': None, 'cmake_clean_cache': False, 'cmake_clean_first': False, 'cmake_force_configure': False, 'cmake_target': None, 'cmake_target_skip_unavailable': False, 'install_base': '/home/shlok/motio_planning_ws/install/neo_mpc_planner2', 'merge_install': False, 'path': '/home/shlok/motio_planning_ws/motion_planning_mpc', 'symlink_install': False, 'test_result_base': None}
[0.202s] INFO:colcon.colcon_core.executor:Executing jobs using 'parallel' executor
[0.203s] DEBUG:colcon.colcon_parallel_executor.executor.parallel:run_until_complete
[0.203s] INFO:colcon.colcon_ros.task.ament_cmake.build:Building ROS package in '/home/shlok/motio_planning_ws/neo_srvs2' with build type 'ament_cmake'
[0.203s] INFO:colcon.colcon_cmake.task.cmake.build:Building CMake package in '/home/shlok/motio_planning_ws/neo_srvs2'
[0.204s] INFO:colcon.colcon_core.plugin_system:Skipping extension 'colcon_core.shell.bat': Not used on non-Windows systems
[0.205s] INFO:colcon.colcon_core.shell:Skip shell extension 'powershell' for command environment: Not usable outside of PowerShell
[0.205s] DEBUG:colcon.colcon_core.shell:Skip shell extension 'dsv' for command environment
[0.206s] INFO:colcon.colcon_ros.task.ament_python.build:Building ROS package in '/home/shlok/motio_planning_ws/neo_nav2_py_costmap2D' with build type 'ament_python'
[0.207s] Level 1:colcon.colcon_core.shell:create_environment_hook('neo_nav2_py_costmap2D', 'ament_prefix_path')
[0.207s] INFO:colcon.colcon_core.shell:Creating environment hook '/home/shlok/motio_planning_ws/install/neo_nav2_py_costmap2D/share/neo_nav2_py_costmap2D/hook/ament_prefix_path.ps1'
[0.207s] INFO:colcon.colcon_core.shell:Creating environment descriptor '/home/shlok/motio_planning_ws/install/neo_nav2_py_costmap2D/share/neo_nav2_py_costmap2D/hook/ament_prefix_path.dsv'
[0.207s] INFO:colcon.colcon_core.shell:Creating environment hook '/home/shlok/motio_planning_ws/install/neo_nav2_py_costmap2D/share/neo_nav2_py_costmap2D/hook/ament_prefix_path.sh'
[0.208s] INFO:colcon.colcon_core.shell:Skip shell extension 'powershell' for command environment: Not usable outside of PowerShell
[0.208s] DEBUG:colcon.colcon_core.shell:Skip shell extension 'dsv' for command environment
[0.213s] DEBUG:colcon.colcon_core.event_handler.log_command:Invoking command in '/home/shlok/motio_planning_ws/build/neo_srvs2': CMAKE_PREFIX_PATH=/opt/ros/humble /usr/bin/cmake --build /home/shlok/motio_planning_ws/build/neo_srvs2 -- -j16 -l16
[0.357s] INFO:colcon.colcon_core.task.python.build:Building Python package in '/home/shlok/motio_planning_ws/neo_nav2_py_costmap2D'
[0.357s] INFO:colcon.colcon_core.shell:Skip shell extension 'powershell' for command environment: Not usable outside of PowerShell
[0.357s] DEBUG:colcon.colcon_core.shell:Skip shell extension 'dsv' for command environment
[0.415s] DEBUG:colcon.colcon_core.event_handler.log_command:Invoked command in '/home/shlok/motio_planning_ws/build/neo_srvs2' returned '0': CMAKE_PREFIX_PATH=/opt/ros/humble /usr/bin/cmake --build /home/shlok/motio_planning_ws/build/neo_srvs2 -- -j16 -l16
[0.553s] DEBUG:colcon.colcon_core.event_handler.log_command:Invoking command in '/home/shlok/motio_planning_ws/build/neo_srvs2': CMAKE_PREFIX_PATH=/opt/ros/humble /usr/bin/cmake --install /home/shlok/motio_planning_ws/build/neo_srvs2
[0.564s] DEBUG:colcon.colcon_core.event_handler.log_command:Invoking command in '/home/shlok/motio_planning_ws/neo_nav2_py_costmap2D': PYTHONPATH=/home/shlok/motio_planning_ws/build/neo_nav2_py_costmap2D/prefix_override:/home/shlok/motio_planning_ws/install/neo_nav2_py_costmap2D/lib/python3.10/site-packages:${PYTHONPATH} /usr/bin/python3 -W ignore:setup.py install is deprecated setup.py egg_info --egg-base ../build/neo_nav2_py_costmap2D build --build-base /home/shlok/motio_planning_ws/build/neo_nav2_py_costmap2D/build install --record /home/shlok/motio_planning_ws/build/neo_nav2_py_costmap2D/install.log --single-version-externally-managed install_data
[0.586s] Level 1:colcon.colcon_core.environment:create_environment_scripts_only(neo_srvs2)
[0.586s] DEBUG:colcon.colcon_core.event_handler.log_command:Invoked command in '/home/shlok/motio_planning_ws/build/neo_srvs2' returned '0': CMAKE_PREFIX_PATH=/opt/ros/humble /usr/bin/cmake --install /home/shlok/motio_planning_ws/build/neo_srvs2
[0.587s] Level 1:colcon.colcon_core.environment:checking '/home/shlok/motio_planning_ws/install/neo_srvs2' for CMake module files
[0.588s] Level 1:colcon.colcon_core.environment:checking '/home/shlok/motio_planning_ws/install/neo_srvs2' for CMake config files
[0.588s] Level 1:colcon.colcon_core.shell:create_environment_hook('neo_srvs2', 'cmake_prefix_path')
[0.588s] INFO:colcon.colcon_core.shell:Creating environment hook '/home/shlok/motio_planning_ws/install/neo_srvs2/share/neo_srvs2/hook/cmake_prefix_path.ps1'
[0.588s] INFO:colcon.colcon_core.shell:Creating environment descriptor '/home/shlok/motio_planning_ws/install/neo_srvs2/share/neo_srvs2/hook/cmake_prefix_path.dsv'
[0.588s] INFO:colcon.colcon_core.shell:Creating environment hook '/home/shlok/motio_planning_ws/install/neo_srvs2/share/neo_srvs2/hook/cmake_prefix_path.sh'
[0.589s] Level 1:colcon.colcon_core.environment:checking '/home/shlok/motio_planning_ws/install/neo_srvs2/lib'
[0.589s] Level 1:colcon.colcon_core.shell:create_environment_hook('neo_srvs2', 'ld_library_path_lib')
[0.589s] INFO:colcon.colcon_core.shell:Creating environment hook '/home/shlok/motio_planning_ws/install/neo_srvs2/share/neo_srvs2/hook/ld_library_path_lib.ps1'
[0.589s] INFO:colcon.colcon_core.shell:Creating environment descriptor '/home/shlok/motio_planning_ws/install/neo_srvs2/share/neo_srvs2/hook/ld_library_path_lib.dsv'
[0.589s] INFO:colcon.colcon_core.shell:Creating environment hook '/home/shlok/motio_planning_ws/install/neo_srvs2/share/neo_srvs2/hook/ld_library_path_lib.sh'
[0.589s] Level 1:colcon.colcon_core.environment:checking '/home/shlok/motio_planning_ws/install/neo_srvs2/bin'
[0.589s] Level 1:colcon.colcon_core.environment:checking '/home/shlok/motio_planning_ws/install/neo_srvs2/lib/pkgconfig/neo_srvs2.pc'
[0.590s] Level 1:colcon.colcon_core.environment:checking '/home/shlok/motio_planning_ws/install/neo_srvs2/lib/python3.10/site-packages'
[0.590s] Level 1:colcon.colcon_core.environment:checking '/home/shlok/motio_planning_ws/install/neo_srvs2/bin'
[0.590s] INFO:colcon.colcon_core.shell:Creating package script '/home/shlok/motio_planning_ws/install/neo_srvs2/share/neo_srvs2/package.ps1'
[0.590s] INFO:colcon.colcon_core.shell:Creating package descriptor '/home/shlok/motio_planning_ws/install/neo_srvs2/share/neo_srvs2/package.dsv'
[0.590s] INFO:colcon.colcon_core.shell:Creating package script '/home/shlok/motio_planning_ws/install/neo_srvs2/share/neo_srvs2/package.sh'
[0.591s] INFO:colcon.colcon_core.shell:Creating package script '/home/shlok/motio_planning_ws/install/neo_srvs2/share/neo_srvs2/package.bash'
[0.591s] INFO:colcon.colcon_core.shell:Creating package script '/home/shlok/motio_planning_ws/install/neo_srvs2/share/neo_srvs2/package.zsh'
[0.591s] Level 1:colcon.colcon_core.environment:create_file_with_runtime_dependencies(/home/shlok/motio_planning_ws/install/neo_srvs2/share/colcon-core/packages/neo_srvs2)
[0.721s] Level 1:colcon.colcon_core.environment:checking '/home/shlok/motio_planning_ws/install/neo_nav2_py_costmap2D' for CMake module files
[0.721s] DEBUG:colcon.colcon_core.event_handler.log_command:Invoked command in '/home/shlok/motio_planning_ws/neo_nav2_py_costmap2D' returned '0': PYTHONPATH=/home/shlok/motio_planning_ws/build/neo_nav2_py_costmap2D/prefix_override:/home/shlok/motio_planning_ws/install/neo_nav2_py_costmap2D/lib/python3.10/site-packages:${PYTHONPATH} /usr/bin/python3 -W ignore:setup.py install is deprecated setup.py egg_info --egg-base ../build/neo_nav2_py_costmap2D build --build-base /home/shlok/motio_planning_ws/build/neo_nav2_py_costmap2D/build install --record /home/shlok/motio_planning_ws/build/neo_nav2_py_costmap2D/install.log --single-version-externally-managed install_data
[0.721s] Level 1:colcon.colcon_core.environment:checking '/home/shlok/motio_planning_ws/install/neo_nav2_py_costmap2D' for CMake config files
[0.722s] Level 1:colcon.colcon_core.environment:checking '/home/shlok/motio_planning_ws/install/neo_nav2_py_costmap2D/lib'
[0.722s] Level 1:colcon.colcon_core.environment:checking '/home/shlok/motio_planning_ws/install/neo_nav2_py_costmap2D/bin'
[0.722s] Level 1:colcon.colcon_core.environment:checking '/home/shlok/motio_planning_ws/install/neo_nav2_py_costmap2D/lib/pkgconfig/neo_nav2_py_costmap2D.pc'
[0.722s] Level 1:colcon.colcon_core.environment:checking '/home/shlok/motio_planning_ws/install/neo_nav2_py_costmap2D/lib/python3.10/site-packages'
[0.722s] Level 1:colcon.colcon_core.shell:create_environment_hook('neo_nav2_py_costmap2D', 'pythonpath')
[0.722s] INFO:colcon.colcon_core.shell:Creating environment hook '/home/shlok/motio_planning_ws/install/neo_nav2_py_costmap2D/share/neo_nav2_py_costmap2D/hook/pythonpath.ps1'
[0.722s] INFO:colcon.colcon_core.shell:Creating environment descriptor '/home/shlok/motio_planning_ws/install/neo_nav2_py_costmap2D/share/neo_nav2_py_costmap2D/hook/pythonpath.dsv'
[0.723s] INFO:colcon.colcon_core.shell:Creating environment hook '/home/shlok/motio_planning_ws/install/neo_nav2_py_costmap2D/share/neo_nav2_py_costmap2D/hook/pythonpath.sh'
[0.723s] Level 1:colcon.colcon_core.environment:checking '/home/shlok/motio_planning_ws/install/neo_nav2_py_costmap2D/bin'
[0.723s] Level 1:colcon.colcon_core.environment:create_environment_scripts_only(neo_nav2_py_costmap2D)
[0.723s] INFO:colcon.colcon_core.shell:Creating package script '/home/shlok/motio_planning_ws/install/neo_nav2_py_costmap2D/share/neo_nav2_py_costmap2D/package.ps1'
[0.723s] INFO:colcon.colcon_core.shell:Creating package descriptor '/home/shlok/motio_planning_ws/install/neo_nav2_py_costmap2D/share/neo_nav2_py_costmap2D/package.dsv'
[0.723s] INFO:colcon.colcon_core.shell:Creating package script '/home/shlok/motio_planning_ws/install/neo_nav2_py_costmap2D/share/neo_nav2_py_costmap2D/package.sh'
[0.724s] INFO:colcon.colcon_core.shell:Creating package script '/home/shlok/motio_planning_ws/install/neo_nav2_py_costmap2D/share/neo_nav2_py_costmap2D/package.bash'
[0.724s] INFO:colcon.colcon_core.shell:Creating package script '/home/shlok/motio_planning_ws/install/neo_nav2_py_costmap2D/share/neo_nav2_py_costmap2D/package.zsh'
[0.724s] Level 1:colcon.colcon_core.environment:create_file_with_runtime_dependencies(/home/shlok/motio_planning_ws/install/neo_nav2_py_costmap2D/share/colcon-core/packages/neo_nav2_py_costmap2D)
[0.724s] Level 1:colcon.colcon_core.environment:create_environment_scripts_only(neo_srvs2)
[0.725s] Level 1:colcon.colcon_core.environment:checking '/home/shlok/motio_planning_ws/install/neo_srvs2' for CMake module files
[0.725s] Level 1:colcon.colcon_core.environment:checking '/home/shlok/motio_planning_ws/install/neo_srvs2' for CMake config files
[0.725s] Level 1:colcon.colcon_core.shell:create_environment_hook('neo_srvs2', 'cmake_prefix_path')
[0.725s] INFO:colcon.colcon_core.shell:Creating environment hook '/home/shlok/motio_planning_ws/install/neo_srvs2/share/neo_srvs2/hook/cmake_prefix_path.ps1'
[0.726s] INFO:colcon.colcon_core.shell:Creating environment descriptor '/home/shlok/motio_planning_ws/install/neo_srvs2/share/neo_srvs2/hook/cmake_prefix_path.dsv'
[0.726s] INFO:colcon.colcon_core.shell:Creating environment hook '/home/shlok/motio_planning_ws/install/neo_srvs2/share/neo_srvs2/hook/cmake_prefix_path.sh'
[0.726s] Level 1:colcon.colcon_core.environment:checking '/home/shlok/motio_planning_ws/install/neo_srvs2/lib'
[0.726s] Level 1:colcon.colcon_core.shell:create_environment_hook('neo_srvs2', 'ld_library_path_lib')
[0.726s] INFO:colcon.colcon_core.shell:Creating environment hook '/home/shlok/motio_planning_ws/install/neo_srvs2/share/neo_srvs2/hook/ld_library_path_lib.ps1'
[0.726s] INFO:colcon.colcon_core.shell:Creating environment descriptor '/home/shlok/motio_planning_ws/install/neo_srvs2/share/neo_srvs2/hook/ld_library_path_lib.dsv'
[0.726s] INFO:colcon.colcon_core.shell:Creating environment hook '/home/shlok/motio_planning_ws/install/neo_srvs2/share/neo_srvs2/hook/ld_library_path_lib.sh'
[0.727s] Level 1:colcon.colcon_core.environment:checking '/home/shlok/motio_planning_ws/install/neo_srvs2/bin'
[0.727s] Level 1:colcon.colcon_core.environment:checking '/home/shlok/motio_planning_ws/install/neo_srvs2/lib/pkgconfig/neo_srvs2.pc'
[0.727s] Level 1:colcon.colcon_core.environment:checking '/home/shlok/motio_planning_ws/install/neo_srvs2/lib/python3.10/site-packages'
[0.727s] Level 1:colcon.colcon_core.environment:checking '/home/shlok/motio_planning_ws/install/neo_srvs2/bin'
[0.727s] INFO:colcon.colcon_core.shell:Creating package script '/home/shlok/motio_planning_ws/install/neo_srvs2/share/neo_srvs2/package.ps1'
[0.727s] INFO:colcon.colcon_core.shell:Creating package descriptor '/home/shlok/motio_planning_ws/install/neo_srvs2/share/neo_srvs2/package.dsv'
[0.727s] INFO:colcon.colcon_core.shell:Creating package script '/home/shlok/motio_planning_ws/install/neo_srvs2/share/neo_srvs2/package.sh'
[0.728s] INFO:colcon.colcon_core.shell:Creating package script '/home/shlok/motio_planning_ws/install/neo_srvs2/share/neo_srvs2/package.bash'
[0.728s] INFO:colcon.colcon_core.shell:Creating package script '/home/shlok/motio_planning_ws/install/neo_srvs2/share/neo_srvs2/package.zsh'
[0.728s] Level 1:colcon.colcon_core.environment:create_file_with_runtime_dependencies(/home/shlok/motio_planning_ws/install/neo_srvs2/share/colcon-core/packages/neo_srvs2)
[0.728s] INFO:colcon.colcon_ros.task.ament_cmake.build:Building ROS package in '/home/shlok/motio_planning_ws/motion_planning_mpc' with build type 'ament_cmake'
[0.728s] INFO:colcon.colcon_cmake.task.cmake.build:Building CMake package in '/home/shlok/motio_planning_ws/motion_planning_mpc'
[0.728s] INFO:colcon.colcon_core.shell:Skip shell extension 'powershell' for command environment: Not usable outside of PowerShell
[0.728s] DEBUG:colcon.colcon_core.shell:Skip shell extension 'dsv' for command environment
[0.734s] DEBUG:colcon.colcon_core.event_handler.log_command:Invoking command in '/home/shlok/motio_planning_ws/build/neo_mpc_planner2': AMENT_PREFIX_PATH=/home/shlok/motio_planning_ws/install/neo_srvs2:${AMENT_PREFIX_PATH} CMAKE_PREFIX_PATH=/home/shlok/motio_planning_ws/install/neo_srvs2:/opt/ros/humble LD_LIBRARY_PATH=/home/shlok/motio_planning_ws/install/neo_srvs2/lib:${LD_LIBRARY_PATH} PYTHONPATH=/home/shlok/motio_planning_ws/install/neo_srvs2/local/lib/python3.10/dist-packages:${PYTHONPATH} /usr/bin/cmake --build /home/shlok/motio_planning_ws/build/neo_mpc_planner2 -- -j16 -l16
[5.193s] DEBUG:colcon.colcon_core.event_handler.log_command:Invoked command in '/home/shlok/motio_planning_ws/build/neo_mpc_planner2' returned '2': AMENT_PREFIX_PATH=/home/shlok/motio_planning_ws/install/neo_srvs2:${AMENT_PREFIX_PATH} CMAKE_PREFIX_PATH=/home/shlok/motio_planning_ws/install/neo_srvs2:/opt/ros/humble LD_LIBRARY_PATH=/home/shlok/motio_planning_ws/install/neo_srvs2/lib:${LD_LIBRARY_PATH} PYTHONPATH=/home/shlok/motio_planning_ws/install/neo_srvs2/local/lib/python3.10/dist-packages:${PYTHONPATH} /usr/bin/cmake --build /home/shlok/motio_planning_ws/build/neo_mpc_planner2 -- -j16 -l16
[5.207s] Level 1:colcon.colcon_core.environment:create_environment_scripts_only(neo_mpc_planner2)
[5.207s] Level 1:colcon.colcon_core.environment:checking '/home/shlok/motio_planning_ws/install/neo_mpc_planner2' for CMake module files
[5.208s] Level 1:colcon.colcon_core.environment:checking '/home/shlok/motio_planning_ws/install/neo_mpc_planner2' for CMake config files
[5.208s] Level 1:colcon.colcon_core.environment:checking '/home/shlok/motio_planning_ws/install/neo_mpc_planner2/bin'
[5.208s] Level 1:colcon.colcon_core.environment:checking '/home/shlok/motio_planning_ws/install/neo_mpc_planner2/lib/pkgconfig/neo_mpc_planner2.pc'
[5.208s] Level 1:colcon.colcon_core.environment:checking '/home/shlok/motio_planning_ws/install/neo_mpc_planner2/lib/python3.10/site-packages'
[5.208s] Level 1:colcon.colcon_core.environment:checking '/home/shlok/motio_planning_ws/install/neo_mpc_planner2/bin'
[5.208s] INFO:colcon.colcon_core.shell:Creating package script '/home/shlok/motio_planning_ws/install/neo_mpc_planner2/share/neo_mpc_planner2/package.ps1'
[5.208s] INFO:colcon.colcon_core.shell:Creating package descriptor '/home/shlok/motio_planning_ws/install/neo_mpc_planner2/share/neo_mpc_planner2/package.dsv'
[5.209s] INFO:colcon.colcon_core.shell:Creating package script '/home/shlok/motio_planning_ws/install/neo_mpc_planner2/share/neo_mpc_planner2/package.sh'
[5.209s] INFO:colcon.colcon_core.shell:Creating package script '/home/shlok/motio_planning_ws/install/neo_mpc_planner2/share/neo_mpc_planner2/package.bash'
[5.209s] INFO:colcon.colcon_core.shell:Creating package script '/home/shlok/motio_planning_ws/install/neo_mpc_planner2/share/neo_mpc_planner2/package.zsh'
[5.209s] Level 1:colcon.colcon_core.environment:create_file_with_runtime_dependencies(/home/shlok/motio_planning_ws/install/neo_mpc_planner2/share/colcon-core/packages/neo_mpc_planner2)
[5.220s] DEBUG:colcon.colcon_parallel_executor.executor.parallel:closing loop
[5.220s] DEBUG:colcon.colcon_parallel_executor.executor.parallel:loop closed
[5.220s] DEBUG:colcon.colcon_parallel_executor.executor.parallel:run_until_complete finished with '2'
[5.220s] DEBUG:colcon.colcon_core.event_reactor:joining thread
[5.225s] INFO:colcon.colcon_core.plugin_system:Skipping extension 'colcon_notification.desktop_notification.terminal_notifier': Not used on non-Darwin systems
[5.225s] INFO:colcon.colcon_core.plugin_system:Skipping extension 'colcon_notification.desktop_notification.win32': Not used on non-Windows systems
[5.225s] INFO:colcon.colcon_notification.desktop_notification:Sending desktop notification using 'notify2'
[5.234s] DEBUG:colcon.colcon_core.event_reactor:joined thread
[5.234s] INFO:colcon.colcon_core.shell:Creating prefix script '/home/shlok/motio_planning_ws/install/local_setup.ps1'
[5.234s] INFO:colcon.colcon_core.shell:Creating prefix util module '/home/shlok/motio_planning_ws/install/_local_setup_util_ps1.py'
[5.235s] INFO:colcon.colcon_core.shell:Creating prefix chain script '/home/shlok/motio_planning_ws/install/setup.ps1'
[5.235s] INFO:colcon.colcon_core.shell:Creating prefix script '/home/shlok/motio_planning_ws/install/local_setup.sh'
[5.236s] INFO:colcon.colcon_core.shell:Creating prefix util module '/home/shlok/motio_planning_ws/install/_local_setup_util_sh.py'
[5.236s] INFO:colcon.colcon_core.shell:Creating prefix chain script '/home/shlok/motio_planning_ws/install/setup.sh'
[5.237s] INFO:colcon.colcon_core.shell:Creating prefix script '/home/shlok/motio_planning_ws/install/local_setup.bash'
[5.237s] INFO:colcon.colcon_core.shell:Creating prefix chain script '/home/shlok/motio_planning_ws/install/setup.bash'
[5.237s] INFO:colcon.colcon_core.shell:Creating prefix script '/home/shlok/motio_planning_ws/install/local_setup.zsh'
[5.237s] INFO:colcon.colcon_core.shell:Creating prefix chain script '/home/shlok/motio_planning_ws/install/setup.zsh'
